<?xml version="1.0" encoding="UTF-8"?>
<coverage generated="1564478997302" clover="3.2.0">
  <project timestamp="1564478997302" name="All files">
    <metrics statements="2037" coveredstatements="1828" conditionals="1042" coveredconditionals="854" methods="437" coveredmethods="379" elements="3516" coveredelements="3061" complexity="0" loc="2037" ncloc="2037" packages="18" files="78" classes="78"/>
    <package name="src">
      <metrics statements="31" coveredstatements="31" conditionals="0" coveredconditionals="0" methods="0" coveredmethods="0"/>
      <file name="index.ts" path="/Users/mattperry/Sites/motion/src/index.ts">
        <metrics statements="30" coveredstatements="30" conditionals="0" coveredconditionals="0" methods="0" coveredmethods="0"/>
        <line num="1" count="5" type="stmt"/>
        <line num="2" count="5" type="stmt"/>
        <line num="3" count="5" type="stmt"/>
        <line num="4" count="5" type="stmt"/>
        <line num="9" count="5" type="stmt"/>
        <line num="10" count="5" type="stmt"/>
        <line num="11" count="5" type="stmt"/>
        <line num="12" count="5" type="stmt"/>
        <line num="13" count="5" type="stmt"/>
        <line num="14" count="5" type="stmt"/>
        <line num="15" count="5" type="stmt"/>
        <line num="16" count="5" type="stmt"/>
        <line num="17" count="5" type="stmt"/>
        <line num="19" count="5" type="stmt"/>
        <line num="20" count="5" type="stmt"/>
        <line num="21" count="5" type="stmt"/>
        <line num="27" count="5" type="stmt"/>
        <line num="28" count="5" type="stmt"/>
        <line num="29" count="5" type="stmt"/>
        <line num="31" count="5" type="stmt"/>
        <line num="32" count="5" type="stmt"/>
        <line num="33" count="5" type="stmt"/>
        <line num="34" count="5" type="stmt"/>
        <line num="35" count="5" type="stmt"/>
        <line num="37" count="5" type="stmt"/>
        <line num="49" count="5" type="stmt"/>
        <line num="55" count="5" type="stmt"/>
        <line num="71" count="5" type="stmt"/>
        <line num="73" count="5" type="stmt"/>
        <line num="74" count="5" type="stmt"/>
      </file>
      <file name="types.ts" path="/Users/mattperry/Sites/motion/src/types.ts">
        <metrics statements="1" coveredstatements="1" conditionals="0" coveredconditionals="0" methods="0" coveredmethods="0"/>
        <line num="3" count="5" type="stmt"/>
      </file>
    </package>
    <package name="src.animation">
      <metrics statements="391" coveredstatements="377" conditionals="201" coveredconditionals="182" methods="101" coveredmethods="95"/>
      <file name="AnimationControls.ts" path="/Users/mattperry/Sites/motion/src/animation/AnimationControls.ts">
        <metrics statements="43" coveredstatements="36" conditionals="6" coveredconditionals="4" methods="18" coveredmethods="13"/>
        <line num="7" count="19" type="stmt"/>
        <line num="19" count="19" type="stmt"/>
        <line num="25" count="11" type="stmt"/>
        <line num="39" count="11" type="stmt"/>
        <line num="46" count="11" type="stmt"/>
        <line num="62" count="19" type="stmt"/>
        <line num="63" count="0" type="stmt"/>
        <line num="64" count="0" type="stmt"/>
        <line num="65" count="0" type="stmt"/>
        <line num="76" count="19" type="stmt"/>
        <line num="77" count="0" type="stmt"/>
        <line num="78" count="0" type="stmt"/>
        <line num="79" count="0" type="stmt"/>
        <line num="91" count="19" type="stmt"/>
        <line num="92" count="12" type="stmt"/>
        <line num="93" count="12" type="cond" truecount="1" falsecount="1"/>
        <line num="94" count="12" type="cond" truecount="1" falsecount="1"/>
        <line num="95" count="0" type="stmt"/>
        <line num="97" count="12" type="stmt"/>
        <line num="119" count="19" type="stmt"/>
        <line num="123" count="17" type="cond" truecount="2" falsecount="0"/>
        <line num="124" count="13" type="stmt"/>
        <line num="125" count="13" type="stmt"/>
        <line num="126" count="13" type="stmt"/>
        <line num="129" count="13" type="stmt"/>
        <line num="132" count="13" type="stmt"/>
        <line num="134" count="4" type="stmt"/>
        <line num="135" count="4" type="stmt"/>
        <line num="163" count="19" type="stmt"/>
        <line num="164" count="4" type="stmt"/>
        <line num="169" count="4" type="stmt"/>
        <line num="170" count="6" type="stmt"/>
        <line num="183" count="19" type="stmt"/>
        <line num="184" count="12" type="stmt"/>
        <line num="192" count="19" type="stmt"/>
        <line num="193" count="11" type="stmt"/>
        <line num="194" count="11" type="stmt"/>
        <line num="195" count="4" type="stmt"/>
        <line num="204" count="19" type="stmt"/>
        <line num="205" count="11" type="stmt"/>
        <line num="206" count="11" type="stmt"/>
        <line num="208" count="19" type="stmt"/>
        <line num="213" count="19" type="stmt"/>
      </file>
      <file name="ValueAnimationControls.ts" path="/Users/mattperry/Sites/motion/src/animation/ValueAnimationControls.ts">
        <metrics statements="252" coveredstatements="245" conditionals="159" coveredconditionals="142" methods="57" coveredmethods="56"/>
        <line num="2" count="19" type="stmt"/>
        <line num="3" count="19" type="stmt"/>
        <line num="15" count="19" type="stmt"/>
        <line num="16" count="19" type="stmt"/>
        <line num="17" count="19" type="stmt"/>
        <line num="18" count="19" type="stmt"/>
        <line num="40" count="19" type="stmt"/>
        <line num="41" count="7" type="stmt"/>
        <line num="42" count="7" type="stmt"/>
        <line num="43" count="7" type="stmt"/>
        <line num="50" count="19" type="stmt"/>
        <line num="51" count="7" type="stmt"/>
        <line num="52" count="7" type="stmt"/>
        <line num="53" count="7" type="stmt"/>
        <line num="61" count="19" type="stmt"/>
        <line num="62" count="280" type="stmt"/>
        <line num="69" count="199" type="stmt"/>
        <line num="74" count="19" type="stmt"/>
        <line num="96" count="19" type="stmt"/>
        <line num="117" count="243" type="stmt"/>
        <line num="122" count="243" type="stmt"/>
        <line num="127" count="243" type="stmt"/>
        <line num="132" count="243" type="stmt"/>
        <line num="137" count="243" type="stmt"/>
        <line num="147" count="243" type="stmt"/>
        <line num="160" count="243" type="stmt"/>
        <line num="161" count="243" type="stmt"/>
        <line num="162" count="243" type="stmt"/>
        <line num="163" count="243" type="stmt"/>
        <line num="165" count="243" type="stmt"/>
        <line num="166" count="243" type="stmt"/>
        <line num="167" count="243" type="stmt"/>
        <line num="169" count="243" type="stmt"/>
        <line num="170" count="161" type="stmt"/>
        <line num="178" count="19" type="stmt"/>
        <line num="179" count="732" type="stmt"/>
        <line num="186" count="19" type="stmt"/>
        <line num="187" count="489" type="cond" truecount="2" falsecount="0"/>
        <line num="194" count="19" type="stmt"/>
        <line num="195" count="489" type="cond" truecount="2" falsecount="0"/>
        <line num="204" count="137" type="stmt"/>
        <line num="206" count="274" type="cond" truecount="4" falsecount="0"/>
        <line num="208" count="137" type="stmt"/>
        <line num="210" count="137" type="stmt"/>
        <line num="211" count="88" type="cond" truecount="1" falsecount="1"/>
        <line num="213" count="88" type="stmt"/>
        <line num="214" count="88" type="stmt"/>
        <line num="216" count="88" type="cond" truecount="2" falsecount="0"/>
        <line num="217" count="29" type="stmt"/>
        <line num="218" count="29" type="cond" truecount="2" falsecount="0"/>
        <line num="220" count="59" type="stmt"/>
        <line num="223" count="88" type="cond" truecount="2" falsecount="0"/>
        <line num="235" count="19" type="stmt"/>
        <line num="236" count="371" type="stmt"/>
        <line num="237" count="371" type="cond" truecount="2" falsecount="0"/>
        <line num="250" count="19" type="stmt"/>
        <line num="251" count="456" type="stmt"/>
        <line num="252" count="456" type="stmt"/>
        <line num="253" count="456" type="cond" truecount="2" falsecount="0"/>
        <line num="255" count="31" type="stmt"/>
        <line num="256" count="34" type="stmt"/>
        <line num="257" count="34" type="stmt"/>
        <line num="258" count="34" type="stmt"/>
        <line num="262" count="34" type="cond" truecount="2" falsecount="0"/>
        <line num="263" count="2" type="stmt"/>
        <line num="269" count="34" type="cond" truecount="2" falsecount="0"/>
        <line num="270" count="32" type="stmt"/>
        <line num="272" count="32" type="stmt"/>
        <line num="278" count="34" type="cond" truecount="3" falsecount="1"/>
        <line num="280" count="0" type="stmt"/>
        <line num="281" count="34" type="cond" truecount="4" falsecount="0"/>
        <line num="283" count="1" type="stmt"/>
        <line num="286" count="34" type="stmt"/>
        <line num="287" count="34" type="stmt"/>
        <line num="295" count="484" type="stmt"/>
        <line num="301" count="19" type="stmt"/>
        <line num="308" count="289" type="cond" truecount="2" falsecount="0"/>
        <line num="309" count="9" type="stmt"/>
        <line num="316" count="280" type="cond" truecount="2" falsecount="0"/>
        <line num="318" count="7" type="stmt"/>
        <line num="326" count="560" type="cond" truecount="2" falsecount="0"/>
        <line num="327" count="280" type="stmt"/>
        <line num="328" count="280" type="stmt"/>
        <line num="331" count="280" type="stmt"/>
        <line num="337" count="19" type="stmt"/>
        <line num="338" count="250" type="cond" truecount="2" falsecount="0"/>
        <line num="339" count="30" type="stmt"/>
        <line num="351" count="19" type="stmt"/>
        <line num="352" count="34" type="stmt"/>
        <line num="354" count="34" type="cond" truecount="2" falsecount="0"/>
        <line num="355" count="2" type="stmt"/>
        <line num="356" count="0" type="stmt"/>
        <line num="365" count="19" type="stmt"/>
        <line num="366" count="21" type="stmt"/>
        <line num="368" count="21" type="cond" truecount="1" falsecount="1"/>
        <line num="369" count="21" type="stmt"/>
        <line num="378" count="19" type="stmt"/>
        <line num="379" count="13" type="cond" truecount="2" falsecount="0"/>
        <line num="380" count="1" type="stmt"/>
        <line num="383" count="13" type="stmt"/>
        <line num="384" count="13" type="cond" truecount="1" falsecount="1"/>
        <line num="386" count="13" type="stmt"/>
        <line num="387" count="13" type="stmt"/>
        <line num="388" count="13" type="stmt"/>
        <line num="390" count="13" type="cond" truecount="2" falsecount="0"/>
        <line num="391" count="4" type="stmt"/>
        <line num="392" count="4" type="cond" truecount="2" falsecount="0"/>
        <line num="396" count="13" type="stmt"/>
        <line num="397" count="13" type="cond" truecount="2" falsecount="0"/>
        <line num="399" count="12" type="stmt"/>
        <line num="401" count="12" type="stmt"/>
        <line num="402" count="13" type="cond" truecount="1" falsecount="1"/>
        <line num="403" count="13" type="stmt"/>
        <line num="407" count="12" type="stmt"/>
        <line num="408" count="12" type="stmt"/>
        <line num="414" count="19" type="stmt"/>
        <line num="415" count="73" type="cond" truecount="1" falsecount="1"/>
        <line num="416" count="0" type="stmt"/>
        <line num="417" count="73" type="cond" truecount="2" falsecount="0"/>
        <line num="418" count="43" type="stmt"/>
        <line num="420" count="30" type="stmt"/>
        <line num="427" count="45" type="stmt"/>
        <line num="428" count="45" type="stmt"/>
        <line num="429" count="45" type="stmt"/>
        <line num="431" count="45" type="stmt"/>
        <line num="432" count="45" type="stmt"/>
        <line num="436" count="45" type="cond" truecount="2" falsecount="0"/>
        <line num="437" count="1" type="stmt"/>
        <line num="440" count="45" type="cond" truecount="2" falsecount="0"/>
        <line num="441" count="36" type="stmt"/>
        <line num="444" count="45" type="cond" truecount="4" falsecount="0"/>
        <line num="445" count="2" type="stmt"/>
        <line num="446" count="2" type="stmt"/>
        <line num="452" count="364" type="cond" truecount="2" falsecount="0"/>
        <line num="453" count="199" type="cond" truecount="2" falsecount="0"/>
        <line num="454" count="21" type="stmt"/>
        <line num="457" count="199" type="stmt"/>
        <line num="461" count="199" type="cond" truecount="2" falsecount="0"/>
        <line num="462" count="24" type="stmt"/>
        <line num="463" count="175" type="cond" truecount="2" falsecount="0"/>
        <line num="464" count="13" type="stmt"/>
        <line num="466" count="162" type="stmt"/>
        <line num="469" count="199" type="stmt"/>
        <line num="470" count="199" type="stmt"/>
        <line num="473" count="228" type="stmt"/>
        <line num="475" count="456" type="cond" truecount="6" falsecount="0"/>
        <line num="477" count="228" type="stmt"/>
        <line num="481" count="228" type="cond" truecount="2" falsecount="0"/>
        <line num="482" count="2" type="stmt"/>
        <line num="485" count="228" type="cond" truecount="1" falsecount="1"/>
        <line num="487" count="228" type="stmt"/>
        <line num="488" count="228" type="cond" truecount="2" falsecount="0"/>
        <line num="489" count="6" type="stmt"/>
        <line num="492" count="228" type="stmt"/>
        <line num="494" count="228" type="cond" truecount="2" falsecount="0"/>
        <line num="495" count="227" type="stmt"/>
        <line num="499" count="227" type="stmt"/>
        <line num="500" count="227" type="stmt"/>
        <line num="503" count="228" type="cond" truecount="2" falsecount="0"/>
        <line num="504" count="22" type="stmt"/>
        <line num="507" count="228" type="stmt"/>
        <line num="509" count="228" type="stmt"/>
        <line num="511" count="242" type="stmt"/>
        <line num="514" count="242" type="cond" truecount="4" falsecount="1"/>
        <line num="516" count="242" type="stmt"/>
        <line num="518" count="242" type="cond" truecount="2" falsecount="0"/>
        <line num="519" count="218" type="stmt"/>
        <line num="524" count="242" type="cond" truecount="2" falsecount="0"/>
        <line num="526" count="236" type="stmt"/>
        <line num="533" count="236" type="stmt"/>
        <line num="535" count="236" type="stmt"/>
        <line num="540" count="228" type="stmt"/>
        <line num="541" count="131" type="cond" truecount="2" falsecount="0"/>
        <line num="542" count="70" type="stmt"/>
        <line num="546" count="24" type="stmt"/>
        <line num="550" count="24" type="stmt"/>
        <line num="552" count="26" type="stmt"/>
        <line num="553" count="24" type="stmt"/>
        <line num="556" count="63" type="stmt"/>
        <line num="557" count="63" type="stmt"/>
        <line num="558" count="63" type="stmt"/>
        <line num="559" count="63" type="stmt"/>
        <line num="560" count="63" type="stmt"/>
        <line num="561" count="63" type="cond" truecount="3" falsecount="0"/>
        <line num="562" count="63" type="stmt"/>
        <line num="564" count="63" type="stmt"/>
        <line num="565" count="54" type="cond" truecount="2" falsecount="0"/>
        <line num="566" count="9" type="stmt"/>
        <line num="568" count="63" type="stmt"/>
        <line num="570" count="20" type="stmt"/>
        <line num="578" count="43" type="stmt"/>
        <line num="580" count="63" type="cond" truecount="4" falsecount="0"/>
        <line num="581" count="16" type="stmt"/>
        <line num="582" count="16" type="cond" truecount="2" falsecount="0"/>
        <line num="583" count="7" type="cond" truecount="2" falsecount="0"/>
        <line num="584" count="7" type="cond" truecount="2" falsecount="0"/>
        <line num="585" count="7" type="cond" truecount="2" falsecount="0"/>
        <line num="586" count="7" type="stmt"/>
        <line num="591" count="63" type="cond" truecount="1" falsecount="1"/>
        <line num="592" count="0" type="stmt"/>
        <line num="596" count="0" type="stmt"/>
        <line num="598" count="63" type="stmt"/>
        <line num="602" count="19" type="stmt"/>
        <line num="604" count="20" type="cond" truecount="1" falsecount="1"/>
        <line num="605" count="20" type="cond" truecount="1" falsecount="1"/>
        <line num="606" count="20" type="cond" truecount="1" falsecount="1"/>
        <line num="607" count="20" type="cond" truecount="1" falsecount="1"/>
        <line num="609" count="20" type="cond" truecount="1" falsecount="1"/>
        <line num="610" count="0" type="stmt"/>
        <line num="613" count="20" type="stmt"/>
        <line num="614" count="20" type="stmt"/>
        <line num="616" count="20" type="stmt"/>
        <line num="617" count="20" type="cond" truecount="2" falsecount="0"/>
        <line num="618" count="4" type="stmt"/>
        <line num="620" count="20" type="stmt"/>
        <line num="621" count="24" type="stmt"/>
        <line num="625" count="24" type="stmt"/>
        <line num="628" count="20" type="stmt"/>
        <line num="631" count="19" type="stmt"/>
        <line num="632" count="211" type="stmt"/>
        <line num="633" count="211" type="cond" truecount="2" falsecount="0"/>
        <line num="636" count="19" type="stmt"/>
        <line num="637" count="120" type="stmt"/>
        <line num="638" count="120" type="cond" truecount="2" falsecount="0"/>
        <line num="641" count="19" type="stmt"/>
        <line num="642" count="6" type="stmt"/>
        <line num="643" count="6" type="stmt"/>
        <line num="644" count="11" type="stmt"/>
        <line num="646" count="11" type="cond" truecount="1" falsecount="1"/>
        <line num="647" count="11" type="stmt"/>
        <line num="648" count="11" type="stmt"/>
        <line num="654" count="428" type="cond" truecount="2" falsecount="0"/>
        <line num="655" count="237" type="stmt"/>
        <line num="659" count="237" type="cond" truecount="2" falsecount="0"/>
        <line num="660" count="6" type="stmt"/>
        <line num="663" count="237" type="cond" truecount="2" falsecount="0"/>
        <line num="664" count="25" type="stmt"/>
        <line num="668" count="19" type="stmt"/>
        <line num="669" count="12" type="stmt"/>
        <line num="676" count="19" type="stmt"/>
        <line num="677" count="51" type="cond" truecount="2" falsecount="0"/>
        <line num="678" count="22" type="stmt"/>
        <line num="680" count="51" type="stmt"/>
        <line num="684" count="51" type="stmt"/>
        <line num="685" count="4" type="cond" truecount="2" falsecount="0"/>
        <line num="689" count="19" type="stmt"/>
        <line num="690" count="33" type="cond" truecount="1" falsecount="1"/>
        <line num="691" count="0" type="stmt"/>
        <line num="693" count="33" type="stmt"/>
        <line num="696" count="19" type="stmt"/>
        <line num="697" count="489" type="cond" truecount="2" falsecount="0"/>
        <line num="699" count="19" type="stmt"/>
      </file>
      <file name="use-animate-prop.ts" path="/Users/mattperry/Sites/motion/src/animation/use-animate-prop.ts">
        <metrics statements="26" coveredstatements="26" conditionals="20" coveredconditionals="20" methods="4" coveredmethods="4"/>
        <line num="1" count="18" type="stmt"/>
        <line num="5" count="18" type="stmt"/>
        <line num="7" count="18" type="stmt"/>
        <line num="11" count="114" type="stmt"/>
        <line num="20" count="156" type="stmt"/>
        <line num="21" count="156" type="stmt"/>
        <line num="22" count="156" type="stmt"/>
        <line num="24" count="156" type="stmt"/>
        <line num="48" count="18" type="stmt"/>
        <line num="54" count="120" type="stmt"/>
        <line num="55" count="120" type="stmt"/>
        <line num="57" count="120" type="cond" truecount="2" falsecount="0"/>
        <line num="58" count="49" type="stmt"/>
        <line num="61" count="120" type="stmt"/>
        <line num="63" count="107" type="stmt"/>
        <line num="64" count="107" type="stmt"/>
        <line num="67" count="107" type="stmt"/>
        <line num="71" count="111" type="cond" truecount="3" falsecount="0"/>
        <line num="76" count="111" type="stmt"/>
        <line num="77" count="111" type="stmt"/>
        <line num="81" count="111" type="cond" truecount="5" falsecount="0"/>
        <line num="82" count="61" type="stmt"/>
        <line num="86" count="107" type="stmt"/>
        <line num="87" count="107" type="stmt"/>
        <line num="92" count="107" type="cond" truecount="2" falsecount="0"/>
        <line num="93" count="58" type="stmt"/>
      </file>
      <file name="use-animated-state.ts" path="/Users/mattperry/Sites/motion/src/animation/use-animated-state.ts">
        <metrics statements="17" coveredstatements="17" conditionals="0" coveredconditionals="0" methods="7" coveredmethods="7"/>
        <line num="1" count="6" type="stmt"/>
        <line num="2" count="6" type="stmt"/>
        <line num="3" count="6" type="stmt"/>
        <line num="5" count="6" type="stmt"/>
        <line num="42" count="6" type="stmt"/>
        <line num="43" count="5" type="stmt"/>
        <line num="44" count="5" type="stmt"/>
        <line num="45" count="5" type="stmt"/>
        <line num="46" count="5" type="stmt"/>
        <line num="49" count="1" type="stmt"/>
        <line num="55" count="5" type="stmt"/>
        <line num="56" count="1" type="stmt"/>
        <line num="57" count="1" type="stmt"/>
        <line num="61" count="5" type="stmt"/>
        <line num="62" count="1" type="stmt"/>
        <line num="63" count="1" type="stmt"/>
        <line num="66" count="5" type="stmt"/>
      </file>
      <file name="use-animation-group-subscription.ts" path="/Users/mattperry/Sites/motion/src/animation/use-animation-group-subscription.ts">
        <metrics statements="6" coveredstatements="6" conditionals="2" coveredconditionals="2" methods="4" coveredmethods="4"/>
        <line num="1" count="18" type="stmt"/>
        <line num="14" count="18" type="stmt"/>
        <line num="18" count="24" type="stmt"/>
        <line num="21" count="24" type="stmt"/>
        <line num="22" count="12" type="stmt"/>
        <line num="23" count="12" type="cond" truecount="2" falsecount="0"/>
      </file>
      <file name="use-animation.ts" path="/Users/mattperry/Sites/motion/src/animation/use-animation.ts">
        <metrics statements="9" coveredstatements="9" conditionals="0" coveredconditionals="0" methods="4" coveredmethods="4"/>
        <line num="1" count="6" type="stmt"/>
        <line num="2" count="6" type="stmt"/>
        <line num="3" count="6" type="stmt"/>
        <line num="54" count="6" type="stmt"/>
        <line num="55" count="22" type="stmt"/>
        <line num="57" count="22" type="stmt"/>
        <line num="58" count="11" type="stmt"/>
        <line num="59" count="11" type="stmt"/>
        <line num="62" count="22" type="stmt"/>
      </file>
      <file name="use-value-animation-controls.ts" path="/Users/mattperry/Sites/motion/src/animation/use-value-animation-controls.ts">
        <metrics statements="20" coveredstatements="20" conditionals="6" coveredconditionals="6" methods="4" coveredmethods="4"/>
        <line num="1" count="19" type="stmt"/>
        <line num="5" count="19" type="stmt"/>
        <line num="7" count="19" type="stmt"/>
        <line num="8" count="19" type="stmt"/>
        <line num="22" count="19" type="stmt"/>
        <line num="27" count="489" type="stmt"/>
        <line num="28" count="489" type="stmt"/>
        <line num="29" count="489" type="stmt"/>
        <line num="32" count="489" type="stmt"/>
        <line num="33" count="489" type="stmt"/>
        <line num="34" count="489" type="stmt"/>
        <line num="35" count="489" type="stmt"/>
        <line num="37" count="489" type="cond" truecount="4" falsecount="0"/>
        <line num="38" count="51" type="stmt"/>
        <line num="41" count="489" type="stmt"/>
        <line num="42" count="243" type="stmt"/>
        <line num="46" count="243" type="stmt"/>
        <line num="47" count="243" type="stmt"/>
        <line num="49" count="243" type="cond" truecount="2" falsecount="0"/>
        <line num="54" count="489" type="stmt"/>
      </file>
      <file name="use-variants.ts" path="/Users/mattperry/Sites/motion/src/animation/use-variants.ts">
        <metrics statements="18" coveredstatements="18" conditionals="8" coveredconditionals="8" methods="3" coveredmethods="3"/>
        <line num="1" count="18" type="stmt"/>
        <line num="4" count="18" type="stmt"/>
        <line num="8" count="18" type="stmt"/>
        <line num="10" count="18" type="stmt"/>
        <line num="11" count="18" type="stmt"/>
        <line num="24" count="18" type="stmt"/>
        <line num="30" count="108" type="stmt"/>
        <line num="31" count="108" type="stmt"/>
        <line num="33" count="108" type="cond" truecount="2" falsecount="0"/>
        <line num="34" count="108" type="stmt"/>
        <line num="36" count="108" type="stmt"/>
        <line num="37" count="60" type="stmt"/>
        <line num="39" count="60" type="cond" truecount="2" falsecount="0"/>
        <line num="43" count="38" type="stmt"/>
        <line num="44" count="38" type="stmt"/>
        <line num="46" count="22" type="stmt"/>
        <line num="51" count="60" type="cond" truecount="2" falsecount="0"/>
        <line num="53" count="60" type="stmt"/>
      </file>
    </package>
    <package name="src.animation.utils">
      <metrics statements="123" coveredstatements="115" conditionals="78" coveredconditionals="67" methods="26" coveredmethods="25"/>
      <file name="default-transitions.ts" path="/Users/mattperry/Sites/motion/src/animation/utils/default-transitions.ts">
        <metrics statements="11" coveredstatements="10" conditionals="6" coveredconditionals="4" methods="5" coveredmethods="4"/>
        <line num="8" count="19" type="stmt"/>
        <line num="10" count="19" type="stmt"/>
        <line num="18" count="19" type="stmt"/>
        <line num="24" count="19" type="stmt"/>
        <line num="29" count="19" type="stmt"/>
        <line num="37" count="19" type="stmt"/>
        <line num="54" count="19" type="stmt"/>
        <line num="60" count="33" type="cond" truecount="1" falsecount="1"/>
        <line num="61" count="0" type="stmt"/>
        <line num="63" count="33" type="stmt"/>
        <line num="67" count="33" type="stmt"/>
      </file>
      <file name="easing.ts" path="/Users/mattperry/Sites/motion/src/animation/utils/easing.ts">
        <metrics statements="14" coveredstatements="11" conditionals="6" coveredconditionals="5" methods="2" coveredmethods="2"/>
        <line num="1" count="19" type="stmt"/>
        <line num="2" count="19" type="stmt"/>
        <line num="3" count="19" type="stmt"/>
        <line num="6" count="19" type="stmt"/>
        <line num="7" count="21" type="cond" truecount="1" falsecount="1"/>
        <line num="9" count="0" type="stmt"/>
        <line num="14" count="0" type="stmt"/>
        <line num="15" count="0" type="stmt"/>
        <line num="16" count="21" type="cond" truecount="2" falsecount="0"/>
        <line num="18" count="18" type="stmt"/>
        <line num="22" count="18" type="stmt"/>
        <line num="25" count="3" type="stmt"/>
        <line num="28" count="19" type="stmt"/>
        <line num="29" count="20" type="cond" truecount="2" falsecount="0"/>
      </file>
      <file name="is-animatable.ts" path="/Users/mattperry/Sites/motion/src/animation/utils/is-animatable.ts">
        <metrics statements="7" coveredstatements="7" conditionals="11" coveredconditionals="11" methods="1" coveredmethods="1"/>
        <line num="2" count="19" type="stmt"/>
        <line num="13" count="19" type="stmt"/>
        <line num="15" count="460" type="cond" truecount="2" falsecount="0"/>
        <line num="20" count="458" type="cond" truecount="4" falsecount="0"/>
        <line num="22" count="30" type="cond" truecount="2" falsecount="0"/>
        <line num="27" count="25" type="stmt"/>
        <line num="30" count="5" type="stmt"/>
      </file>
      <file name="is-duration-animation.ts" path="/Users/mattperry/Sites/motion/src/animation/utils/is-duration-animation.ts">
        <metrics statements="2" coveredstatements="2" conditionals="2" coveredconditionals="2" methods="1" coveredmethods="1"/>
        <line num="3" count="19" type="stmt"/>
        <line num="6" count="230" type="cond" truecount="2" falsecount="0"/>
      </file>
      <file name="is-keyframes-target.ts" path="/Users/mattperry/Sites/motion/src/animation/utils/is-keyframes-target.ts">
        <metrics statements="2" coveredstatements="2" conditionals="0" coveredconditionals="0" methods="1" coveredmethods="1"/>
        <line num="3" count="20" type="stmt"/>
        <line num="4" count="684" type="stmt"/>
      </file>
      <file name="just.ts" path="/Users/mattperry/Sites/motion/src/animation/utils/just.ts">
        <metrics statements="5" coveredstatements="5" conditionals="0" coveredconditionals="0" methods="2" coveredmethods="2"/>
        <line num="1" count="19" type="stmt"/>
        <line num="8" count="74" type="stmt"/>
        <line num="9" count="74" type="stmt"/>
        <line num="10" count="74" type="stmt"/>
        <line num="11" count="74" type="stmt"/>
      </file>
      <file name="transitions.ts" path="/Users/mattperry/Sites/motion/src/animation/utils/transitions.ts">
        <metrics statements="71" coveredstatements="68" conditionals="47" coveredconditionals="41" methods="11" coveredmethods="11"/>
        <line num="1" count="19" type="stmt"/>
        <line num="20" count="19" type="stmt"/>
        <line num="21" count="19" type="stmt"/>
        <line num="22" count="19" type="stmt"/>
        <line num="23" count="19" type="stmt"/>
        <line num="24" count="19" type="stmt"/>
        <line num="25" count="19" type="stmt"/>
        <line num="26" count="19" type="stmt"/>
        <line num="27" count="19" type="stmt"/>
        <line num="28" count="19" type="stmt"/>
        <line num="30" count="19" type="stmt"/>
        <line num="32" count="19" type="stmt"/>
        <line num="34" count="54" type="cond" truecount="2" falsecount="0"/>
        <line num="35" count="16" type="cond" truecount="2" falsecount="0"/>
        <line num="36" count="16" type="stmt"/>
        <line num="39" count="54" type="stmt"/>
        <line num="41" count="4" type="stmt"/>
        <line num="42" count="4" type="cond" truecount="3" falsecount="1"/>
        <line num="43" count="0" type="stmt"/>
        <line num="44" count="0" type="stmt"/>
        <line num="45" count="0" type="stmt"/>
        <line num="48" count="4" type="cond" truecount="1" falsecount="1"/>
        <line num="49" count="4" type="stmt"/>
        <line num="53" count="4" type="stmt"/>
        <line num="55" count="4" type="stmt"/>
        <line num="59" count="19" type="stmt"/>
        <line num="60" count="230" type="stmt"/>
        <line num="61" count="230" type="stmt"/>
        <line num="62" count="230" type="stmt"/>
        <line num="63" count="230" type="stmt"/>
        <line num="64" count="230" type="stmt"/>
        <line num="65" count="230" type="stmt"/>
        <line num="67" count="230" type="stmt"/>
        <line num="70" count="19" type="stmt"/>
        <line num="75" count="230" type="cond" truecount="1" falsecount="1"/>
        <line num="80" count="230" type="cond" truecount="2" falsecount="0"/>
        <line num="84" count="33" type="stmt"/>
        <line num="91" count="197" type="cond" truecount="3" falsecount="0"/>
        <line num="95" count="197" type="cond" truecount="2" falsecount="0"/>
        <line num="96" count="70" type="stmt"/>
        <line num="103" count="127" type="cond" truecount="2" falsecount="0"/>
        <line num="104" count="4" type="stmt"/>
        <line num="114" count="123" type="stmt"/>
        <line num="123" count="19" type="stmt"/>
        <line num="127" count="230" type="stmt"/>
        <line num="132" count="19" type="stmt"/>
        <line num="138" count="230" type="stmt"/>
        <line num="139" count="230" type="stmt"/>
        <line num="140" count="230" type="stmt"/>
        <line num="144" count="230" type="stmt"/>
        <line num="150" count="460" type="cond" truecount="2" falsecount="0"/>
        <line num="158" count="230" type="cond" truecount="2" falsecount="0"/>
        <line num="162" count="230" type="stmt"/>
        <line num="169" count="230" type="cond" truecount="2" falsecount="0"/>
        <line num="170" count="56" type="cond" truecount="2" falsecount="0"/>
        <line num="171" count="55" type="stmt"/>
        <line num="173" count="56" type="cond" truecount="2" falsecount="0"/>
        <line num="174" count="1" type="stmt"/>
        <line num="178" count="230" type="stmt"/>
        <line num="186" count="19" type="stmt"/>
        <line num="190" count="472" type="cond" truecount="1" falsecount="1"/>
        <line num="192" count="236" type="stmt"/>
        <line num="195" count="236" type="stmt"/>
        <line num="196" count="230" type="stmt"/>
        <line num="199" count="230" type="stmt"/>
        <line num="200" count="2684" type="stmt"/>
        <line num="207" count="236" type="cond" truecount="2" falsecount="0"/>
        <line num="208" count="9" type="stmt"/>
        <line num="212" count="227" type="stmt"/>
        <line num="215" count="236" type="stmt"/>
        <line num="216" count="42" type="cond" truecount="1" falsecount="1"/>
      </file>
      <file name="variant-resolvers.ts" path="/Users/mattperry/Sites/motion/src/animation/utils/variant-resolvers.ts">
        <metrics statements="11" coveredstatements="10" conditionals="6" coveredconditionals="4" methods="3" coveredmethods="3"/>
        <line num="1" count="18" type="stmt"/>
        <line num="7" count="18" type="stmt"/>
        <line num="8" count="164" type="cond" truecount="2" falsecount="0"/>
        <line num="9" count="96" type="stmt"/>
        <line num="11" count="68" type="cond" truecount="1" falsecount="1"/>
        <line num="12" count="0" type="stmt"/>
        <line num="14" count="68" type="stmt"/>
        <line num="17" count="18" type="stmt"/>
        <line num="21" count="164" type="cond" truecount="1" falsecount="1"/>
        <line num="23" count="164" type="stmt"/>
        <line num="31" count="108" type="stmt"/>
      </file>
    </package>
    <package name="src.behaviours">
      <metrics statements="215" coveredstatements="182" conditionals="163" coveredconditionals="131" methods="33" coveredmethods="29"/>
      <file name="index.ts" path="/Users/mattperry/Sites/motion/src/behaviours/index.ts">
        <metrics statements="1" coveredstatements="1" conditionals="0" coveredconditionals="0" methods="0" coveredmethods="0"/>
        <line num="1" count="18" type="stmt"/>
      </file>
      <file name="use-draggable.ts" path="/Users/mattperry/Sites/motion/src/behaviours/use-draggable.ts">
        <metrics statements="214" coveredstatements="181" conditionals="163" coveredconditionals="131" methods="33" coveredmethods="29"/>
        <line num="1" count="18" type="stmt"/>
        <line num="2" count="18" type="stmt"/>
        <line num="3" count="18" type="stmt"/>
        <line num="5" count="18" type="stmt"/>
        <line num="6" count="18" type="stmt"/>
        <line num="7" count="18" type="stmt"/>
        <line num="10" count="18" type="stmt"/>
        <line num="14" count="18" type="stmt"/>
        <line num="15" count="18" type="stmt"/>
        <line num="16" count="18" type="stmt"/>
        <line num="17" count="18" type="stmt"/>
        <line num="21" count="18" type="stmt"/>
        <line num="429" count="18" type="stmt"/>
        <line num="431" count="18" type="stmt"/>
        <line num="435" count="0" type="stmt"/>
        <line num="437" count="0" type="stmt"/>
        <line num="441" count="0" type="stmt"/>
        <line num="445" count="0" type="stmt"/>
        <line num="448" count="18" type="stmt"/>
        <line num="449" count="0" type="cond" truecount="0" falsecount="2"/>
        <line num="457" count="18" type="stmt"/>
        <line num="463" count="0" type="stmt"/>
        <line num="468" count="0" type="stmt"/>
        <line num="469" count="0" type="stmt"/>
        <line num="475" count="0" type="stmt"/>
        <line num="480" count="0" type="stmt"/>
        <line num="484" count="0" type="stmt"/>
        <line num="485" count="0" type="stmt"/>
        <line num="487" count="0" type="stmt"/>
        <line num="490" count="18" type="stmt"/>
        <line num="491" count="130" type="cond" truecount="4" falsecount="0"/>
        <line num="492" count="92" type="stmt"/>
        <line num="494" count="38" type="stmt"/>
        <line num="495" count="38" type="stmt"/>
        <line num="504" count="404" type="stmt"/>
        <line num="510" count="18" type="stmt"/>
        <line num="512" count="100" type="stmt"/>
        <line num="514" count="100" type="cond" truecount="2" falsecount="0"/>
        <line num="515" count="54" type="stmt"/>
        <line num="517" count="46" type="stmt"/>
        <line num="527" count="166" type="cond" truecount="2" falsecount="0"/>
        <line num="528" count="166" type="cond" truecount="2" falsecount="0"/>
        <line num="529" count="92" type="stmt"/>
        <line num="531" count="74" type="stmt"/>
        <line num="533" count="74" type="cond" truecount="4" falsecount="0"/>
        <line num="534" count="10" type="stmt"/>
        <line num="537" count="64" type="cond" truecount="4" falsecount="0"/>
        <line num="538" count="12" type="stmt"/>
        <line num="542" count="74" type="cond" truecount="2" falsecount="0"/>
        <line num="543" count="48" type="stmt"/>
        <line num="545" count="74" type="stmt"/>
        <line num="548" count="18" type="stmt"/>
        <line num="553" count="4" type="cond" truecount="1" falsecount="1"/>
        <line num="554" count="4" type="stmt"/>
        <line num="562" count="272" type="stmt"/>
        <line num="583" count="18" type="stmt"/>
        <line num="585" count="260" type="cond" truecount="1" falsecount="1"/>
        <line num="586" count="260" type="cond" truecount="2" falsecount="0"/>
        <line num="587" count="260" type="cond" truecount="2" falsecount="0"/>
        <line num="588" count="260" type="cond" truecount="2" falsecount="0"/>
        <line num="589" count="260" type="cond" truecount="2" falsecount="0"/>
        <line num="590" count="260" type="cond" truecount="2" falsecount="0"/>
        <line num="591" count="130" type="stmt"/>
        <line num="592" count="130" type="stmt"/>
        <line num="593" count="130" type="stmt"/>
        <line num="594" count="130" type="stmt"/>
        <line num="600" count="130" type="stmt"/>
        <line num="601" count="130" type="stmt"/>
        <line num="604" count="130" type="stmt"/>
        <line num="605" count="130" type="stmt"/>
        <line num="606" count="130" type="stmt"/>
        <line num="613" count="130" type="stmt"/>
        <line num="615" count="130" type="stmt"/>
        <line num="622" count="130" type="stmt"/>
        <line num="623" count="130" type="stmt"/>
        <line num="627" count="130" type="stmt"/>
        <line num="628" count="130" type="stmt"/>
        <line num="632" count="130" type="stmt"/>
        <line num="639" count="130" type="stmt"/>
        <line num="640" count="4" type="cond" truecount="1" falsecount="1"/>
        <line num="642" count="0" type="stmt"/>
        <line num="646" count="0" type="stmt"/>
        <line num="649" count="0" type="stmt"/>
        <line num="653" count="0" type="stmt"/>
        <line num="654" count="0" type="cond" truecount="0" falsecount="2"/>
        <line num="657" count="0" type="cond" truecount="0" falsecount="2"/>
        <line num="658" count="0" type="stmt"/>
        <line num="659" count="0" type="stmt"/>
        <line num="660" count="0" type="stmt"/>
        <line num="665" count="0" type="stmt"/>
        <line num="670" count="0" type="stmt"/>
        <line num="673" count="0" type="stmt"/>
        <line num="674" count="0" type="stmt"/>
        <line num="677" count="130" type="stmt"/>
        <line num="681" count="130" type="stmt"/>
        <line num="682" count="4" type="cond" truecount="1" falsecount="1"/>
        <line num="683" count="4" type="stmt"/>
        <line num="684" count="4" type="cond" truecount="4" falsecount="0"/>
        <line num="685" count="4" type="cond" truecount="4" falsecount="0"/>
        <line num="688" count="4" type="cond" truecount="1" falsecount="1"/>
        <line num="689" count="4" type="cond" truecount="2" falsecount="0"/>
        <line num="692" count="130" type="stmt"/>
        <line num="693" count="26" type="stmt"/>
        <line num="694" count="52" type="stmt"/>
        <line num="695" count="52" type="cond" truecount="2" falsecount="0"/>
        <line num="701" count="130" type="stmt"/>
        <line num="702" count="62" type="cond" truecount="1" falsecount="1"/>
        <line num="703" count="0" type="stmt"/>
        <line num="710" count="0" type="stmt"/>
        <line num="711" count="0" type="stmt"/>
        <line num="715" count="130" type="stmt"/>
        <line num="717" count="72" type="cond" truecount="1" falsecount="1"/>
        <line num="720" count="72" type="stmt"/>
        <line num="723" count="72" type="stmt"/>
        <line num="727" count="72" type="stmt"/>
        <line num="733" count="72" type="stmt"/>
        <line num="734" count="144" type="cond" truecount="2" falsecount="0"/>
        <line num="735" count="116" type="stmt"/>
        <line num="736" count="116" type="stmt"/>
        <line num="740" count="72" type="cond" truecount="2" falsecount="0"/>
        <line num="745" count="26" type="stmt"/>
        <line num="749" count="72" type="stmt"/>
        <line num="758" count="72" type="stmt"/>
        <line num="762" count="154" type="stmt"/>
        <line num="765" count="154" type="cond" truecount="4" falsecount="0"/>
        <line num="766" count="36" type="stmt"/>
        <line num="769" count="118" type="stmt"/>
        <line num="771" count="118" type="stmt"/>
        <line num="773" count="118" type="stmt"/>
        <line num="780" count="118" type="stmt"/>
        <line num="783" count="72" type="stmt"/>
        <line num="787" count="62" type="cond" truecount="1" falsecount="1"/>
        <line num="793" count="62" type="stmt"/>
        <line num="795" count="62" type="cond" truecount="1" falsecount="1"/>
        <line num="796" count="62" type="stmt"/>
        <line num="806" count="62" type="stmt"/>
        <line num="810" count="62" type="stmt"/>
        <line num="811" count="124" type="stmt"/>
        <line num="812" count="124" type="cond" truecount="2" falsecount="0"/>
        <line num="816" count="72" type="stmt"/>
        <line num="820" count="59" type="stmt"/>
        <line num="821" count="59" type="stmt"/>
        <line num="824" count="59" type="cond" truecount="1" falsecount="1"/>
        <line num="825" count="0" type="stmt"/>
        <line num="832" count="0" type="stmt"/>
        <line num="836" count="59" type="stmt"/>
        <line num="837" count="118" type="stmt"/>
        <line num="838" count="118" type="cond" truecount="2" falsecount="0"/>
        <line num="840" count="92" type="stmt"/>
        <line num="841" count="92" type="stmt"/>
        <line num="845" count="59" type="cond" truecount="2" falsecount="0"/>
        <line num="846" count="57" type="cond" truecount="1" falsecount="1"/>
        <line num="847" count="57" type="stmt"/>
        <line num="849" count="57" type="cond" truecount="2" falsecount="0"/>
        <line num="850" count="4" type="stmt"/>
        <line num="854" count="55" type="stmt"/>
        <line num="857" count="55" type="stmt"/>
        <line num="858" count="55" type="cond" truecount="2" falsecount="0"/>
        <line num="861" count="72" type="stmt"/>
        <line num="866" count="91" type="cond" truecount="4" falsecount="0"/>
        <line num="867" count="8" type="stmt"/>
        <line num="870" count="83" type="stmt"/>
        <line num="873" count="83" type="cond" truecount="4" falsecount="0"/>
        <line num="874" count="6" type="stmt"/>
        <line num="877" count="6" type="cond" truecount="1" falsecount="1"/>
        <line num="878" count="6" type="stmt"/>
        <line num="879" count="6" type="cond" truecount="1" falsecount="1"/>
        <line num="882" count="6" type="stmt"/>
        <line num="885" count="77" type="stmt"/>
        <line num="886" count="77" type="stmt"/>
        <line num="888" count="77" type="stmt"/>
        <line num="889" count="77" type="cond" truecount="2" falsecount="0"/>
        <line num="892" count="72" type="stmt"/>
        <line num="893" count="60" type="stmt"/>
        <line num="894" count="60" type="stmt"/>
        <line num="896" count="60" type="cond" truecount="4" falsecount="0"/>
        <line num="897" count="53" type="stmt"/>
        <line num="898" count="53" type="stmt"/>
        <line num="902" count="72" type="stmt"/>
        <line num="903" count="53" type="stmt"/>
        <line num="904" count="106" type="cond" truecount="2" falsecount="0"/>
        <line num="905" count="22" type="stmt"/>
        <line num="908" count="84" type="stmt"/>
        <line num="918" count="84" type="cond" truecount="2" falsecount="0"/>
        <line num="919" count="84" type="cond" truecount="2" falsecount="0"/>
        <line num="921" count="84" type="stmt"/>
        <line num="940" count="53" type="stmt"/>
        <line num="941" count="4" type="stmt"/>
        <line num="942" count="4" type="stmt"/>
        <line num="943" count="4" type="stmt"/>
        <line num="944" count="4" type="cond" truecount="2" falsecount="0"/>
        <line num="948" count="72" type="stmt"/>
        <line num="952" count="60" type="stmt"/>
        <line num="954" count="60" type="cond" truecount="2" falsecount="0"/>
        <line num="957" count="53" type="cond" truecount="3" falsecount="1"/>
        <line num="958" count="53" type="stmt"/>
        <line num="959" count="53" type="stmt"/>
        <line num="961" count="0" type="stmt"/>
        <line num="964" count="53" type="stmt"/>
        <line num="965" count="53" type="cond" truecount="2" falsecount="0"/>
        <line num="968" count="72" type="stmt"/>
        <line num="991" count="130" type="stmt"/>
        <line num="992" count="130" type="stmt"/>
        <line num="995" count="130" type="stmt"/>
        <line num="996" count="62" type="stmt"/>
        <line num="997" count="62" type="cond" truecount="2" falsecount="2"/>
        <line num="998" count="0" type="stmt"/>
        <line num="1014" count="12" type="cond" truecount="1" falsecount="1"/>
        <line num="1016" count="6" type="stmt"/>
        <line num="1018" count="6" type="cond" truecount="2" falsecount="0"/>
        <line num="1019" count="4" type="stmt"/>
        <line num="1020" count="2" type="cond" truecount="1" falsecount="1"/>
        <line num="1021" count="2" type="stmt"/>
        <line num="1024" count="6" type="stmt"/>
      </file>
    </package>
    <package name="src.behaviours.utils">
      <metrics statements="33" coveredstatements="31" conditionals="16" coveredconditionals="12" methods="8" coveredmethods="7"/>
      <file name="block-viewport-scroll.ts" path="/Users/mattperry/Sites/motion/src/behaviours/utils/block-viewport-scroll.ts">
        <metrics statements="7" coveredstatements="5" conditionals="2" coveredconditionals="0" methods="3" coveredmethods="2"/>
        <line num="1" count="18" type="stmt"/>
        <line num="3" count="18" type="stmt"/>
        <line num="5" count="18" type="stmt"/>
        <line num="8" count="0" type="cond" truecount="0" falsecount="2"/>
        <line num="9" count="0" type="stmt"/>
        <line num="15" count="62" type="stmt"/>
        <line num="16" count="60" type="stmt"/>
      </file>
      <file name="lock.ts" path="/Users/mattperry/Sites/motion/src/behaviours/utils/lock.ts">
        <metrics statements="26" coveredstatements="26" conditionals="14" coveredconditionals="12" methods="5" coveredmethods="5"/>
        <line num="3" count="18" type="stmt"/>
        <line num="4" count="36" type="stmt"/>
        <line num="5" count="36" type="stmt"/>
        <line num="6" count="116" type="stmt"/>
        <line num="7" count="110" type="stmt"/>
        <line num="9" count="116" type="cond" truecount="2" falsecount="0"/>
        <line num="10" count="110" type="stmt"/>
        <line num="11" count="110" type="stmt"/>
        <line num="13" count="6" type="stmt"/>
        <line num="17" count="18" type="stmt"/>
        <line num="18" count="18" type="stmt"/>
        <line num="20" count="18" type="stmt"/>
        <line num="23" count="70" type="stmt"/>
        <line num="24" count="70" type="cond" truecount="2" falsecount="0"/>
        <line num="25" count="6" type="stmt"/>
        <line num="26" count="64" type="cond" truecount="2" falsecount="0"/>
        <line num="27" count="18" type="stmt"/>
        <line num="29" count="46" type="stmt"/>
        <line num="30" count="46" type="stmt"/>
        <line num="31" count="46" type="cond" truecount="4" falsecount="0"/>
        <line num="32" count="45" type="stmt"/>
        <line num="33" count="45" type="stmt"/>
        <line num="34" count="45" type="stmt"/>
        <line num="38" count="1" type="cond" truecount="1" falsecount="1"/>
        <line num="39" count="1" type="cond" truecount="1" falsecount="1"/>
        <line num="42" count="70" type="stmt"/>
      </file>
    </package>
    <package name="src.components.AnimatePresence">
      <metrics statements="76" coveredstatements="73" conditionals="45" coveredconditionals="37" methods="13" coveredmethods="13"/>
      <file name="index.tsx" path="/Users/mattperry/Sites/motion/src/components/AnimatePresence/index.tsx">
        <metrics statements="76" coveredstatements="73" conditionals="45" coveredconditionals="37" methods="13" coveredmethods="13"/>
        <line num="1" count="5" type="stmt"/>
        <line num="12" count="5" type="stmt"/>
        <line num="14" count="5" type="stmt"/>
        <line num="21" count="62" type="stmt"/>
        <line num="22" count="62" type="stmt"/>
        <line num="24" count="62" type="cond" truecount="2" falsecount="0"/>
        <line num="25" count="30" type="stmt"/>
        <line num="28" count="62" type="stmt"/>
        <line num="38" count="170" type="cond" truecount="2" falsecount="0"/>
        <line num="46" count="54" type="cond" truecount="1" falsecount="1"/>
        <line num="48" count="54" type="stmt"/>
        <line num="49" count="38" type="stmt"/>
        <line num="51" count="38" type="cond" truecount="3" falsecount="1"/>
        <line num="52" count="38" type="cond" truecount="1" falsecount="1"/>
        <line num="53" count="0" type="stmt"/>
        <line num="58" count="38" type="stmt"/>
        <line num="61" count="38" type="stmt"/>
        <line num="66" count="54" type="stmt"/>
        <line num="69" count="54" type="stmt"/>
        <line num="70" count="54" type="cond" truecount="2" falsecount="0"/>
        <line num="73" count="54" type="stmt"/>
        <line num="134" count="5" type="stmt"/>
        <line num="135" count="54" type="stmt"/>
        <line num="136" count="54" type="stmt"/>
        <line num="137" count="108" type="cond" truecount="2" falsecount="0"/>
        <line num="138" count="54" type="stmt"/>
        <line num="139" count="54" type="stmt"/>
        <line num="140" count="54" type="stmt"/>
        <line num="142" count="54" type="stmt"/>
        <line num="145" count="54" type="stmt"/>
        <line num="149" count="54" type="stmt"/>
        <line num="152" count="54" type="stmt"/>
        <line num="159" count="54" type="stmt"/>
        <line num="162" count="54" type="stmt"/>
        <line num="164" count="54" type="stmt"/>
        <line num="168" count="54" type="cond" truecount="2" falsecount="0"/>
        <line num="169" count="13" type="stmt"/>
        <line num="171" count="13" type="stmt"/>
        <line num="173" count="13" type="stmt"/>
        <line num="186" count="41" type="stmt"/>
        <line num="190" count="41" type="stmt"/>
        <line num="191" count="41" type="stmt"/>
        <line num="194" count="41" type="stmt"/>
        <line num="195" count="41" type="stmt"/>
        <line num="196" count="45" type="stmt"/>
        <line num="197" count="45" type="cond" truecount="2" falsecount="0"/>
        <line num="198" count="28" type="stmt"/>
        <line num="201" count="17" type="stmt"/>
        <line num="207" count="41" type="cond" truecount="4" falsecount="0"/>
        <line num="208" count="4" type="stmt"/>
        <line num="213" count="41" type="stmt"/>
        <line num="215" count="28" type="cond" truecount="1" falsecount="1"/>
        <line num="217" count="28" type="stmt"/>
        <line num="218" count="28" type="cond" truecount="1" falsecount="1"/>
        <line num="220" count="28" type="stmt"/>
        <line num="222" count="28" type="stmt"/>
        <line num="223" count="4" type="stmt"/>
        <line num="226" count="4" type="stmt"/>
        <line num="227" count="4" type="stmt"/>
        <line num="229" count="4" type="stmt"/>
        <line num="232" count="4" type="cond" truecount="1" falsecount="1"/>
        <line num="233" count="4" type="stmt"/>
        <line num="235" count="4" type="cond" truecount="1" falsecount="1"/>
        <line num="236" count="0" type="stmt"/>
        <line num="238" count="4" type="stmt"/>
        <line num="241" count="4" type="cond" truecount="2" falsecount="0"/>
        <line num="245" count="28" type="stmt"/>
        <line num="251" count="28" type="stmt"/>
        <line num="262" count="41" type="stmt"/>
        <line num="263" count="49" type="stmt"/>
        <line num="264" count="49" type="stmt"/>
        <line num="271" count="41" type="stmt"/>
        <line num="273" count="41" type="cond" truecount="1" falsecount="1"/>
        <line num="278" count="0" type="stmt"/>
        <line num="283" count="41" type="stmt"/>
        <line num="287" count="13" type="stmt"/>
      </file>
    </package>
    <package name="src.dom">
      <metrics statements="182" coveredstatements="115" conditionals="87" coveredconditionals="45" methods="38" coveredmethods="21"/>
      <file name="accessibility.ts" path="/Users/mattperry/Sites/motion/src/dom/accessibility.ts">
        <metrics statements="8" coveredstatements="0" conditionals="2" coveredconditionals="0" methods="2" coveredmethods="0"/>
        <line num="4" count="0" type="stmt"/>
        <line num="6" count="0" type="cond" truecount="0" falsecount="2"/>
        <line num="7" count="0" type="stmt"/>
        <line num="9" count="0" type="stmt"/>
        <line num="10" count="0" type="stmt"/>
        <line num="12" count="0" type="stmt"/>
        <line num="13" count="0" type="stmt"/>
        <line num="23" count="0" type="stmt"/>
      </file>
      <file name="css-variables-conversion.ts" path="/Users/mattperry/Sites/motion/src/dom/css-variables-conversion.ts">
        <metrics statements="39" coveredstatements="35" conditionals="28" coveredconditionals="18" methods="5" coveredmethods="5"/>
        <line num="4" count="18" type="stmt"/>
        <line num="7" count="562" type="cond" truecount="2" falsecount="0"/>
        <line num="19" count="18" type="stmt"/>
        <line num="20" count="18" type="stmt"/>
        <line num="21" count="7" type="stmt"/>
        <line num="22" count="7" type="cond" truecount="1" falsecount="1"/>
        <line num="24" count="7" type="stmt"/>
        <line num="25" count="7" type="stmt"/>
        <line num="28" count="18" type="stmt"/>
        <line num="32" count="4" type="cond" truecount="1" falsecount="1"/>
        <line num="34" count="2" type="stmt"/>
        <line num="39" count="2" type="stmt"/>
        <line num="42" count="2" type="cond" truecount="1" falsecount="1"/>
        <line num="45" count="2" type="stmt"/>
        <line num="47" count="2" type="cond" truecount="1" falsecount="1"/>
        <line num="48" count="2" type="stmt"/>
        <line num="49" count="0" type="cond" truecount="0" falsecount="2"/>
        <line num="51" count="0" type="stmt"/>
        <line num="53" count="0" type="stmt"/>
        <line num="62" count="18" type="stmt"/>
        <line num="65" count="227" type="stmt"/>
        <line num="68" count="227" type="stmt"/>
        <line num="69" count="227" type="cond" truecount="2" falsecount="0"/>
        <line num="73" count="224" type="cond" truecount="2" falsecount="0"/>
        <line num="74" count="6" type="stmt"/>
        <line num="78" count="224" type="stmt"/>
        <line num="79" count="325" type="stmt"/>
        <line num="80" count="325" type="cond" truecount="2" falsecount="0"/>
        <line num="82" count="1" type="stmt"/>
        <line num="83" count="1" type="cond" truecount="1" falsecount="1"/>
        <line num="88" count="224" type="stmt"/>
        <line num="89" count="237" type="stmt"/>
        <line num="90" count="237" type="cond" truecount="2" falsecount="0"/>
        <line num="92" count="1" type="stmt"/>
        <line num="93" count="1" type="cond" truecount="1" falsecount="1"/>
        <line num="96" count="1" type="stmt"/>
        <line num="101" count="1" type="cond" truecount="2" falsecount="2"/>
        <line num="102" count="0" type="stmt"/>
        <line num="106" count="224" type="stmt"/>
      </file>
      <file name="parse-dom-variant.ts" path="/Users/mattperry/Sites/motion/src/dom/parse-dom-variant.ts">
        <metrics statements="8" coveredstatements="8" conditionals="0" coveredconditionals="0" methods="2" coveredmethods="2"/>
        <line num="1" count="18" type="stmt"/>
        <line num="4" count="18" type="stmt"/>
        <line num="7" count="18" type="stmt"/>
        <line num="11" count="242" type="stmt"/>
        <line num="12" count="227" type="stmt"/>
        <line num="13" count="227" type="stmt"/>
        <line num="14" count="227" type="stmt"/>
        <line num="16" count="227" type="stmt"/>
      </file>
      <file name="unit-type-conversion.ts" path="/Users/mattperry/Sites/motion/src/dom/unit-type-conversion.ts">
        <metrics statements="117" coveredstatements="63" conditionals="57" coveredconditionals="27" methods="23" coveredmethods="9"/>
        <line num="5" count="18" type="stmt"/>
        <line num="6" count="18" type="stmt"/>
        <line num="7" count="18" type="stmt"/>
        <line num="8" count="18" type="stmt"/>
        <line num="9" count="18" type="stmt"/>
        <line num="11" count="18" type="stmt"/>
        <line num="21" count="391" type="stmt"/>
        <line num="22" count="18" type="stmt"/>
        <line num="23" count="227" type="stmt"/>
        <line num="26" count="18" type="stmt"/>
        <line num="29" count="0" type="stmt"/>
        <line num="30" count="0" type="stmt"/>
        <line num="33" count="18" type="stmt"/>
        <line num="34" count="8" type="cond" truecount="2" falsecount="0"/>
        <line num="38" count="18" type="cond" truecount="2" falsecount="0"/>
        <line num="39" count="18" type="stmt"/>
        <line num="40" count="18" type="stmt"/>
        <line num="41" count="18" type="stmt"/>
        <line num="42" count="18" type="stmt"/>
        <line num="43" count="18" type="stmt"/>
        <line num="44" count="18" type="stmt"/>
        <line num="52" count="18" type="stmt"/>
        <line num="53" count="0" type="stmt"/>
        <line num="55" count="18" type="stmt"/>
        <line num="58" count="36" type="stmt"/>
        <line num="59" count="0" type="cond" truecount="0" falsecount="4"/>
        <line num="61" count="0" type="stmt"/>
        <line num="63" count="0" type="cond" truecount="0" falsecount="2"/>
        <line num="64" count="0" type="stmt"/>
        <line num="66" count="0" type="stmt"/>
        <line num="67" count="0" type="stmt"/>
        <line num="71" count="18" type="stmt"/>
        <line num="72" count="18" type="stmt"/>
        <line num="73" count="414" type="stmt"/>
        <line num="81" count="0" type="stmt"/>
        <line num="83" count="0" type="stmt"/>
        <line num="84" count="0" type="stmt"/>
        <line num="85" count="0" type="cond" truecount="0" falsecount="2"/>
        <line num="86" count="0" type="stmt"/>
        <line num="87" count="0" type="cond" truecount="0" falsecount="2"/>
        <line num="92" count="0" type="cond" truecount="0" falsecount="2"/>
        <line num="94" count="0" type="stmt"/>
        <line num="97" count="18" type="stmt"/>
        <line num="99" count="0" type="stmt"/>
        <line num="100" count="0" type="stmt"/>
        <line num="102" count="0" type="stmt"/>
        <line num="103" count="0" type="stmt"/>
        <line num="104" count="0" type="stmt"/>
        <line num="105" count="0" type="stmt"/>
        <line num="112" count="18" type="stmt"/>
        <line num="119" count="0" type="stmt"/>
        <line num="120" count="0" type="stmt"/>
        <line num="122" count="0" type="stmt"/>
        <line num="123" count="0" type="stmt"/>
        <line num="124" count="0" type="stmt"/>
        <line num="125" count="0" type="stmt"/>
        <line num="126" count="0" type="stmt"/>
        <line num="127" count="0" type="stmt"/>
        <line num="129" count="0" type="stmt"/>
        <line num="133" count="0" type="cond" truecount="0" falsecount="2"/>
        <line num="134" count="0" type="cond" truecount="0" falsecount="2"/>
        <line num="138" count="0" type="stmt"/>
        <line num="140" count="0" type="stmt"/>
        <line num="142" count="0" type="stmt"/>
        <line num="145" count="0" type="stmt"/>
        <line num="146" count="0" type="stmt"/>
        <line num="150" count="0" type="stmt"/>
        <line num="153" count="0" type="stmt"/>
        <line num="156" count="18" type="stmt"/>
        <line num="160" count="282" type="cond" truecount="2" falsecount="0"/>
        <line num="162" count="143" type="stmt"/>
        <line num="163" count="143" type="stmt"/>
        <line num="165" count="143" type="stmt"/>
        <line num="166" count="143" type="stmt"/>
        <line num="168" count="143" type="stmt"/>
        <line num="172" count="143" type="stmt"/>
        <line num="173" count="143" type="stmt"/>
        <line num="175" count="143" type="stmt"/>
        <line num="177" count="148" type="stmt"/>
        <line num="178" count="148" type="cond" truecount="1" falsecount="1"/>
        <line num="180" count="148" type="stmt"/>
        <line num="181" count="148" type="stmt"/>
        <line num="182" count="148" type="stmt"/>
        <line num="189" count="148" type="cond" truecount="2" falsecount="0"/>
        <line num="190" count="2" type="stmt"/>
        <line num="192" count="2" type="cond" truecount="1" falsecount="1"/>
        <line num="193" count="5" type="cond" truecount="2" falsecount="0"/>
        <line num="194" count="2" type="stmt"/>
        <line num="196" count="2" type="stmt"/>
        <line num="203" count="3" type="stmt"/>
        <line num="210" count="146" type="stmt"/>
        <line num="213" count="148" type="cond" truecount="2" falsecount="0"/>
        <line num="216" count="4" type="cond" truecount="3" falsecount="1"/>
        <line num="217" count="4" type="stmt"/>
        <line num="218" count="4" type="cond" truecount="2" falsecount="0"/>
        <line num="219" count="2" type="stmt"/>
        <line num="221" count="4" type="cond" truecount="2" falsecount="0"/>
        <line num="222" count="2" type="stmt"/>
        <line num="223" count="2" type="cond" truecount="2" falsecount="2"/>
        <line num="224" count="0" type="stmt"/>
        <line num="229" count="0" type="cond" truecount="0" falsecount="2"/>
        <line num="230" count="0" type="stmt"/>
        <line num="234" count="0" type="stmt"/>
        <line num="237" count="0" type="stmt"/>
        <line num="238" count="0" type="stmt"/>
        <line num="242" count="0" type="stmt"/>
        <line num="246" count="148" type="stmt"/>
        <line num="251" count="143" type="cond" truecount="1" falsecount="1"/>
        <line num="252" count="0" type="stmt"/>
        <line num="261" count="0" type="cond" truecount="0" falsecount="2"/>
        <line num="262" count="0" type="stmt"/>
        <line num="263" count="0" type="stmt"/>
        <line num="268" count="0" type="stmt"/>
        <line num="270" count="0" type="stmt"/>
        <line num="272" count="143" type="stmt"/>
        <line num="287" count="18" type="stmt"/>
        <line num="293" count="227" type="stmt"/>
      </file>
      <file name="value-types.ts" path="/Users/mattperry/Sites/motion/src/dom/value-types.ts">
        <metrics statements="10" coveredstatements="9" conditionals="0" coveredconditionals="0" methods="6" coveredmethods="5"/>
        <line num="1" count="19" type="stmt"/>
        <line num="13" count="19" type="stmt"/>
        <line num="14" count="4" type="stmt"/>
        <line num="15" count="0" type="stmt"/>
        <line num="18" count="19" type="stmt"/>
        <line num="19" count="19" type="stmt"/>
        <line num="21" count="387" type="stmt"/>
        <line num="23" count="19" type="stmt"/>
        <line num="24" count="299" type="stmt"/>
        <line num="26" count="34" type="stmt"/>
      </file>
    </package>
    <package name="src.events">
      <metrics statements="160" coveredstatements="157" conditionals="65" coveredconditionals="57" methods="30" coveredmethods="30"/>
      <file name="event-info.ts" path="/Users/mattperry/Sites/motion/src/events/event-info.ts">
        <metrics statements="10" coveredstatements="10" conditionals="8" coveredconditionals="5" methods="3" coveredmethods="3"/>
        <line num="9" count="940" type="cond" truecount="2" falsecount="2"/>
        <line num="10" count="470" type="stmt"/>
        <line num="15" count="20" type="stmt"/>
        <line num="18" count="29374" type="cond" truecount="2" falsecount="0"/>
        <line num="19" count="27760" type="stmt"/>
        <line num="22" count="1614" type="stmt"/>
        <line num="23" count="470" type="cond" truecount="1" falsecount="1"/>
        <line num="24" count="470" type="stmt"/>
        <line num="26" count="470" type="stmt"/>
        <line num="29" count="1614" type="stmt"/>
      </file>
      <file name="index.ts" path="/Users/mattperry/Sites/motion/src/events/index.ts">
        <metrics statements="3" coveredstatements="3" conditionals="0" coveredconditionals="0" methods="0" coveredmethods="0"/>
        <line num="1" count="20" type="stmt"/>
        <line num="2" count="20" type="stmt"/>
        <line num="3" count="20" type="stmt"/>
      </file>
      <file name="types.ts" path="/Users/mattperry/Sites/motion/src/events/types.ts">
        <metrics statements="15" coveredstatements="15" conditionals="8" coveredconditionals="7" methods="5" coveredmethods="5"/>
        <line num="10" count="21" type="cond" truecount="2" falsecount="0"/>
        <line num="12" count="21" type="stmt"/>
        <line num="13" count="358" type="stmt"/>
        <line num="17" count="21" type="stmt"/>
        <line num="20" count="3" type="stmt"/>
        <line num="22" count="3" type="cond" truecount="1" falsecount="1"/>
        <line num="23" count="3" type="cond" truecount="2" falsecount="0"/>
        <line num="24" count="1" type="stmt"/>
        <line num="26" count="2" type="stmt"/>
        <line num="28" count="3" type="stmt"/>
        <line num="31" count="3" type="stmt"/>
        <line num="32" count="3" type="stmt"/>
        <line num="34" count="3" type="cond" truecount="2" falsecount="0"/>
        <line num="35" count="2" type="stmt"/>
        <line num="37" count="2" type="stmt"/>
      </file>
      <file name="use-event.ts" path="/Users/mattperry/Sites/motion/src/events/use-event.ts">
        <metrics statements="24" coveredstatements="24" conditionals="17" coveredconditionals="17" methods="6" coveredmethods="6"/>
        <line num="1" count="20" type="stmt"/>
        <line num="5" count="31011" type="stmt"/>
        <line num="11" count="20" type="stmt"/>
        <line num="17" count="1623" type="stmt"/>
        <line num="18" count="1087" type="cond" truecount="2" falsecount="0"/>
        <line num="19" count="1" type="stmt"/>
        <line num="21" count="1086" type="stmt"/>
        <line num="23" count="1623" type="stmt"/>
        <line num="24" count="1441" type="cond" truecount="2" falsecount="0"/>
        <line num="25" count="1" type="stmt"/>
        <line num="27" count="1440" type="stmt"/>
        <line num="29" count="1623" type="stmt"/>
        <line num="32" count="20" type="stmt"/>
        <line num="38" count="29389" type="stmt"/>
        <line num="39" count="29389" type="cond" truecount="5" falsecount="0"/>
        <line num="40" count="811" type="stmt"/>
        <line num="48" count="29389" type="stmt"/>
        <line num="50" count="17539" type="stmt"/>
        <line num="51" count="17539" type="cond" truecount="6" falsecount="0"/>
        <line num="52" count="16727" type="stmt"/>
        <line num="54" count="812" type="stmt"/>
        <line num="60" count="812" type="stmt"/>
        <line num="61" count="812" type="stmt"/>
        <line num="65" count="29389" type="stmt"/>
      </file>
      <file name="use-pointer-events.ts" path="/Users/mattperry/Sites/motion/src/events/use-pointer-events.ts">
        <metrics statements="108" coveredstatements="105" conditionals="32" coveredconditionals="28" methods="16" coveredmethods="16"/>
        <line num="1" count="20" type="stmt"/>
        <line num="2" count="20" type="stmt"/>
        <line num="10" count="20" type="stmt"/>
        <line num="11" count="20" type="stmt"/>
        <line num="13" count="20" type="stmt"/>
        <line num="15" count="20" type="stmt"/>
        <line num="16" count="46380" type="stmt"/>
        <line num="18" count="27521" type="cond" truecount="2" falsecount="0"/>
        <line num="19" count="3865" type="stmt"/>
        <line num="21" count="2319" type="stmt"/>
        <line num="22" count="1616" type="stmt"/>
        <line num="23" count="1616" type="cond" truecount="2" falsecount="0"/>
        <line num="24" count="758" type="stmt"/>
        <line num="28" count="2319" type="stmt"/>
        <line num="29" count="5166" type="stmt"/>
        <line num="30" count="5166" type="cond" truecount="2" falsecount="0"/>
        <line num="31" count="2178" type="stmt"/>
        <line num="35" count="2319" type="stmt"/>
        <line num="52" count="20" type="stmt"/>
        <line num="53" count="3092" type="cond" truecount="2" falsecount="0"/>
        <line num="55" count="441" type="stmt"/>
        <line num="56" count="209" type="stmt"/>
        <line num="58" count="209" type="cond" truecount="3" falsecount="0"/>
        <line num="61" count="209" type="cond" truecount="1" falsecount="1"/>
        <line num="62" count="209" type="stmt"/>
        <line num="67" count="20" type="stmt"/>
        <line num="69" count="1546" type="stmt"/>
        <line num="70" count="1546" type="stmt"/>
        <line num="71" count="1546" type="stmt"/>
        <line num="72" count="1546" type="stmt"/>
        <line num="73" count="1546" type="stmt"/>
        <line num="74" count="1546" type="stmt"/>
        <line num="75" count="1546" type="stmt"/>
        <line num="80" count="1546" type="stmt"/>
        <line num="86" count="1546" type="stmt"/>
        <line num="87" count="1546" type="stmt"/>
        <line num="88" count="1546" type="stmt"/>
        <line num="89" count="1546" type="stmt"/>
        <line num="90" count="1546" type="stmt"/>
        <line num="96" count="1546" type="stmt"/>
        <line num="102" count="1546" type="stmt"/>
        <line num="120" count="20" type="stmt"/>
        <line num="122" count="1546" type="stmt"/>
        <line num="123" count="1546" type="stmt"/>
        <line num="124" count="1546" type="stmt"/>
        <line num="125" count="1546" type="stmt"/>
        <line num="130" count="1546" type="stmt"/>
        <line num="131" count="1546" type="stmt"/>
        <line num="132" count="1546" type="stmt"/>
        <line num="133" count="1546" type="stmt"/>
        <line num="139" count="1546" type="stmt"/>
        <line num="147" count="20" type="stmt"/>
        <line num="149" count="1546" type="stmt"/>
        <line num="150" count="1546" type="stmt"/>
        <line num="151" count="1546" type="stmt"/>
        <line num="152" count="1546" type="stmt"/>
        <line num="153" count="1546" type="stmt"/>
        <line num="154" count="1546" type="stmt"/>
        <line num="155" count="1546" type="stmt"/>
        <line num="156" count="1546" type="stmt"/>
        <line num="161" count="1546" type="stmt"/>
        <line num="167" count="1546" type="stmt"/>
        <line num="173" count="1546" type="stmt"/>
        <line num="174" count="1546" type="stmt"/>
        <line num="180" count="1546" type="stmt"/>
        <line num="186" count="1546" type="stmt"/>
        <line num="187" count="1546" type="stmt"/>
        <line num="193" count="1546" type="stmt"/>
        <line num="199" count="1546" type="stmt"/>
        <line num="211" count="20" type="stmt"/>
        <line num="212" count="1546" type="cond" truecount="3" falsecount="0"/>
        <line num="215" count="20" type="stmt"/>
        <line num="216" count="1542" type="cond" truecount="3" falsecount="0"/>
        <line num="219" count="20" type="stmt"/>
        <line num="220" count="1538" type="cond" truecount="3" falsecount="0"/>
        <line num="235" count="20" type="stmt"/>
        <line num="241" count="1546" type="stmt"/>
        <line num="242" count="1546" type="stmt"/>
        <line num="243" count="1546" type="stmt"/>
        <line num="244" count="1546" type="stmt"/>
        <line num="245" count="1546" type="stmt"/>
        <line num="246" count="1546" type="stmt"/>
        <line num="247" count="1546" type="stmt"/>
        <line num="248" count="1546" type="stmt"/>
        <line num="250" count="1546" type="stmt"/>
        <line num="251" count="1546" type="stmt"/>
        <line num="252" count="1546" type="stmt"/>
        <line num="253" count="1546" type="cond" truecount="2" falsecount="0"/>
        <line num="254" count="4" type="stmt"/>
        <line num="255" count="1542" type="cond" truecount="2" falsecount="0"/>
        <line num="256" count="4" type="stmt"/>
        <line num="262" count="1538" type="cond" truecount="1" falsecount="1"/>
        <line num="263" count="1538" type="stmt"/>
        <line num="274" count="1546" type="stmt"/>
        <line num="275" count="1546" type="stmt"/>
        <line num="276" count="1546" type="stmt"/>
        <line num="278" count="1546" type="stmt"/>
        <line num="291" count="20" type="stmt"/>
        <line num="301" count="637" type="stmt"/>
        <line num="303" count="637" type="cond" truecount="1" falsecount="1"/>
        <line num="304" count="637" type="stmt"/>
        <line num="305" count="637" type="stmt"/>
        <line num="307" count="0" type="stmt"/>
        <line num="308" count="0" type="stmt"/>
        <line num="311" count="637" type="stmt"/>
        <line num="312" count="637" type="cond" truecount="1" falsecount="1"/>
        <line num="313" count="637" type="stmt"/>
        <line num="315" count="0" type="stmt"/>
      </file>
    </package>
    <package name="src.events.utils">
      <metrics statements="6" coveredstatements="2" conditionals="2" coveredconditionals="1" methods="8" coveredmethods="0"/>
      <file name="window.ts" path="/Users/mattperry/Sites/motion/src/events/utils/window.ts">
        <metrics statements="6" coveredstatements="2" conditionals="2" coveredconditionals="1" methods="8" coveredmethods="0"/>
        <line num="42" count="20" type="stmt"/>
        <line num="45" count="0" type="stmt"/>
        <line num="61" count="0" type="stmt"/>
        <line num="63" count="0" type="stmt"/>
        <line num="65" count="0" type="stmt"/>
        <line num="73" count="20" type="cond" truecount="1" falsecount="1"/>
      </file>
    </package>
    <package name="src.gestures">
      <metrics statements="202" coveredstatements="182" conditionals="107" coveredconditionals="90" methods="26" coveredmethods="25"/>
      <file name="index.ts" path="/Users/mattperry/Sites/motion/src/gestures/index.ts">
        <metrics statements="5" coveredstatements="5" conditionals="0" coveredconditionals="0" methods="0" coveredmethods="0"/>
        <line num="1" count="18" type="stmt"/>
        <line num="2" count="18" type="stmt"/>
        <line num="7" count="18" type="stmt"/>
        <line num="8" count="18" type="stmt"/>
        <line num="9" count="18" type="stmt"/>
      </file>
      <file name="use-gestures.ts" path="/Users/mattperry/Sites/motion/src/gestures/use-gestures.ts">
        <metrics statements="7" coveredstatements="7" conditionals="0" coveredconditionals="0" methods="1" coveredmethods="1"/>
        <line num="2" count="18" type="stmt"/>
        <line num="3" count="18" type="stmt"/>
        <line num="4" count="18" type="stmt"/>
        <line num="18" count="18" type="stmt"/>
        <line num="22" count="169" type="stmt"/>
        <line num="23" count="169" type="stmt"/>
        <line num="24" count="169" type="stmt"/>
      </file>
      <file name="use-hover-gesture.ts" path="/Users/mattperry/Sites/motion/src/gestures/use-hover-gesture.ts">
        <metrics statements="25" coveredstatements="25" conditionals="20" coveredconditionals="18" methods="4" coveredmethods="4"/>
        <line num="1" count="18" type="stmt"/>
        <line num="2" count="18" type="stmt"/>
        <line num="4" count="18" type="stmt"/>
        <line num="6" count="18" type="stmt"/>
        <line num="72" count="18" type="stmt"/>
        <line num="82" count="18" type="stmt"/>
        <line num="84" count="169" type="stmt"/>
        <line num="85" count="169" type="stmt"/>
        <line num="86" count="169" type="stmt"/>
        <line num="87" count="169" type="stmt"/>
        <line num="91" count="169" type="cond" truecount="4" falsecount="0"/>
        <line num="92" count="18" type="stmt"/>
        <line num="95" count="169" type="stmt"/>
        <line num="97" count="84" type="stmt"/>
        <line num="100" count="11" type="cond" truecount="1" falsecount="1"/>
        <line num="102" count="11" type="cond" truecount="2" falsecount="0"/>
        <line num="104" count="11" type="cond" truecount="4" falsecount="0"/>
        <line num="105" count="10" type="stmt"/>
        <line num="109" count="84" type="stmt"/>
        <line num="112" count="7" type="cond" truecount="1" falsecount="1"/>
        <line num="114" count="7" type="cond" truecount="2" falsecount="0"/>
        <line num="116" count="7" type="cond" truecount="4" falsecount="0"/>
        <line num="117" count="6" type="stmt"/>
        <line num="121" count="84" type="stmt"/>
        <line num="126" count="169" type="stmt"/>
      </file>
[...]
        <line num="169" count="242" type="stmt"/>
        <line num="172" count="242" type="stmt"/>
        <line num="175" count="21" type="stmt"/>
      </file>
      <file name="use-styles.ts" path="/Users/mattperry/Sites/motion/src/motion/utils/use-styles.ts">
        <metrics statements="33" coveredstatements="33" conditionals="18" coveredconditionals="18" methods="4" coveredmethods="3"/>
        <line num="1" count="19" type="stmt"/>
        <line num="2" count="19" type="stmt"/>
        <line num="3" count="19" type="stmt"/>
        <line num="5" count="19" type="stmt"/>
        <line num="7" count="19" type="stmt"/>
        <line num="9" count="19" type="stmt"/>
        <line num="10" count="23" type="stmt"/>
        <line num="12" count="19" type="stmt"/>
        <line num="17" count="479" type="stmt"/>
        <line num="18" count="479" type="stmt"/>
        <line num="20" count="479" type="cond" truecount="2" falsecount="0"/>
        <line num="23" count="6" type="stmt"/>
        <line num="28" count="479" type="stmt"/>
        <line num="34" count="19" type="stmt"/>
        <line num="36" count="698" type="cond" truecount="2" falsecount="0"/>
        <line num="39" count="484" type="stmt"/>
        <line num="40" count="484" type="stmt"/>
        <line num="41" count="484" type="stmt"/>
        <line num="43" count="484" type="stmt"/>
        <line num="44" count="352" type="stmt"/>
        <line num="45" count="352" type="stmt"/>
        <line num="47" count="352" type="cond" truecount="2" falsecount="0"/>
        <line num="49" count="309" type="stmt"/>
        <line num="50" count="43" type="cond" truecount="4" falsecount="0"/>
        <line num="53" count="20" type="cond" truecount="2" falsecount="0"/>
        <line num="55" count="9" type="stmt"/>
        <line num="58" count="11" type="cond" truecount="2" falsecount="0"/>
        <line num="59" count="2" type="stmt"/>
        <line num="60" count="2" type="stmt"/>
        <line num="64" count="20" type="stmt"/>
        <line num="66" count="23" type="stmt"/>
        <line num="70" count="484" type="stmt"/>
        <line num="72" count="484" type="cond" truecount="2" falsecount="0"/>
      </file>
      <file name="valid-prop.ts" path="/Users/mattperry/Sites/motion/src/motion/utils/valid-prop.ts">
        <metrics statements="3" coveredstatements="3" conditionals="0" coveredconditionals="0" methods="1" coveredmethods="1"/>
        <line num="9" count="18" type="stmt"/>
        <line num="59" count="18" type="stmt"/>
        <line num="60" count="1479" type="stmt"/>
      </file>
    </package>
    <package name="src.utils">
      <metrics statements="62" coveredstatements="60" conditionals="38" coveredconditionals="35" methods="16" coveredmethods="15"/>
      <file name="is-ref-object.ts" path="/Users/mattperry/Sites/motion/src/utils/is-ref-object.ts">
        <metrics statements="2" coveredstatements="2" conditionals="2" coveredconditionals="2" methods="1" coveredmethods="1"/>
        <line num="3" count="18" type="stmt"/>
        <line num="4" count="210" type="cond" truecount="2" falsecount="0"/>
      </file>
      <file name="resolve-value.ts" path="/Users/mattperry/Sites/motion/src/utils/resolve-value.ts">
        <metrics statements="5" coveredstatements="5" conditionals="8" coveredconditionals="7" methods="2" coveredmethods="2"/>
        <line num="2" count="20" type="stmt"/>
        <line num="4" count="20" type="stmt"/>
        <line num="5" count="10" type="cond" truecount="4" falsecount="0"/>
        <line num="8" count="20" type="stmt"/>
        <line num="10" count="306" type="cond" truecount="3" falsecount="1"/>
      </file>
      <file name="time-conversion.ts" path="/Users/mattperry/Sites/motion/src/utils/time-conversion.ts">
        <metrics statements="1" coveredstatements="1" conditionals="0" coveredconditionals="0" methods="1" coveredmethods="1"/>
        <line num="7" count="285" type="stmt"/>
      </file>
      <file name="transform.ts" path="/Users/mattperry/Sites/motion/src/utils/transform.ts">
        <metrics statements="14" coveredstatements="14" conditionals="8" coveredconditionals="8" methods="3" coveredmethods="3"/>
        <line num="1" count="7" type="stmt"/>
        <line num="31" count="7" type="stmt"/>
        <line num="32" count="16" type="cond" truecount="2" falsecount="0"/>
        <line num="35" count="16" type="cond" truecount="2" falsecount="0"/>
        <line num="153" count="7" type="stmt"/>
        <line num="154" count="76" type="stmt"/>
        <line num="158" count="16" type="stmt"/>
        <line num="159" count="16" type="cond" truecount="2" falsecount="0"/>
        <line num="160" count="16" type="stmt"/>
        <line num="161" count="16" type="stmt"/>
        <line num="162" count="16" type="stmt"/>
        <line num="163" count="16" type="stmt"/>
        <line num="165" count="16" type="stmt"/>
        <line num="170" count="16" type="cond" truecount="2" falsecount="0"/>
      </file>
      <file name="use-constant.ts" path="/Users/mattperry/Sites/motion/src/utils/use-constant.ts">
        <metrics statements="6" coveredstatements="6" conditionals="2" coveredconditionals="2" methods="1" coveredmethods="1"/>
        <line num="1" count="21" type="stmt"/>
        <line num="12" count="21" type="stmt"/>
        <line num="13" count="1801" type="stmt"/>
        <line num="15" count="1801" type="cond" truecount="2" falsecount="0"/>
        <line num="16" count="891" type="stmt"/>
        <line num="19" count="1801" type="stmt"/>
      </file>
      <file name="use-cycle.ts" path="/Users/mattperry/Sites/motion/src/utils/use-cycle.ts">
        <metrics statements="10" coveredstatements="10" conditionals="2" coveredconditionals="2" methods="2" coveredmethods="2"/>
        <line num="1" count="6" type="stmt"/>
        <line num="2" count="6" type="stmt"/>
        <line num="3" count="6" type="stmt"/>
        <line num="55" count="54" type="stmt"/>
        <line num="57" count="9" type="stmt"/>
        <line num="62" count="9" type="stmt"/>
        <line num="63" count="9" type="stmt"/>
        <line num="65" count="9" type="stmt"/>
        <line num="68" count="7" type="stmt"/>
        <line num="73" count="7" type="stmt"/>
      </file>
      <file name="use-inline.ts" path="/Users/mattperry/Sites/motion/src/utils/use-inline.ts">
        <metrics statements="13" coveredstatements="13" conditionals="8" coveredconditionals="8" methods="2" coveredmethods="2"/>
        <line num="1" count="19" type="stmt"/>
        <line num="5" count="19" type="stmt"/>
        <line num="6" count="26" type="cond" truecount="2" falsecount="0"/>
        <line num="8" count="23" type="stmt"/>
        <line num="10" count="23" type="cond" truecount="2" falsecount="0"/>
        <line num="12" count="22" type="stmt"/>
        <line num="13" count="37" type="cond" truecount="2" falsecount="0"/>
        <line num="16" count="14" type="stmt"/>
        <line num="33" count="19" type="stmt"/>
        <line num="34" count="10" type="stmt"/>
        <line num="36" count="10" type="cond" truecount="2" falsecount="0"/>
        <line num="37" count="6" type="stmt"/>
        <line num="40" count="10" type="stmt"/>
      </file>
      <file name="use-max-times.ts" path="/Users/mattperry/Sites/motion/src/utils/use-max-times.ts">
        <metrics statements="4" coveredstatements="4" conditionals="4" coveredconditionals="3" methods="1" coveredmethods="1"/>
        <line num="1" count="20" type="stmt"/>
        <line num="12" count="494" type="cond" truecount="1" falsecount="1"/>
        <line num="13" count="494" type="stmt"/>
        <line num="15" count="494" type="cond" truecount="2" falsecount="0"/>
      </file>
      <file name="use-resize.ts" path="/Users/mattperry/Sites/motion/src/utils/use-resize.ts">
        <metrics statements="7" coveredstatements="5" conditionals="4" coveredconditionals="3" methods="3" coveredmethods="2"/>
        <line num="1" count="18" type="stmt"/>
        <line num="2" count="18" type="stmt"/>
        <line num="14" count="18" type="stmt"/>
        <line num="18" count="130" type="stmt"/>
        <line num="20" count="130" type="cond" truecount="3" falsecount="1"/>
        <line num="21" count="0" type="stmt"/>
        <line num="22" count="0" type="stmt"/>
      </file>
    </package>
    <package name="src.value">
      <metrics statements="155" coveredstatements="137" conditionals="68" coveredconditionals="56" methods="43" coveredmethods="37"/>
      <file name="index.ts" path="/Users/mattperry/Sites/motion/src/value/index.ts">
        <metrics statements="84" coveredstatements="82" conditionals="46" coveredconditionals="44" methods="27" coveredmethods="26"/>
        <line num="1" count="22" type="stmt"/>
        <line num="3" count="22" type="stmt"/>
        <line num="27" count="22" type="stmt"/>
        <line num="28" count="589" type="stmt"/>
        <line num="36" count="22" type="stmt"/>
        <line num="56" count="589" type="stmt"/>
        <line num="63" count="589" type="stmt"/>
        <line num="125" count="589" type="stmt"/>
        <line num="135" count="589" type="cond" truecount="2" falsecount="0"/>
        <line num="136" count="589" type="stmt"/>
        <line num="137" count="589" type="stmt"/>
        <line num="138" count="589" type="stmt"/>
        <line num="139" count="589" type="stmt"/>
        <line num="151" count="22" type="cond" truecount="1" falsecount="1"/>
        <line num="152" count="10" type="stmt"/>
        <line num="157" count="10" type="cond" truecount="2" falsecount="0"/>
        <line num="159" count="10" type="stmt"/>
        <line num="161" count="10" type="stmt"/>
        <line num="171" count="22" type="stmt"/>
        <line num="172" count="2" type="cond" truecount="1" falsecount="1"/>
        <line num="173" count="0" type="stmt"/>
        <line num="175" count="2" type="stmt"/>
        <line num="184" count="927" type="stmt"/>
        <line num="188" count="1322" type="stmt"/>
        <line num="189" count="927" type="stmt"/>
        <line num="190" count="927" type="stmt"/>
        <line num="271" count="22" type="stmt"/>
        <line num="272" count="469" type="cond" truecount="2" falsecount="0"/>
        <line num="273" count="469" type="stmt"/>
        <line num="284" count="22" type="stmt"/>
        <line num="285" count="458" type="cond" truecount="2" falsecount="0"/>
        <line num="287" count="458" type="stmt"/>
        <line num="288" count="458" type="stmt"/>
        <line num="296" count="22" type="stmt"/>
        <line num="297" count="3" type="stmt"/>
        <line num="315" count="6953" type="cond" truecount="2" falsecount="0"/>
        <line num="316" count="3771" type="cond" truecount="4" falsecount="0"/>
        <line num="317" count="3768" type="stmt"/>
        <line num="319" count="3" type="stmt"/>
        <line num="323" count="3774" type="cond" truecount="2" falsecount="0"/>
        <line num="324" count="3771" type="stmt"/>
        <line num="325" count="3771" type="cond" truecount="2" falsecount="0"/>
        <line num="327" count="3771" type="cond" truecount="4" falsecount="0"/>
        <line num="328" count="2742" type="stmt"/>
        <line num="331" count="3771" type="cond" truecount="2" falsecount="0"/>
        <line num="332" count="4" type="stmt"/>
        <line num="335" count="3771" type="cond" truecount="4" falsecount="0"/>
        <line num="336" count="2840" type="stmt"/>
        <line num="340" count="3771" type="stmt"/>
        <line num="342" count="3771" type="cond" truecount="2" falsecount="0"/>
        <line num="343" count="3477" type="stmt"/>
        <line num="344" count="3477" type="stmt"/>
        <line num="345" count="3477" type="stmt"/>
        <line num="356" count="22" type="stmt"/>
        <line num="357" count="1899" type="stmt"/>
        <line num="367" count="22" type="stmt"/>
        <line num="369" count="237" type="stmt"/>
        <line num="389" count="589" type="stmt"/>
        <line num="390" count="1780" type="stmt"/>
        <line num="401" count="3272" type="stmt"/>
        <line num="412" count="3201" type="stmt"/>
        <line num="413" count="3201" type="cond" truecount="2" falsecount="0"/>
        <line num="414" count="414" type="stmt"/>
        <line num="425" count="589" type="stmt"/>
        <line num="439" count="236" type="stmt"/>
        <line num="440" count="236" type="stmt"/>
        <line num="442" count="236" type="stmt"/>
        <line num="443" count="236" type="stmt"/>
        <line num="444" count="137" type="stmt"/>
        <line num="452" count="22" type="stmt"/>
        <line num="453" count="438" type="cond" truecount="2" falsecount="0"/>
        <line num="454" count="438" type="stmt"/>
        <line num="462" count="22" type="stmt"/>
        <line num="463" count="0" type="stmt"/>
        <line num="466" count="22" type="stmt"/>
        <line num="467" count="575" type="stmt"/>
        <line num="479" count="22" type="stmt"/>
        <line num="480" count="2" type="cond" truecount="2" falsecount="0"/>
        <line num="481" count="2" type="cond" truecount="2" falsecount="0"/>
        <line num="482" count="2" type="cond" truecount="2" falsecount="0"/>
        <line num="483" count="2" type="stmt"/>
        <line num="485" count="22" type="stmt"/>
        <line num="490" count="22" type="stmt"/>
        <line num="491" count="535" type="stmt"/>
      </file>
      <file name="use-motion-value.ts" path="/Users/mattperry/Sites/motion/src/value/use-motion-value.ts">
        <metrics statements="4" coveredstatements="4" conditionals="0" coveredconditionals="0" methods="2" coveredmethods="2"/>
        <line num="1" count="18" type="stmt"/>
        <line num="2" count="18" type="stmt"/>
        <line num="33" count="18" type="stmt"/>
        <line num="34" count="307" type="stmt"/>
      </file>
      <file name="use-on-change.ts" path="/Users/mattperry/Sites/motion/src/value/use-on-change.ts">
        <metrics statements="5" coveredstatements="5" conditionals="2" coveredconditionals="2" methods="2" coveredmethods="2"/>
        <line num="1" count="6" type="stmt"/>
        <line num="3" count="6" type="stmt"/>
        <line num="5" count="6" type="stmt"/>
        <line num="9" count="10" type="stmt"/>
        <line num="10" count="7" type="cond" truecount="2" falsecount="0"/>
      </file>
      <file name="use-spring.ts" path="/Users/mattperry/Sites/motion/src/value/use-spring.ts">
        <metrics statements="17" coveredstatements="17" conditionals="6" coveredconditionals="5" methods="4" coveredmethods="4"/>
        <line num="1" count="6" type="stmt"/>
        <line num="2" count="6" type="stmt"/>
        <line num="4" count="6" type="stmt"/>
        <line num="5" count="6" type="stmt"/>
        <line num="6" count="6" type="stmt"/>
        <line num="27" count="6" type="stmt"/>
        <line num="29" count="20" type="cond" truecount="1" falsecount="1"/>
        <line num="31" count="10" type="stmt"/>
        <line num="32" count="10" type="cond" truecount="2" falsecount="0"/>
        <line num="34" count="10" type="stmt"/>
        <line num="35" count="3" type="stmt"/>
        <line num="36" count="3" type="cond" truecount="2" falsecount="0"/>
        <line num="37" count="1" type="stmt"/>
        <line num="40" count="3" type="stmt"/>
        <line num="47" count="3" type="stmt"/>
        <line num="51" count="10" type="stmt"/>
        <line num="53" count="10" type="stmt"/>
      </file>
      <file name="use-transform.ts" path="/Users/mattperry/Sites/motion/src/value/use-transform.ts">
        <metrics statements="19" coveredstatements="19" conditionals="6" coveredconditionals="5" methods="4" coveredmethods="3"/>
        <line num="2" count="6" type="stmt"/>
        <line num="3" count="6" type="stmt"/>
        <line num="7" count="6" type="stmt"/>
        <line num="10" count="11" type="stmt"/>
        <line num="13" count="6" type="stmt"/>
        <line num="116" count="6" type="stmt"/>
        <line num="122" count="11" type="stmt"/>
        <line num="123" count="11" type="stmt"/>
        <line num="124" count="11" type="stmt"/>
        <line num="126" count="11" type="cond" truecount="2" falsecount="0"/>
        <line num="127" count="2" type="stmt"/>
        <line num="128" count="9" type="cond" truecount="1" falsecount="1"/>
        <line num="129" count="9" type="stmt"/>
        <line num="130" count="9" type="stmt"/>
        <line num="131" count="9" type="stmt"/>
        <line num="134" count="11" type="stmt"/>
        <line num="135" count="10" type="cond" truecount="2" falsecount="0"/>
        <line num="136" count="10" type="stmt"/>
        <line num="137" count="10" type="stmt"/>
      </file>
      <file name="use-viewport-scroll.ts" path="/Users/mattperry/Sites/motion/src/value/use-viewport-scroll.ts">
        <metrics statements="26" coveredstatements="10" conditionals="8" coveredconditionals="0" methods="4" coveredmethods="0"/>
        <line num="1" count="5" type="stmt"/>
        <line num="10" count="5" type="stmt"/>
        <line num="11" count="5" type="stmt"/>
        <line num="12" count="5" type="stmt"/>
        <line num="13" count="5" type="stmt"/>
        <line num="15" count="5" type="stmt"/>
        <line num="16" count="0" type="cond" truecount="0" falsecount="4"/>
        <line num="19" count="5" type="stmt"/>
        <line num="20" count="5" type="stmt"/>
        <line num="21" count="0" type="stmt"/>
        <line num="23" count="0" type="cond" truecount="0" falsecount="2"/>
        <line num="25" count="0" type="stmt"/>
        <line num="26" count="0" type="stmt"/>
        <line num="27" count="0" type="stmt"/>
        <line num="30" count="0" type="stmt"/>
        <line num="31" count="0" type="stmt"/>
        <line num="34" count="0" type="stmt"/>
        <line num="39" count="0" type="stmt"/>
        <line num="46" count="0" type="stmt"/>
        <line num="48" count="0" type="stmt"/>
        <line num="49" count="0" type="stmt"/>
        <line num="52" count="5" type="stmt"/>
        <line num="103" count="5" type="stmt"/>
        <line num="104" count="0" type="cond" truecount="0" falsecount="2"/>
        <line num="105" count="0" type="stmt"/>
        <line num="108" count="0" type="stmt"/>
      </file>
    </package>
    <package name="src.value.utils">
      <metrics statements="13" coveredstatements="13" conditionals="4" coveredconditionals="4" methods="6" coveredmethods="6"/>
      <file name="is-motion-value.ts" path="/Users/mattperry/Sites/motion/src/value/utils/is-motion-value.ts">
        <metrics statements="3" coveredstatements="3" conditionals="0" coveredconditionals="0" methods="1" coveredmethods="1"/>
        <line num="1" count="21" type="stmt"/>
        <line num="3" count="21" type="stmt"/>
        <line num="4" count="1044" type="stmt"/>
      </file>
      <file name="resolve-values.ts" path="/Users/mattperry/Sites/motion/src/value/utils/resolve-values.ts">
        <metrics statements="5" coveredstatements="5" conditionals="0" coveredconditionals="0" methods="4" coveredmethods="4"/>
        <line num="6" count="19" type="stmt"/>
        <line num="9" count="485" type="stmt"/>
        <line num="10" count="525" type="stmt"/>
        <line num="11" count="485" type="stmt"/>
        <line num="14" count="525" type="stmt"/>
      </file>
      <file name="unwrap-value.ts" path="/Users/mattperry/Sites/motion/src/value/utils/unwrap-value.ts">
        <metrics statements="5" coveredstatements="5" conditionals="4" coveredconditionals="4" methods="1" coveredmethods="1"/>
        <line num="1" count="6" type="stmt"/>
        <line num="2" count="6" type="stmt"/>
        <line num="12" count="6" type="stmt"/>
        <line num="15" count="5" type="cond" truecount="2" falsecount="0"/>
        <line num="16" count="5" type="stmt"/>
      </file>
    </package>
  </project>
</coverage>
