{"/Users/mattperry/Sites/motion/src/index.ts": {"path":"/Users/mattperry/Sites/motion/src/index.ts","statementMap":{"0":{"start":{"line":1,"column":0},"end":{"line":1,"column":null}},"1":{"start":{"line":2,"column":4},"end":{"line":2,"column":null}},"2":{"start":{"line":3,"column":4},"end":{"line":3,"column":null}},"3":{"start":{"line":4,"column":4},"end":{"line":4,"column":null}},"4":{"start":{"line":9,"column":0},"end":{"line":9,"column":9}},"5":{"start":{"line":9,"column":9},"end":{"line":9,"column":57}},"6":{"start":{"line":10,"column":0},"end":{"line":10,"column":9}},"7":{"start":{"line":10,"column":9},"end":{"line":10,"column":22}},"8":{"start":{"line":10,"column":22},"end":{"line":10,"column":77}},"9":{"start":{"line":11,"column":0},"end":{"line":11,"column":9}},"10":{"start":{"line":11,"column":9},"end":{"line":11,"column":62}},"11":{"start":{"line":12,"column":0},"end":{"line":12,"column":9}},"12":{"start":{"line":12,"column":9},"end":{"line":12,"column":52}},"13":{"start":{"line":13,"column":0},"end":{"line":13,"column":9}},"14":{"start":{"line":13,"column":9},"end":{"line":13,"column":46}},"15":{"start":{"line":14,"column":0},"end":{"line":14,"column":9}},"16":{"start":{"line":14,"column":9},"end":{"line":14,"column":63}},"17":{"start":{"line":15,"column":0},"end":{"line":15,"column":null}},"18":{"start":{"line":16,"column":4},"end":{"line":16,"column":null}},"19":{"start":{"line":17,"column":4},"end":{"line":17,"column":null}},"20":{"start":{"line":19,"column":0},"end":{"line":19,"column":9}},"21":{"start":{"line":19,"column":9},"end":{"line":19,"column":56}},"22":{"start":{"line":20,"column":0},"end":{"line":20,"column":9}},"23":{"start":{"line":20,"column":9},"end":{"line":20,"column":65}},"24":{"start":{"line":21,"column":0},"end":{"line":21,"column":null}},"25":{"start":{"line":27,"column":4},"end":{"line":27,"column":null}},"26":{"start":{"line":28,"column":4},"end":{"line":28,"column":null}},"27":{"start":{"line":29,"column":4},"end":{"line":29,"column":null}},"28":{"start":{"line":31,"column":0},"end":{"line":31,"column":9}},"29":{"start":{"line":31,"column":9},"end":{"line":31,"column":44}},"30":{"start":{"line":32,"column":0},"end":{"line":32,"column":9}},"31":{"start":{"line":32,"column":9},"end":{"line":32,"column":45}},"32":{"start":{"line":33,"column":0},"end":{"line":33,"column":null}},"33":{"start":{"line":34,"column":4},"end":{"line":34,"column":null}},"34":{"start":{"line":35,"column":4},"end":{"line":35,"column":null}},"35":{"start":{"line":37,"column":0},"end":{"line":37,"column":9}},"36":{"start":{"line":37,"column":9},"end":{"line":37,"column":62}},"37":{"start":{"line":49,"column":0},"end":{"line":49,"column":null}},"38":{"start":{"line":55,"column":4},"end":{"line":55,"column":null}},"39":{"start":{"line":71,"column":0},"end":{"line":71,"column":9}},"40":{"start":{"line":71,"column":9},"end":{"line":71,"column":50}},"41":{"start":{"line":73,"column":0},"end":{"line":73,"column":9}},"42":{"start":{"line":73,"column":9},"end":{"line":73,"column":62}},"43":{"start":{"line":74,"column":0},"end":{"line":74,"column":9}},"44":{"start":{"line":74,"column":9},"end":{"line":74,"column":61}}},"fnMap":{},"branchMap":{},"s":{"0":5,"1":5,"2":5,"3":5,"4":5,"5":5,"6":5,"7":5,"8":5,"9":5,"10":5,"11":5,"12":5,"13":5,"14":5,"15":5,"16":5,"17":5,"18":5,"19":5,"20":5,"21":5,"22":5,"23":5,"24":5,"25":5,"26":5,"27":5,"28":5,"29":5,"30":5,"31":5,"32":5,"33":5,"34":5,"35":5,"36":5,"37":5,"38":5,"39":5,"40":5,"41":5,"42":5,"43":5,"44":5},"f":{},"b":{}}
,"/Users/mattperry/Sites/motion/src/types.ts": {"path":"/Users/mattperry/Sites/motion/src/types.ts","statementMap":{"0":{"start":{"line":3,"column":0},"end":{"line":3,"column":9}},"1":{"start":{"line":3,"column":9},"end":{"line":3,"column":38}}},"fnMap":{},"branchMap":{},"s":{"0":5,"1":5},"f":{},"b":{}}
,"/Users/mattperry/Sites/motion/src/animation/AnimationControls.ts": {"path":"/Users/mattperry/Sites/motion/src/animation/AnimationControls.ts","statementMap":{"0":{"start":{"line":7,"column":0},"end":{"line":7,"column":38}},"1":{"start":{"line":19,"column":0},"end":{"line":19,"column":13}},"2":{"start":{"line":25,"column":12},"end":{"line":25,"column":null}},"3":{"start":{"line":39,"column":12},"end":{"line":39,"column":null}},"4":{"start":{"line":46,"column":12},"end":{"line":46,"column":null}},"5":{"start":{"line":62,"column":4},"end":{"line":67,"column":null}},"6":{"start":{"line":63,"column":8},"end":{"line":63,"column":null}},"7":{"start":{"line":64,"column":8},"end":{"line":66,"column":null}},"8":{"start":{"line":65,"column":12},"end":{"line":65,"column":null}},"9":{"start":{"line":76,"column":4},"end":{"line":81,"column":null}},"10":{"start":{"line":77,"column":8},"end":{"line":77,"column":null}},"11":{"start":{"line":78,"column":8},"end":{"line":80,"column":null}},"12":{"start":{"line":79,"column":12},"end":{"line":79,"column":null}},"13":{"start":{"line":91,"column":4},"end":{"line":98,"column":null}},"14":{"start":{"line":91,"column":4},"end":{"line":91,"column":13}},"15":{"start":{"line":92,"column":8},"end":{"line":92,"column":null}},"16":{"start":{"line":93,"column":8},"end":{"line":93,"column":null}},"17":{"start":{"line":93,"column":27},"end":{"line":93,"column":null}},"18":{"start":{"line":94,"column":8},"end":{"line":95,"column":null}},"19":{"start":{"line":95,"column":12},"end":{"line":95,"column":null}},"20":{"start":{"line":97,"column":8},"end":{"line":97,"column":null}},"21":{"start":{"line":97,"column":21},"end":{"line":97,"column":null}},"22":{"start":{"line":119,"column":4},"end":{"line":141,"column":null}},"23":{"start":{"line":119,"column":4},"end":{"line":119,"column":9}},"24":{"start":{"line":123,"column":8},"end":{"line":140,"column":null}},"25":{"start":{"line":124,"column":52},"end":{"line":124,"column":54}},"26":{"start":{"line":125,"column":12},"end":{"line":130,"column":null}},"27":{"start":{"line":126,"column":34},"end":{"line":128,"column":18}},"28":{"start":{"line":129,"column":16},"end":{"line":129,"column":null}},"29":{"start":{"line":132,"column":12},"end":{"line":132,"column":null}},"30":{"start":{"line":134,"column":12},"end":{"line":139,"column":null}},"31":{"start":{"line":135,"column":16},"end":{"line":138,"column":null}},"32":{"start":{"line":163,"column":4},"end":{"line":172,"column":null}},"33":{"start":{"line":164,"column":8},"end":{"line":167,"column":null}},"34":{"start":{"line":169,"column":8},"end":{"line":171,"column":null}},"35":{"start":{"line":170,"column":12},"end":{"line":170,"column":null}},"36":{"start":{"line":183,"column":4},"end":{"line":185,"column":null}},"37":{"start":{"line":184,"column":8},"end":{"line":184,"column":null}},"38":{"start":{"line":184,"column":51},"end":{"line":184,"column":67}},"39":{"start":{"line":192,"column":4},"end":{"line":197,"column":null}},"40":{"start":{"line":192,"column":4},"end":{"line":192,"column":9}},"41":{"start":{"line":193,"column":8},"end":{"line":193,"column":null}},"42":{"start":{"line":194,"column":8},"end":{"line":196,"column":null}},"43":{"start":{"line":194,"column":42},"end":{"line":194,"column":51}},"44":{"start":{"line":194,"column":53},"end":{"line":194,"column":60}},"45":{"start":{"line":195,"column":12},"end":{"line":195,"column":null}},"46":{"start":{"line":204,"column":4},"end":{"line":207,"column":null}},"47":{"start":{"line":205,"column":8},"end":{"line":205,"column":null}},"48":{"start":{"line":206,"column":8},"end":{"line":206,"column":null}},"49":{"start":{"line":208,"column":0},"end":{"line":208,"column":null}},"50":{"start":{"line":19,"column":13},"end":{"line":19,"column":30}},"51":{"start":{"line":213,"column":13},"end":{"line":213,"column":null}},"52":{"start":{"line":213,"column":39},"end":{"line":213,"column":null}}},"fnMap":{"0":{"name":"(anonymous_0)","decl":{"start":{"line":19,"column":0},"end":{"line":19,"column":13}},"loc":{"start":{"line":19,"column":0},"end":{"line":208,"column":null}}},"1":{"name":"(anonymous_2)","decl":{"start":{"line":62,"column":4},"end":{"line":62,"column":15}},"loc":{"start":{"line":62,"column":34},"end":{"line":67,"column":5}}},"2":{"name":"(anonymous_3)","decl":{"start":{"line":64,"column":39},"end":{"line":64,"column":47}},"loc":{"start":{"line":64,"column":47},"end":{"line":65,"column":20}}},"3":{"name":"(anonymous_4)","decl":{"start":{"line":76,"column":4},"end":{"line":76,"column":24}},"loc":{"start":{"line":76,"column":47},"end":{"line":81,"column":5}}},"4":{"name":"(anonymous_5)","decl":{"start":{"line":78,"column":39},"end":{"line":78,"column":47}},"loc":{"start":{"line":78,"column":47},"end":{"line":79,"column":20}}},"5":{"name":"(anonymous_6)","decl":{"start":{"line":91,"column":4},"end":{"line":91,"column":13}},"loc":{"start":{"line":91,"column":46},"end":{"line":98,"column":5}}},"6":{"name":"(anonymous_7)","decl":{"start":{"line":97,"column":15},"end":{"line":97,"column":21}},"loc":{"start":{"line":97,"column":15},"end":{"line":97,"column":25}}},"7":{"name":"(anonymous_8)","decl":{"start":{"line":119,"column":4},"end":{"line":119,"column":9}},"loc":{"start":{"line":121,"column":39},"end":{"line":141,"column":5}}},"8":{"name":"(anonymous_9)","decl":{"start":{"line":125,"column":43},"end":{"line":125,"column":51}},"loc":{"start":{"line":125,"column":51},"end":{"line":130,"column":13}}},"9":{"name":"(anonymous_10)","decl":{"start":{"line":134,"column":31},"end":{"line":134,"column":38}},"loc":{"start":{"line":134,"column":38},"end":{"line":139,"column":13}}},"10":{"name":"(anonymous_11)","decl":{"start":{"line":163,"column":4},"end":{"line":163,"column":7}},"loc":{"start":{"line":163,"column":55},"end":{"line":172,"column":5}}},"11":{"name":"(anonymous_12)","decl":{"start":{"line":169,"column":46},"end":{"line":169,"column":54}},"loc":{"start":{"line":169,"column":54},"end":{"line":170,"column":20}}},"12":{"name":"(anonymous_13)","decl":{"start":{"line":183,"column":4},"end":{"line":183,"column":8}},"loc":{"start":{"line":183,"column":4},"end":{"line":185,"column":5}}},"13":{"name":"(anonymous_14)","decl":{"start":{"line":184,"column":39},"end":{"line":184,"column":47}},"loc":{"start":{"line":184,"column":47},"end":{"line":184,"column":59}}},"14":{"name":"(anonymous_15)","decl":{"start":{"line":192,"column":4},"end":{"line":192,"column":9}},"loc":{"start":{"line":192,"column":4},"end":{"line":197,"column":5}}},"15":{"name":"(anonymous_16)","decl":{"start":{"line":194,"column":39},"end":{"line":194,"column":40}},"loc":{"start":{"line":194,"column":62},"end":{"line":195,"column":16}}},"16":{"name":"(anonymous_17)","decl":{"start":{"line":204,"column":4},"end":{"line":204,"column":11}},"loc":{"start":{"line":204,"column":4},"end":{"line":207,"column":5}}},"17":{"name":"(anonymous_18)","decl":{"start":{"line":213,"column":33},"end":{"line":213,"column":39}},"loc":{"start":{"line":213,"column":33},"end":{"line":213,"column":43}}}},"branchMap":{"0":{"loc":{"start":{"line":93,"column":8},"end":{"line":93,"column":null}},"type":"if","locations":[{"start":{"line":93,"column":8},"end":{"line":93,"column":null}},{"start":{"line":93,"column":8},"end":{"line":93,"column":null}}]},"1":{"loc":{"start":{"line":94,"column":8},"end":{"line":95,"column":null}},"type":"if","locations":[{"start":{"line":94,"column":8},"end":{"line":95,"column":null}},{"start":{"line":94,"column":8},"end":{"line":95,"column":null}}]},"2":{"loc":{"start":{"line":123,"column":8},"end":{"line":140,"column":null}},"type":"if","locations":[{"start":{"line":123,"column":8},"end":{"line":140,"column":null}},{"start":{"line":123,"column":8},"end":{"line":140,"column":null}}]}},"s":{"0":19,"1":19,"2":11,"3":11,"4":11,"5":19,"6":0,"7":0,"8":0,"9":19,"10":0,"11":0,"12":0,"13":19,"14":12,"15":12,"16":12,"17":0,"18":12,"19":0,"20":12,"21":12,"22":19,"23":17,"24":17,"25":13,"26":13,"27":13,"28":13,"29":13,"30":4,"31":4,"32":19,"33":4,"34":4,"35":6,"36":19,"37":11,"38":12,"39":19,"40":11,"41":11,"42":11,"43":4,"44":4,"45":4,"46":19,"47":11,"48":11,"49":19,"50":19,"51":19,"52":0},"f":{"0":30,"1":0,"2":0,"3":0,"4":0,"5":12,"6":12,"7":17,"8":13,"9":4,"10":4,"11":6,"12":11,"13":12,"14":11,"15":4,"16":11,"17":0},"b":{"0":[0,12],"1":[0,12],"2":[13,4]}}
,"/Users/mattperry/Sites/motion/src/animation/ValueAnimationControls.ts": {"path":"/Users/mattperry/Sites/motion/src/animation/ValueAnimationControls.ts","statementMap":{"0":{"start":{"line":2,"column":0},"end":{"line":2,"column":51}},"1":{"start":{"line":3,"column":0},"end":{"line":3,"column":43}},"2":{"start":{"line":15,"column":0},"end":{"line":15,"column":69}},"3":{"start":{"line":16,"column":0},"end":{"line":16,"column":49}},"4":{"start":{"line":17,"column":0},"end":{"line":17,"column":52}},"5":{"start":{"line":18,"column":0},"end":{"line":18,"column":38}},"6":{"start":{"line":40,"column":19},"end":{"line":44,"column":1}},"7":{"start":{"line":41,"column":20},"end":{"line":41,"column":22}},"8":{"start":{"line":42,"column":4},"end":{"line":42,"column":null}},"9":{"start":{"line":42,"column":35},"end":{"line":42,"column":64}},"10":{"start":{"line":43,"column":4},"end":{"line":43,"column":null}},"11":{"start":{"line":50,"column":20},"end":{"line":54,"column":1}},"12":{"start":{"line":51,"column":21},"end":{"line":51,"column":23}},"13":{"start":{"line":52,"column":4},"end":{"line":52,"column":null}},"14":{"start":{"line":52,"column":35},"end":{"line":52,"column":73}},"15":{"start":{"line":53,"column":4},"end":{"line":53,"column":null}},"16":{"start":{"line":61,"column":25},"end":{"line":63,"column":1}},"17":{"start":{"line":62,"column":4},"end":{"line":62,"column":null}},"18":{"start":{"line":69,"column":24},"end":{"line":69,"column":56}},"19":{"start":{"line":69,"column":51},"end":{"line":69,"column":null}},"20":{"start":{"line":74,"column":26},"end":{"line":74,"column":54}},"21":{"start":{"line":74,"column":41},"end":{"line":74,"column":null}},"22":{"start":{"line":96,"column":0},"end":{"line":96,"column":13}},"23":{"start":{"line":160,"column":4},"end":{"line":160,"column":16}},"24":{"start":{"line":161,"column":8},"end":{"line":161,"column":14}},"25":{"start":{"line":162,"column":8},"end":{"line":162,"column":27}},"26":{"start":{"line":163,"column":8},"end":{"line":163,"column":28}},"27":{"start":{"line":117,"column":12},"end":{"line":117,"column":null}},"28":{"start":{"line":122,"column":12},"end":{"line":122,"column":null}},"29":{"start":{"line":127,"column":12},"end":{"line":127,"column":null}},"30":{"start":{"line":132,"column":12},"end":{"line":132,"column":null}},"31":{"start":{"line":137,"column":12},"end":{"line":137,"column":null}},"32":{"start":{"line":147,"column":12},"end":{"line":147,"column":null}},"33":{"start":{"line":295,"column":12},"end":{"line":295,"column":null}},"34":{"start":{"line":295,"column":40},"end":{"line":295,"column":null}},"35":{"start":{"line":165,"column":8},"end":{"line":165,"column":null}},"36":{"start":{"line":166,"column":8},"end":{"line":166,"column":null}},"37":{"start":{"line":167,"column":8},"end":{"line":167,"column":null}},"38":{"start":{"line":169,"column":8},"end":{"line":171,"column":null}},"39":{"start":{"line":170,"column":28},"end":{"line":170,"column":null}},"40":{"start":{"line":178,"column":4},"end":{"line":180,"column":null}},"41":{"start":{"line":179,"column":8},"end":{"line":179,"column":null}},"42":{"start":{"line":186,"column":4},"end":{"line":188,"column":null}},"43":{"start":{"line":187,"column":8},"end":{"line":187,"column":null}},"44":{"start":{"line":187,"column":22},"end":{"line":187,"column":null}},"45":{"start":{"line":194,"column":4},"end":{"line":196,"column":null}},"46":{"start":{"line":195,"column":8},"end":{"line":195,"column":null}},"47":{"start":{"line":195,"column":24},"end":{"line":195,"column":null}},"48":{"start":{"line":204,"column":12},"end":{"line":225,"column":null}},"49":{"start":{"line":204,"column":4},"end":{"line":204,"column":12}},"50":{"start":{"line":206,"column":8},"end":{"line":206,"column":10}},"51":{"start":{"line":206,"column":10},"end":{"line":206,"column":30}},"52":{"start":{"line":206,"column":32},"end":{"line":206,"column":40}},"53":{"start":{"line":208,"column":8},"end":{"line":208,"column":null}},"54":{"start":{"line":210,"column":8},"end":{"line":224,"column":null}},"55":{"start":{"line":211,"column":12},"end":{"line":211,"column":41}},"56":{"start":{"line":211,"column":35},"end":{"line":211,"column":41}},"57":{"start":{"line":213,"column":12},"end":{"line":213,"column":null}},"58":{"start":{"line":214,"column":32},"end":{"line":214,"column":73}},"59":{"start":{"line":216,"column":12},"end":{"line":221,"column":null}},"60":{"start":{"line":217,"column":30},"end":{"line":217,"column":50}},"61":{"start":{"line":218,"column":16},"end":{"line":218,"column":null}},"62":{"start":{"line":220,"column":16},"end":{"line":220,"column":null}},"63":{"start":{"line":223,"column":12},"end":{"line":223,"column":null}},"64":{"start":{"line":223,"column":27},"end":{"line":223,"column":null}},"65":{"start":{"line":235,"column":12},"end":{"line":238,"column":null}},"66":{"start":{"line":236,"column":16},"end":{"line":236,"column":31}},"67":{"start":{"line":237,"column":8},"end":{"line":237,"column":null}},"68":{"start":{"line":250,"column":12},"end":{"line":289,"column":null}},"69":{"start":{"line":251,"column":29},"end":{"line":251,"column":70}},"70":{"start":{"line":252,"column":29},"end":{"line":252,"column":48}},"71":{"start":{"line":253,"column":8},"end":{"line":253,"column":33}},"72":{"start":{"line":253,"column":27},"end":{"line":253,"column":33}},"73":{"start":{"line":255,"column":8},"end":{"line":288,"column":null}},"74":{"start":{"line":255,"column":21},"end":{"line":255,"column":22}},"75":{"start":{"line":256,"column":24},"end":{"line":256,"column":39}},"76":{"start":{"line":257,"column":32},"end":{"line":257,"column":43}},"77":{"start":{"line":258,"column":48},"end":{"line":258,"column":52}},"78":{"start":{"line":262,"column":12},"end":{"line":264,"column":null}},"79":{"start":{"line":263,"column":16},"end":{"line":263,"column":null}},"80":{"start":{"line":269,"column":12},"end":{"line":276,"column":null}},"81":{"start":{"line":270,"column":16},"end":{"line":270,"column":null}},"82":{"start":{"line":272,"column":16},"end":{"line":275,"column":null}},"83":{"start":{"line":278,"column":12},"end":{"line":284,"column":null}},"84":{"start":{"line":280,"column":16},"end":{"line":280,"column":null}},"85":{"start":{"line":281,"column":19},"end":{"line":284,"column":null}},"86":{"start":{"line":283,"column":16},"end":{"line":283,"column":null}},"87":{"start":{"line":286,"column":12},"end":{"line":286,"column":null}},"88":{"start":{"line":287,"column":12},"end":{"line":287,"column":null}},"89":{"start":{"line":301,"column":12},"end":{"line":332,"column":null}},"90":{"start":{"line":308,"column":8},"end":{"line":314,"column":null}},"91":{"start":{"line":309,"column":12},"end":{"line":313,"column":null}},"92":{"start":{"line":316,"column":8},"end":{"line":323,"column":null}},"93":{"start":{"line":318,"column":12},"end":{"line":322,"column":null}},"94":{"start":{"line":326,"column":12},"end":{"line":326,"column":47}},"95":{"start":{"line":327,"column":12},"end":{"line":327,"column":25}},"96":{"start":{"line":328,"column":12},"end":{"line":328,"column":21}},"97":{"start":{"line":331,"column":8},"end":{"line":331,"column":null}},"98":{"start":{"line":337,"column":12},"end":{"line":340,"column":null}},"99":{"start":{"line":338,"column":8},"end":{"line":338,"column":null}},"100":{"start":{"line":338,"column":40},"end":{"line":338,"column":null}},"101":{"start":{"line":339,"column":8},"end":{"line":339,"column":60}},"102":{"start":{"line":351,"column":4},"end":{"line":359,"column":null}},"103":{"start":{"line":352,"column":8},"end":{"line":352,"column":null}},"104":{"start":{"line":354,"column":8},"end":{"line":358,"column":null}},"105":{"start":{"line":355,"column":12},"end":{"line":357,"column":null}},"106":{"start":{"line":356,"column":16},"end":{"line":356,"column":null}},"107":{"start":{"line":365,"column":4},"end":{"line":371,"column":null}},"108":{"start":{"line":366,"column":25},"end":{"line":366,"column":54}},"109":{"start":{"line":368,"column":8},"end":{"line":370,"column":null}},"110":{"start":{"line":369,"column":12},"end":{"line":369,"column":null}},"111":{"start":{"line":378,"column":4},"end":{"line":409,"column":null}},"112":{"start":{"line":378,"column":4},"end":{"line":378,"column":17}},"113":{"start":{"line":379,"column":8},"end":{"line":381,"column":null}},"114":{"start":{"line":380,"column":12},"end":{"line":380,"column":null}},"115":{"start":{"line":380,"column":43},"end":{"line":380,"column":78}},"116":{"start":{"line":383,"column":25},"end":{"line":383,"column":54}},"117":{"start":{"line":384,"column":8},"end":{"line":384,"column":29}},"118":{"start":{"line":384,"column":23},"end":{"line":384,"column":29}},"119":{"start":{"line":386,"column":8},"end":{"line":386,"column":null}},"120":{"start":{"line":387,"column":24},"end":{"line":387,"column":49}},"121":{"start":{"line":388,"column":8},"end":{"line":388,"column":null}},"122":{"start":{"line":390,"column":8},"end":{"line":393,"column":null}},"123":{"start":{"line":391,"column":36},"end":{"line":391,"column":59}},"124":{"start":{"line":392,"column":12},"end":{"line":392,"column":null}},"125":{"start":{"line":396,"column":31},"end":{"line":396,"column":68}},"126":{"start":{"line":397,"column":8},"end":{"line":397,"column":35}},"127":{"start":{"line":397,"column":29},"end":{"line":397,"column":35}},"128":{"start":{"line":399,"column":40},"end":{"line":399,"column":42}},"129":{"start":{"line":401,"column":8},"end":{"line":405,"column":null}},"130":{"start":{"line":402,"column":12},"end":{"line":404,"column":null}},"131":{"start":{"line":403,"column":16},"end":{"line":403,"column":null}},"132":{"start":{"line":407,"column":8},"end":{"line":407,"column":null}},"133":{"start":{"line":408,"column":8},"end":{"line":408,"column":null}},"134":{"start":{"line":408,"column":49},"end":{"line":408,"column":67}},"135":{"start":{"line":414,"column":4},"end":{"line":422,"column":null}},"136":{"start":{"line":415,"column":8},"end":{"line":421,"column":null}},"137":{"start":{"line":416,"column":12},"end":{"line":416,"column":null}},"138":{"start":{"line":417,"column":15},"end":{"line":421,"column":null}},"139":{"start":{"line":418,"column":12},"end":{"line":418,"column":null}},"140":{"start":{"line":420,"column":12},"end":{"line":420,"column":null}},"141":{"start":{"line":427,"column":12},"end":{"line":450,"column":null}},"142":{"start":{"line":427,"column":4},"end":{"line":427,"column":12}},"143":{"start":{"line":428,"column":38},"end":{"line":428,"column":47}},"144":{"start":{"line":429,"column":33},"end":{"line":429,"column":60}},"145":{"start":{"line":431,"column":8},"end":{"line":449,"column":null}},"146":{"start":{"line":432,"column":18},"end":{"line":432,"column":20}},"147":{"start":{"line":432,"column":20},"end":{"line":432,"column":26}},"148":{"start":{"line":432,"column":28},"end":{"line":432,"column":null}},"149":{"start":{"line":436,"column":12},"end":{"line":438,"column":null}},"150":{"start":{"line":437,"column":16},"end":{"line":437,"column":null}},"151":{"start":{"line":440,"column":12},"end":{"line":442,"column":null}},"152":{"start":{"line":441,"column":16},"end":{"line":441,"column":null}},"153":{"start":{"line":444,"column":12},"end":{"line":448,"column":null}},"154":{"start":{"line":445,"column":16},"end":{"line":447,"column":null}},"155":{"start":{"line":446,"column":20},"end":{"line":446,"column":null}},"156":{"start":{"line":452,"column":4},"end":{"line":471,"column":null}},"157":{"start":{"line":452,"column":4},"end":{"line":452,"column":9}},"158":{"start":{"line":452,"column":43},"end":{"line":452,"column":null}},"159":{"start":{"line":453,"column":8},"end":{"line":455,"column":null}},"160":{"start":{"line":454,"column":12},"end":{"line":454,"column":null}},"161":{"start":{"line":457,"column":8},"end":{"line":457,"column":null}},"162":{"start":{"line":461,"column":8},"end":{"line":467,"column":null}},"163":{"start":{"line":462,"column":12},"end":{"line":462,"column":null}},"164":{"start":{"line":463,"column":15},"end":{"line":467,"column":null}},"165":{"start":{"line":464,"column":12},"end":{"line":464,"column":null}},"166":{"start":{"line":466,"column":12},"end":{"line":466,"column":null}},"167":{"start":{"line":469,"column":8},"end":{"line":469,"column":null}},"168":{"start":{"line":470,"column":8},"end":{"line":470,"column":null}},"169":{"start":{"line":470,"column":36},"end":{"line":470,"column":54}},"170":{"start":{"line":473,"column":12},"end":{"line":544,"column":null}},"171":{"start":{"line":473,"column":4},"end":{"line":473,"column":12}},"172":{"start":{"line":475,"column":8},"end":{"line":475,"column":10}},"173":{"start":{"line":475,"column":10},"end":{"line":475,"column":19}},"174":{"start":{"line":475,"column":21},"end":{"line":475,"column":33}},"175":{"start":{"line":475,"column":35},"end":{"line":475,"column":53}},"176":{"start":{"line":477,"column":12},"end":{"line":477,"column":14}},"177":{"start":{"line":477,"column":14},"end":{"line":477,"column":20}},"178":{"start":{"line":477,"column":22},"end":{"line":477,"column":32}},"179":{"start":{"line":477,"column":34},"end":{"line":477,"column":null}},"180":{"start":{"line":481,"column":8},"end":{"line":483,"column":null}},"181":{"start":{"line":482,"column":12},"end":{"line":482,"column":null}},"182":{"start":{"line":485,"column":8},"end":{"line":485,"column":null}},"183":{"start":{"line":485,"column":21},"end":{"line":485,"column":null}},"184":{"start":{"line":487,"column":8},"end":{"line":487,"column":null}},"185":{"start":{"line":488,"column":8},"end":{"line":490,"column":null}},"186":{"start":{"line":489,"column":12},"end":{"line":489,"column":null}},"187":{"start":{"line":492,"column":8},"end":{"line":492,"column":null}},"188":{"start":{"line":494,"column":8},"end":{"line":501,"column":null}},"189":{"start":{"line":495,"column":31},"end":{"line":497,"column":null}},"190":{"start":{"line":499,"column":12},"end":{"line":499,"column":null}},"191":{"start":{"line":500,"column":12},"end":{"line":500,"column":null}},"192":{"start":{"line":503,"column":8},"end":{"line":505,"column":null}},"193":{"start":{"line":504,"column":12},"end":{"line":504,"column":null}},"194":{"start":{"line":507,"column":8},"end":{"line":507,"column":null}},"195":{"start":{"line":509,"column":27},"end":{"line":537,"column":null}},"196":{"start":{"line":511,"column":30},"end":{"line":511,"column":null}},"197":{"start":{"line":514,"column":16},"end":{"line":514,"column":null}},"198":{"start":{"line":514,"column":68},"end":{"line":514,"column":null}},"199":{"start":{"line":516,"column":36},"end":{"line":516,"column":47}},"200":{"start":{"line":518,"column":16},"end":{"line":522,"column":null}},"201":{"start":{"line":519,"column":20},"end":{"line":521,"column":null}},"202":{"start":{"line":524,"column":16},"end":{"line":524,"column":null}},"203":{"start":{"line":524,"column":47},"end":{"line":524,"column":null}},"204":{"start":{"line":526,"column":16},"end":{"line":531,"column":null}},"205":{"start":{"line":533,"column":16},"end":{"line":533,"column":null}},"206":{"start":{"line":535,"column":16},"end":{"line":535,"column":null}},"207":{"start":{"line":540,"column":8},"end":{"line":543,"column":null}},"208":{"start":{"line":541,"column":12},"end":{"line":541,"column":38}},"209":{"start":{"line":541,"column":32},"end":{"line":541,"column":38}},"210":{"start":{"line":542,"column":12},"end":{"line":542,"column":null}},"211":{"start":{"line":546,"column":12},"end":{"line":554,"column":null}},"212":{"start":{"line":546,"column":4},"end":{"line":546,"column":12}},"213":{"start":{"line":550,"column":31},"end":{"line":552,"column":59}},"214":{"start":{"line":552,"column":26},"end":{"line":552,"column":59}},"215":{"start":{"line":553,"column":8},"end":{"line":553,"column":null}},"216":{"start":{"line":556,"column":12},"end":{"line":600,"column":null}},"217":{"start":{"line":556,"column":4},"end":{"line":556,"column":12}},"218":{"start":{"line":557,"column":42},"end":{"line":557,"column":47}},"219":{"start":{"line":558,"column":28},"end":{"line":558,"column":29}},"220":{"start":{"line":559,"column":30},"end":{"line":559,"column":31}},"221":{"start":{"line":560,"column":31},"end":{"line":560,"column":32}},"222":{"start":{"line":561,"column":25},"end":{"line":561,"column":53}},"223":{"start":{"line":562,"column":24},"end":{"line":562,"column":51}},"224":{"start":{"line":564,"column":50},"end":{"line":566,"column":27}},"225":{"start":{"line":565,"column":20},"end":{"line":565,"column":null}},"226":{"start":{"line":566,"column":20},"end":{"line":566,"column":null}},"227":{"start":{"line":568,"column":58},"end":{"line":578,"column":27}},"228":{"start":{"line":570,"column":18},"end":{"line":576,"column":null}},"229":{"start":{"line":578,"column":20},"end":{"line":578,"column":null}},"230":{"start":{"line":580,"column":8},"end":{"line":589,"column":null}},"231":{"start":{"line":581,"column":20},"end":{"line":581,"column":30}},"232":{"start":{"line":582,"column":12},"end":{"line":588,"column":null}},"233":{"start":{"line":583,"column":16},"end":{"line":583,"column":null}},"234":{"start":{"line":584,"column":16},"end":{"line":584,"column":null}},"235":{"start":{"line":585,"column":16},"end":{"line":585,"column":null}},"236":{"start":{"line":586,"column":16},"end":{"line":587,"column":null}},"237":{"start":{"line":591,"column":8},"end":{"line":599,"column":null}},"238":{"start":{"line":592,"column":18},"end":{"line":595,"column":null}},"239":{"start":{"line":592,"column":19},"end":{"line":592,"column":24}},"240":{"start":{"line":592,"column":26},"end":{"line":592,"column":null}},"241":{"start":{"line":596,"column":12},"end":{"line":596,"column":null}},"242":{"start":{"line":598,"column":12},"end":{"line":598,"column":null}},"243":{"start":{"line":602,"column":12},"end":{"line":629,"column":null}},"244":{"start":{"line":604,"column":8},"end":{"line":604,"column":null}},"245":{"start":{"line":605,"column":8},"end":{"line":605,"column":null}},"246":{"start":{"line":606,"column":8},"end":{"line":606,"column":null}},"247":{"start":{"line":607,"column":8},"end":{"line":607,"column":null}},"248":{"start":{"line":609,"column":8},"end":{"line":611,"column":null}},"249":{"start":{"line":610,"column":12},"end":{"line":610,"column":null}},"250":{"start":{"line":613,"column":48},"end":{"line":613,"column":50}},"251":{"start":{"line":614,"column":35},"end":{"line":614,"column":77}},"252":{"start":{"line":616,"column":12},"end":{"line":618,"column":51}},"253":{"start":{"line":617,"column":33},"end":{"line":617,"column":null}},"254":{"start":{"line":618,"column":33},"end":{"line":618,"column":null}},"255":{"start":{"line":620,"column":8},"end":{"line":626,"column":null}},"256":{"start":{"line":621,"column":30},"end":{"line":624,"column":14}},"257":{"start":{"line":625,"column":12},"end":{"line":625,"column":null}},"258":{"start":{"line":628,"column":8},"end":{"line":628,"column":null}},"259":{"start":{"line":631,"column":12},"end":{"line":634,"column":null}},"260":{"start":{"line":632,"column":16},"end":{"line":632,"column":32}},"261":{"start":{"line":633,"column":8},"end":{"line":633,"column":null}},"262":{"start":{"line":636,"column":12},"end":{"line":639,"column":null}},"263":{"start":{"line":637,"column":16},"end":{"line":637,"column":35}},"264":{"start":{"line":638,"column":8},"end":{"line":638,"column":null}},"265":{"start":{"line":641,"column":12},"end":{"line":652,"column":null}},"266":{"start":{"line":642,"column":29},"end":{"line":642,"column":50}},"267":{"start":{"line":643,"column":8},"end":{"line":651,"column":null}},"268":{"start":{"line":643,"column":21},"end":{"line":643,"column":33}},"269":{"start":{"line":644,"column":37},"end":{"line":644,"column":62}},"270":{"start":{"line":646,"column":12},"end":{"line":650,"column":null}},"271":{"start":{"line":647,"column":16},"end":{"line":649,"column":null}},"272":{"start":{"line":648,"column":20},"end":{"line":648,"column":null}},"273":{"start":{"line":654,"column":12},"end":{"line":666,"column":null}},"274":{"start":{"line":654,"column":29},"end":{"line":654,"column":null}},"275":{"start":{"line":655,"column":8},"end":{"line":655,"column":null}},"276":{"start":{"line":659,"column":8},"end":{"line":661,"column":null}},"277":{"start":{"line":660,"column":12},"end":{"line":660,"column":null}},"278":{"start":{"line":663,"column":8},"end":{"line":665,"column":null}},"279":{"start":{"line":664,"column":12},"end":{"line":664,"column":null}},"280":{"start":{"line":664,"column":43},"end":{"line":664,"column":76}},"281":{"start":{"line":668,"column":4},"end":{"line":670,"column":null}},"282":{"start":{"line":669,"column":8},"end":{"line":669,"column":null}},"283":{"start":{"line":669,"column":37},"end":{"line":669,"column":50}},"284":{"start":{"line":676,"column":4},"end":{"line":687,"column":null}},"285":{"start":{"line":677,"column":8},"end":{"line":679,"column":null}},"286":{"start":{"line":678,"column":12},"end":{"line":678,"column":null}},"287":{"start":{"line":680,"column":8},"end":{"line":680,"column":null}},"288":{"start":{"line":684,"column":8},"end":{"line":686,"column":null}},"289":{"start":{"line":685,"column":12},"end":{"line":685,"column":null}},"290":{"start":{"line":689,"column":4},"end":{"line":694,"column":null}},"291":{"start":{"line":690,"column":8},"end":{"line":692,"column":null}},"292":{"start":{"line":691,"column":12},"end":{"line":691,"column":18}},"293":{"start":{"line":693,"column":8},"end":{"line":693,"column":null}},"294":{"start":{"line":696,"column":4},"end":{"line":698,"column":null}},"295":{"start":{"line":697,"column":8},"end":{"line":697,"column":null}},"296":{"start":{"line":697,"column":27},"end":{"line":697,"column":null}},"297":{"start":{"line":699,"column":0},"end":{"line":699,"column":null}},"298":{"start":{"line":96,"column":13},"end":{"line":96,"column":35}}},"fnMap":{"0":{"name":"(anonymous_0)","decl":{"start":{"line":40,"column":19},"end":{"line":40,"column":20}},"loc":{"start":{"line":40,"column":43},"end":{"line":44,"column":1}}},"1":{"name":"(anonymous_1)","decl":{"start":{"line":42,"column":19},"end":{"line":42,"column":20}},"loc":{"start":{"line":42,"column":30},"end":{"line":42,"column":36}}},"2":{"name":"(anonymous_2)","decl":{"start":{"line":50,"column":20},"end":{"line":50,"column":21}},"loc":{"start":{"line":50,"column":44},"end":{"line":54,"column":1}}},"3":{"name":"(anonymous_3)","decl":{"start":{"line":52,"column":19},"end":{"line":52,"column":20}},"loc":{"start":{"line":52,"column":30},"end":{"line":52,"column":36}}},"4":{"name":"(anonymous_4)","decl":{"start":{"line":61,"column":25},"end":{"line":61,"column":26}},"loc":{"start":{"line":61,"column":32},"end":{"line":63,"column":1}}},"5":{"name":"(anonymous_5)","decl":{"start":{"line":69,"column":24},"end":{"line":69,"column":25}},"loc":{"start":{"line":69,"column":31},"end":{"line":69,"column":56}}},"6":{"name":"(anonymous_6)","decl":{"start":{"line":74,"column":26},"end":{"line":74,"column":27}},"loc":{"start":{"line":74,"column":36},"end":{"line":74,"column":54}}},"7":{"name":"(anonymous_7)","decl":{"start":{"line":96,"column":0},"end":{"line":96,"column":13}},"loc":{"start":{"line":96,"column":0},"end":{"line":699,"column":null}}},"8":{"name":"ValueAnimationControls","decl":{"start":{"line":160,"column":4},"end":{"line":160,"column":16}},"loc":{"start":{"line":164,"column":27},"end":{"line":172,"column":5}}},"9":{"name":"(anonymous_9)","decl":{"start":{"line":295,"column":23},"end":{"line":295,"column":24}},"loc":{"start":{"line":295,"column":35},"end":{"line":295,"column":41}}},"10":{"name":"(anonymous_10)","decl":{"start":{"line":170,"column":12},"end":{"line":170,"column":13}},"loc":{"start":{"line":170,"column":23},"end":{"line":170,"column":29}}},"11":{"name":"(anonymous_11)","decl":{"start":{"line":178,"column":4},"end":{"line":178,"column":12}},"loc":{"start":{"line":178,"column":35},"end":{"line":180,"column":5}}},"12":{"name":"(anonymous_12)","decl":{"start":{"line":186,"column":4},"end":{"line":186,"column":15}},"loc":{"start":{"line":186,"column":35},"end":{"line":188,"column":5}}},"13":{"name":"(anonymous_13)","decl":{"start":{"line":194,"column":4},"end":{"line":194,"column":24}},"loc":{"start":{"line":194,"column":48},"end":{"line":196,"column":5}}},"14":{"name":"(anonymous_14)","decl":{"start":{"line":204,"column":4},"end":{"line":204,"column":12}},"loc":{"start":{"line":206,"column":62},"end":{"line":225,"column":5}}},"15":{"name":"(anonymous_15)","decl":{"start":{"line":210,"column":43},"end":{"line":210,"column":46}},"loc":{"start":{"line":210,"column":46},"end":{"line":224,"column":9}}},"16":{"name":"(anonymous_16)","decl":{"start":{"line":235,"column":4},"end":{"line":235,"column":12}},"loc":{"start":{"line":235,"column":37},"end":{"line":238,"column":5}}},"17":{"name":"(anonymous_17)","decl":{"start":{"line":250,"column":4},"end":{"line":250,"column":12}},"loc":{"start":{"line":250,"column":57},"end":{"line":289,"column":5}}},"18":{"name":"(anonymous_18)","decl":{"start":{"line":301,"column":4},"end":{"line":301,"column":12}},"loc":{"start":{"line":302,"column":25},"end":{"line":332,"column":5}}},"19":{"name":"(anonymous_19)","decl":{"start":{"line":337,"column":4},"end":{"line":337,"column":12}},"loc":{"start":{"line":337,"column":4},"end":{"line":340,"column":5}}},"20":{"name":"(anonymous_20)","decl":{"start":{"line":351,"column":4},"end":{"line":351,"column":15}},"loc":{"start":{"line":351,"column":70},"end":{"line":359,"column":5}}},"21":{"name":"(anonymous_21)","decl":{"start":{"line":355,"column":34},"end":{"line":355,"column":39}},"loc":{"start":{"line":355,"column":39},"end":{"line":356,"column":21}}},"22":{"name":"(anonymous_22)","decl":{"start":{"line":365,"column":4},"end":{"line":365,"column":17}},"loc":{"start":{"line":365,"column":39},"end":{"line":371,"column":5}}},"23":{"name":"(anonymous_23)","decl":{"start":{"line":378,"column":4},"end":{"line":378,"column":17}},"loc":{"start":{"line":378,"column":39},"end":{"line":409,"column":5}}},"24":{"name":"(anonymous_24)","decl":{"start":{"line":380,"column":34},"end":{"line":380,"column":39}},"loc":{"start":{"line":380,"column":39},"end":{"line":380,"column":48}}},"25":{"name":"(anonymous_25)","decl":{"start":{"line":408,"column":43},"end":{"line":408,"column":49}},"loc":{"start":{"line":408,"column":43},"end":{"line":408,"column":53}}},"26":{"name":"(anonymous_26)","decl":{"start":{"line":414,"column":4},"end":{"line":414,"column":9}},"loc":{"start":{"line":414,"column":57},"end":{"line":422,"column":5}}},"27":{"name":"(anonymous_27)","decl":{"start":{"line":427,"column":4},"end":{"line":427,"column":12}},"loc":{"start":{"line":427,"column":57},"end":{"line":450,"column":5}}},"28":{"name":"(anonymous_28)","decl":{"start":{"line":431,"column":29},"end":{"line":431,"column":32}},"loc":{"start":{"line":431,"column":32},"end":{"line":449,"column":9}}},"29":{"name":"(anonymous_29)","decl":{"start":{"line":445,"column":38},"end":{"line":445,"column":43}},"loc":{"start":{"line":445,"column":43},"end":{"line":446,"column":25}}},"30":{"name":"(anonymous_30)","decl":{"start":{"line":452,"column":4},"end":{"line":452,"column":9}},"loc":{"start":{"line":452,"column":70},"end":{"line":471,"column":5}}},"31":{"name":"(anonymous_31)","decl":{"start":{"line":470,"column":30},"end":{"line":470,"column":36}},"loc":{"start":{"line":470,"column":30},"end":{"line":470,"column":40}}},"32":{"name":"(anonymous_32)","decl":{"start":{"line":473,"column":4},"end":{"line":473,"column":12}},"loc":{"start":{"line":475,"column":78},"end":{"line":544,"column":5}}},"33":{"name":"(anonymous_33)","decl":{"start":{"line":510,"column":12},"end":{"line":510,"column":13}},"loc":{"start":{"line":510,"column":21},"end":{"line":536,"column":13}}},"34":{"name":"(anonymous_34)","decl":{"start":{"line":540,"column":44},"end":{"line":540,"column":null}},"loc":{"start":{"line":540,"column":44},"end":{"line":543,"column":9}}},"35":{"name":"(anonymous_35)","decl":{"start":{"line":546,"column":4},"end":{"line":546,"column":12}},"loc":{"start":{"line":548,"column":31},"end":{"line":554,"column":5}}},"36":{"name":"(anonymous_36)","decl":{"start":{"line":552,"column":17},"end":{"line":552,"column":22}},"loc":{"start":{"line":552,"column":22},"end":{"line":552,"column":30}}},"37":{"name":"(anonymous_37)","decl":{"start":{"line":556,"column":4},"end":{"line":556,"column":12}},"loc":{"start":{"line":556,"column":72},"end":{"line":600,"column":5}}},"38":{"name":"(anonymous_38)","decl":{"start":{"line":565,"column":14},"end":{"line":565,"column":20}},"loc":{"start":{"line":565,"column":14},"end":{"line":565,"column":24}}},"39":{"name":"(anonymous_39)","decl":{"start":{"line":566,"column":14},"end":{"line":566,"column":20}},"loc":{"start":{"line":566,"column":14},"end":{"line":566,"column":27}}},"40":{"name":"(anonymous_40)","decl":{"start":{"line":569,"column":14},"end":{"line":569,"column":null}},"loc":{"start":{"line":569,"column":14},"end":{"line":577,"column":15}}},"41":{"name":"(anonymous_41)","decl":{"start":{"line":578,"column":14},"end":{"line":578,"column":20}},"loc":{"start":{"line":578,"column":14},"end":{"line":578,"column":27}}},"42":{"name":"(anonymous_42)","decl":{"start":{"line":602,"column":4},"end":{"line":602,"column":12}},"loc":{"start":{"line":607,"column":28},"end":{"line":629,"column":5}}},"43":{"name":"(anonymous_43)","decl":{"start":{"line":617,"column":18},"end":{"line":617,"column":19}},"loc":{"start":{"line":617,"column":28},"end":{"line":617,"column":34}}},"44":{"name":"(anonymous_44)","decl":{"start":{"line":618,"column":18},"end":{"line":618,"column":19}},"loc":{"start":{"line":618,"column":28},"end":{"line":618,"column":51}}},"45":{"name":"(anonymous_45)","decl":{"start":{"line":620,"column":42},"end":{"line":620,"column":43}},"loc":{"start":{"line":620,"column":59},"end":{"line":626,"column":9}}},"46":{"name":"(anonymous_46)","decl":{"start":{"line":631,"column":4},"end":{"line":631,"column":12}},"loc":{"start":{"line":631,"column":4},"end":{"line":634,"column":5}}},"47":{"name":"(anonymous_47)","decl":{"start":{"line":636,"column":4},"end":{"line":636,"column":12}},"loc":{"start":{"line":636,"column":4},"end":{"line":639,"column":5}}},"48":{"name":"(anonymous_48)","decl":{"start":{"line":641,"column":4},"end":{"line":641,"column":12}},"loc":{"start":{"line":641,"column":53},"end":{"line":652,"column":5}}},"49":{"name":"(anonymous_49)","decl":{"start":{"line":654,"column":4},"end":{"line":654,"column":12}},"loc":{"start":{"line":654,"column":49},"end":{"line":666,"column":5}}},"50":{"name":"(anonymous_50)","decl":{"start":{"line":664,"column":34},"end":{"line":664,"column":39}},"loc":{"start":{"line":664,"column":39},"end":{"line":664,"column":48}}},"51":{"name":"(anonymous_51)","decl":{"start":{"line":668,"column":4},"end":{"line":668,"column":8}},"loc":{"start":{"line":668,"column":4},"end":{"line":670,"column":5}}},"52":{"name":"(anonymous_52)","decl":{"start":{"line":669,"column":28},"end":{"line":669,"column":33}},"loc":{"start":{"line":669,"column":33},"end":{"line":669,"column":42}}},"53":{"name":"(anonymous_53)","decl":{"start":{"line":676,"column":4},"end":{"line":676,"column":12}},"loc":{"start":{"line":676,"column":45},"end":{"line":687,"column":5}}},"54":{"name":"(anonymous_54)","decl":{"start":{"line":684,"column":31},"end":{"line":684,"column":32}},"loc":{"start":{"line":684,"column":43},"end":{"line":686,"column":9}}},"55":{"name":"(anonymous_55)","decl":{"start":{"line":689,"column":4},"end":{"line":689,"column":15}},"loc":{"start":{"line":689,"column":48},"end":{"line":694,"column":5}}},"56":{"name":"(anonymous_56)","decl":{"start":{"line":696,"column":4},"end":{"line":696,"column":17}},"loc":{"start":{"line":696,"column":4},"end":{"line":698,"column":5}}}},"branchMap":{"0":{"loc":{"start":{"line":187,"column":8},"end":{"line":187,"column":null}},"type":"if","locations":[{"start":{"line":187,"column":8},"end":{"line":187,"column":null}},{"start":{"line":187,"column":8},"end":{"line":187,"column":null}}]},"1":{"loc":{"start":{"line":195,"column":8},"end":{"line":195,"column":null}},"type":"if","locations":[{"start":{"line":195,"column":8},"end":{"line":195,"column":null}},{"start":{"line":195,"column":8},"end":{"line":195,"column":null}}]},"2":{"loc":{"start":{"line":206,"column":8},"end":{"line":206,"column":10}},"type":"cond-expr","locations":[{"start":{"line":206,"column":8},"end":{"line":206,"column":10}},{"start":{"line":206,"column":8},"end":{"line":206,"column":10}}]},"3":{"loc":{"start":{"line":206,"column":10},"end":{"line":206,"column":30}},"type":"cond-expr","locations":[{"start":{"line":206,"column":10},"end":{"line":206,"column":30}},{"start":{"line":206,"column":10},"end":{"line":206,"column":30}}]},"4":{"loc":{"start":{"line":211,"column":12},"end":{"line":211,"column":41}},"type":"if","locations":[{"start":{"line":211,"column":12},"end":{"line":211,"column":41}},{"start":{"line":211,"column":12},"end":{"line":211,"column":41}}]},"5":{"loc":{"start":{"line":216,"column":12},"end":{"line":221,"column":null}},"type":"if","locations":[{"start":{"line":216,"column":12},"end":{"line":221,"column":null}},{"start":{"line":216,"column":12},"end":{"line":221,"column":null}}]},"6":{"loc":{"start":{"line":218,"column":16},"end":{"line":218,"column":21}},"type":"binary-expr","locations":[{"start":{"line":218,"column":16},"end":{"line":218,"column":21}},{"start":{"line":218,"column":25},"end":{"line":218,"column":47}}]},"7":{"loc":{"start":{"line":223,"column":12},"end":{"line":223,"column":null}},"type":"if","locations":[{"start":{"line":223,"column":12},"end":{"line":223,"column":null}},{"start":{"line":223,"column":12},"end":{"line":223,"column":null}}]},"8":{"loc":{"start":{"line":237,"column":33},"end":{"line":237,"column":56}},"type":"cond-expr","locations":[{"start":{"line":237,"column":33},"end":{"line":237,"column":56}},{"start":{"line":237,"column":59},"end":{"line":237,"column":65}}]},"9":{"loc":{"start":{"line":253,"column":8},"end":{"line":253,"column":33}},"type":"if","locations":[{"start":{"line":253,"column":8},"end":{"line":253,"column":33}},{"start":{"line":253,"column":8},"end":{"line":253,"column":33}}]},"10":{"loc":{"start":{"line":262,"column":12},"end":{"line":264,"column":null}},"type":"if","locations":[{"start":{"line":262,"column":12},"end":{"line":264,"column":null}},{"start":{"line":262,"column":12},"end":{"line":264,"column":null}}]},"11":{"loc":{"start":{"line":269,"column":12},"end":{"line":276,"column":null}},"type":"if","locations":[{"start":{"line":269,"column":12},"end":{"line":276,"column":null}},{"start":{"line":269,"column":12},"end":{"line":276,"column":null}}]},"12":{"loc":{"start":{"line":278,"column":12},"end":{"line":284,"column":null}},"type":"if","locations":[{"start":{"line":278,"column":12},"end":{"line":284,"column":null}},{"start":{"line":278,"column":12},"end":{"line":284,"column":null}}]},"13":{"loc":{"start":{"line":278,"column":16},"end":{"line":278,"column":41}},"type":"binary-expr","locations":[{"start":{"line":278,"column":16},"end":{"line":278,"column":41}},{"start":{"line":278,"column":45},"end":{"line":278,"column":69}}]},"14":{"loc":{"start":{"line":281,"column":19},"end":{"line":284,"column":null}},"type":"if","locations":[{"start":{"line":281,"column":19},"end":{"line":284,"column":null}},{"start":{"line":281,"column":19},"end":{"line":284,"column":null}}]},"15":{"loc":{"start":{"line":281,"column":23},"end":{"line":281,"column":43}},"type":"binary-expr","locations":[{"start":{"line":281,"column":23},"end":{"line":281,"column":43}},{"start":{"line":281,"column":47},"end":{"line":281,"column":72}}]},"16":{"loc":{"start":{"line":308,"column":8},"end":{"line":314,"column":null}},"type":"if","locations":[{"start":{"line":308,"column":8},"end":{"line":314,"column":null}},{"start":{"line":308,"column":8},"end":{"line":314,"column":null}}]},"17":{"loc":{"start":{"line":316,"column":8},"end":{"line":323,"column":null}},"type":"if","locations":[{"start":{"line":316,"column":8},"end":{"line":323,"column":null}},{"start":{"line":316,"column":8},"end":{"line":323,"column":null}}]},"18":{"loc":{"start":{"line":326,"column":12},"end":{"line":326,"column":47}},"type":"cond-expr","locations":[{"start":{"line":326,"column":12},"end":{"line":326,"column":47}},{"start":{"line":326,"column":12},"end":{"line":326,"column":47}}]},"19":{"loc":{"start":{"line":338,"column":8},"end":{"line":338,"column":null}},"type":"if","locations":[{"start":{"line":338,"column":8},"end":{"line":338,"column":null}},{"start":{"line":338,"column":8},"end":{"line":338,"column":null}}]},"20":{"loc":{"start":{"line":354,"column":8},"end":{"line":358,"column":null}},"type":"if","locations":[{"start":{"line":354,"column":8},"end":{"line":358,"column":null}},{"start":{"line":354,"column":8},"end":{"line":358,"column":null}}]},"21":{"loc":{"start":{"line":368,"column":8},"end":{"line":370,"column":null}},"type":"if","locations":[{"start":{"line":368,"column":8},"end":{"line":370,"column":null}},{"start":{"line":368,"column":8},"end":{"line":370,"column":null}}]},"22":{"loc":{"start":{"line":379,"column":8},"end":{"line":381,"column":null}},"type":"if","locations":[{"start":{"line":379,"column":8},"end":{"line":381,"column":null}},{"start":{"line":379,"column":8},"end":{"line":381,"column":null}}]},"23":{"loc":{"start":{"line":384,"column":8},"end":{"line":384,"column":29}},"type":"if","locations":[{"start":{"line":384,"column":8},"end":{"line":384,"column":29}},{"start":{"line":384,"column":8},"end":{"line":384,"column":29}}]},"24":{"loc":{"start":{"line":390,"column":8},"end":{"line":393,"column":null}},"type":"if","locations":[{"start":{"line":390,"column":8},"end":{"line":393,"column":null}},{"start":{"line":390,"column":8},"end":{"line":393,"column":null}}]},"25":{"loc":{"start":{"line":392,"column":12},"end":{"line":392,"column":27}},"type":"binary-expr","locations":[{"start":{"line":392,"column":12},"end":{"line":392,"column":27}},{"start":{"line":392,"column":31},"end":{"line":392,"column":58}}]},"26":{"loc":{"start":{"line":397,"column":8},"end":{"line":397,"column":35}},"type":"if","locations":[{"start":{"line":397,"column":8},"end":{"line":397,"column":35}},{"start":{"line":397,"column":8},"end":{"line":397,"column":35}}]},"27":{"loc":{"start":{"line":402,"column":12},"end":{"line":404,"column":null}},"type":"if","locations":[{"start":{"line":402,"column":12},"end":{"line":404,"column":null}},{"start":{"line":402,"column":12},"end":{"line":404,"column":null}}]},"28":{"loc":{"start":{"line":415,"column":8},"end":{"line":421,"column":null}},"type":"if","locations":[{"start":{"line":415,"column":8},"end":{"line":421,"column":null}},{"start":{"line":415,"column":8},"end":{"line":421,"column":null}}]},"29":{"loc":{"start":{"line":417,"column":15},"end":{"line":421,"column":null}},"type":"if","locations":[{"start":{"line":417,"column":15},"end":{"line":421,"column":null}},{"start":{"line":417,"column":15},"end":{"line":421,"column":null}}]},"30":{"loc":{"start":{"line":436,"column":12},"end":{"line":438,"column":null}},"type":"if","locations":[{"start":{"line":436,"column":12},"end":{"line":438,"column":null}},{"start":{"line":436,"column":12},"end":{"line":438,"column":null}}]},"31":{"loc":{"start":{"line":440,"column":12},"end":{"line":442,"column":null}},"type":"if","locations":[{"start":{"line":440,"column":12},"end":{"line":442,"column":null}},{"start":{"line":440,"column":12},"end":{"line":442,"column":null}}]},"32":{"loc":{"start":{"line":444,"column":12},"end":{"line":448,"column":null}},"type":"if","locations":[{"start":{"line":444,"column":12},"end":{"line":448,"column":null}},{"start":{"line":444,"column":12},"end":{"line":448,"column":null}}]},"33":{"loc":{"start":{"line":444,"column":16},"end":{"line":444,"column":29}},"type":"binary-expr","locations":[{"start":{"line":444,"column":16},"end":{"line":444,"column":29}},{"start":{"line":444,"column":33},"end":{"line":444,"column":51}}]},"34":{"loc":{"start":{"line":452,"column":43},"end":{"line":452,"column":null}},"type":"if","locations":[{"start":{"line":452,"column":43},"end":{"line":452,"column":null}},{"start":{"line":452,"column":43},"end":{"line":452,"column":null}}]},"35":{"loc":{"start":{"line":453,"column":8},"end":{"line":455,"column":null}},"type":"if","locations":[{"start":{"line":453,"column":8},"end":{"line":455,"column":null}},{"start":{"line":453,"column":8},"end":{"line":455,"column":null}}]},"36":{"loc":{"start":{"line":461,"column":8},"end":{"line":467,"column":null}},"type":"if","locations":[{"start":{"line":461,"column":8},"end":{"line":467,"column":null}},{"start":{"line":461,"column":8},"end":{"line":467,"column":null}}]},"37":{"loc":{"start":{"line":463,"column":15},"end":{"line":467,"column":null}},"type":"if","locations":[{"start":{"line":463,"column":15},"end":{"line":467,"column":null}},{"start":{"line":463,"column":15},"end":{"line":467,"column":null}}]},"38":{"loc":{"start":{"line":475,"column":8},"end":{"line":475,"column":10}},"type":"cond-expr","locations":[{"start":{"line":475,"column":8},"end":{"line":475,"column":10}},{"start":{"line":475,"column":8},"end":{"line":475,"column":10}}]},"39":{"loc":{"start":{"line":475,"column":10},"end":{"line":475,"column":19}},"type":"cond-expr","locations":[{"start":{"line":475,"column":10},"end":{"line":475,"column":19}},{"start":{"line":475,"column":10},"end":{"line":475,"column":19}}]},"40":{"loc":{"start":{"line":475,"column":21},"end":{"line":475,"column":33}},"type":"cond-expr","locations":[{"start":{"line":475,"column":21},"end":{"line":475,"column":33}},{"start":{"line":475,"column":21},"end":{"line":475,"column":33}}]},"41":{"loc":{"start":{"line":481,"column":8},"end":{"line":483,"column":null}},"type":"if","locations":[{"start":{"line":481,"column":8},"end":{"line":483,"column":null}},{"start":{"line":481,"column":8},"end":{"line":483,"column":null}}]},"42":{"loc":{"start":{"line":485,"column":8},"end":{"line":485,"column":null}},"type":"if","locations":[{"start":{"line":485,"column":8},"end":{"line":485,"column":null}},{"start":{"line":485,"column":8},"end":{"line":485,"column":null}}]},"43":{"loc":{"start":{"line":488,"column":8},"end":{"line":490,"column":null}},"type":"if","locations":[{"start":{"line":488,"column":8},"end":{"line":490,"column":null}},{"start":{"line":488,"column":8},"end":{"line":490,"column":null}}]},"44":{"loc":{"start":{"line":494,"column":8},"end":{"line":501,"column":null}},"type":"if","locations":[{"start":{"line":494,"column":8},"end":{"line":501,"column":null}},{"start":{"line":494,"column":8},"end":{"line":501,"column":null}}]},"45":{"loc":{"start":{"line":503,"column":8},"end":{"line":505,"column":null}},"type":"if","locations":[{"start":{"line":503,"column":8},"end":{"line":505,"column":null}},{"start":{"line":503,"column":8},"end":{"line":505,"column":null}}]},"46":{"loc":{"start":{"line":514,"column":16},"end":{"line":514,"column":null}},"type":"if","locations":[{"start":{"line":514,"column":16},"end":{"line":514,"column":null}},{"start":{"line":514,"column":16},"end":{"line":514,"column":null}}]},"47":{"loc":{"start":{"line":514,"column":20},"end":{"line":514,"column":26}},"type":"binary-expr","locations":[{"start":{"line":514,"column":20},"end":{"line":514,"column":26}},{"start":{"line":514,"column":30},"end":{"line":514,"column":37}},{"start":{"line":514,"column":41},"end":{"line":514,"column":66}}]},"48":{"loc":{"start":{"line":518,"column":16},"end":{"line":522,"column":null}},"type":"if","locations":[{"start":{"line":518,"column":16},"end":{"line":522,"column":null}},{"start":{"line":518,"column":16},"end":{"line":522,"column":null}}]},"49":{"loc":{"start":{"line":524,"column":16},"end":{"line":524,"column":null}},"type":"if","locations":[{"start":{"line":524,"column":16},"end":{"line":524,"column":null}},{"start":{"line":524,"column":16},"end":{"line":524,"column":null}}]},"50":{"loc":{"start":{"line":541,"column":12},"end":{"line":541,"column":38}},"type":"if","locations":[{"start":{"line":541,"column":12},"end":{"line":541,"column":38}},{"start":{"line":541,"column":12},"end":{"line":541,"column":38}}]},"51":{"loc":{"start":{"line":561,"column":26},"end":{"line":561,"column":30}},"type":"binary-expr","locations":[{"start":{"line":561,"column":26},"end":{"line":561,"column":30}},{"start":{"line":561,"column":34},"end":{"line":561,"column":47}},{"start":{"line":561,"column":52},"end":{"line":561,"column":53}}]},"52":{"loc":{"start":{"line":565,"column":14},"end":{"line":565,"column":24}},"type":"cond-expr","locations":[{"start":{"line":565,"column":14},"end":{"line":565,"column":24}},{"start":{"line":566,"column":14},"end":{"line":566,"column":27}}]},"53":{"loc":{"start":{"line":569,"column":14},"end":{"line":577,"column":15}},"type":"cond-expr","locations":[{"start":{"line":569,"column":14},"end":{"line":577,"column":15}},{"start":{"line":578,"column":14},"end":{"line":578,"column":27}}]},"54":{"loc":{"start":{"line":580,"column":8},"end":{"line":589,"column":null}},"type":"if","locations":[{"start":{"line":580,"column":8},"end":{"line":589,"column":null}},{"start":{"line":580,"column":8},"end":{"line":589,"column":null}}]},"55":{"loc":{"start":{"line":580,"column":12},"end":{"line":580,"column":19}},"type":"binary-expr","locations":[{"start":{"line":580,"column":12},"end":{"line":580,"column":19}},{"start":{"line":580,"column":23},"end":{"line":580,"column":36}}]},"56":{"loc":{"start":{"line":582,"column":12},"end":{"line":588,"column":null}},"type":"if","locations":[{"start":{"line":582,"column":12},"end":{"line":588,"column":null}},{"start":{"line":582,"column":12},"end":{"line":588,"column":null}}]},"57":{"loc":{"start":{"line":583,"column":23},"end":{"line":583,"column":38}},"type":"binary-expr","locations":[{"start":{"line":583,"column":23},"end":{"line":583,"column":38}},{"start":{"line":583,"column":42},"end":{"line":583,"column":46}}]},"58":{"loc":{"start":{"line":584,"column":32},"end":{"line":584,"column":56}},"type":"binary-expr","locations":[{"start":{"line":584,"column":32},"end":{"line":584,"column":56}},{"start":{"line":584,"column":60},"end":{"line":584,"column":73}}]},"59":{"loc":{"start":{"line":585,"column":34},"end":{"line":585,"column":60}},"type":"binary-expr","locations":[{"start":{"line":585,"column":34},"end":{"line":585,"column":60}},{"start":{"line":585,"column":64},"end":{"line":585,"column":79}}]},"60":{"loc":{"start":{"line":587,"column":20},"end":{"line":587,"column":47}},"type":"binary-expr","locations":[{"start":{"line":587,"column":20},"end":{"line":587,"column":47}},{"start":{"line":587,"column":51},"end":{"line":587,"column":67}}]},"61":{"loc":{"start":{"line":591,"column":8},"end":{"line":599,"column":null}},"type":"if","locations":[{"start":{"line":591,"column":8},"end":{"line":599,"column":null}},{"start":{"line":591,"column":8},"end":{"line":599,"column":null}}]},"62":{"loc":{"start":{"line":595,"column":60},"end":{"line":595,"column":null}},"type":"cond-expr","locations":[{"start":{"line":595,"column":60},"end":{"line":595,"column":null}}]},"63":{"loc":{"start":{"line":604,"column":8},"end":{"line":604,"column":null}},"type":"if","locations":[{"start":{"line":604,"column":8},"end":{"line":604,"column":null}},{"start":{"line":604,"column":8},"end":{"line":604,"column":null}}]},"64":{"loc":{"start":{"line":605,"column":8},"end":{"line":605,"column":null}},"type":"if","locations":[{"start":{"line":605,"column":8},"end":{"line":605,"column":null}},{"start":{"line":605,"column":8},"end":{"line":605,"column":null}}]},"65":{"loc":{"start":{"line":606,"column":8},"end":{"line":606,"column":null}},"type":"if","locations":[{"start":{"line":606,"column":8},"end":{"line":606,"column":null}},{"start":{"line":606,"column":8},"end":{"line":606,"column":null}}]},"66":{"loc":{"start":{"line":607,"column":8},"end":{"line":607,"column":null}},"type":"if","locations":[{"start":{"line":607,"column":8},"end":{"line":607,"column":null}},{"start":{"line":607,"column":8},"end":{"line":607,"column":null}}]},"67":{"loc":{"start":{"line":609,"column":8},"end":{"line":611,"column":null}},"type":"if","locations":[{"start":{"line":609,"column":8},"end":{"line":611,"column":null}},{"start":{"line":609,"column":8},"end":{"line":611,"column":null}}]},"68":{"loc":{"start":{"line":617,"column":18},"end":{"line":617,"column":34}},"type":"cond-expr","locations":[{"start":{"line":617,"column":18},"end":{"line":617,"column":34}},{"start":{"line":618,"column":18},"end":{"line":618,"column":51}}]},"69":{"loc":{"start":{"line":633,"column":8},"end":{"line":633,"column":24}},"type":"binary-expr","locations":[{"start":{"line":633,"column":8},"end":{"line":633,"column":24}},{"start":{"line":633,"column":28},"end":{"line":633,"column":46}}]},"70":{"loc":{"start":{"line":638,"column":8},"end":{"line":638,"column":27}},"type":"binary-expr","locations":[{"start":{"line":638,"column":8},"end":{"line":638,"column":27}},{"start":{"line":638,"column":31},"end":{"line":638,"column":52}}]},"71":{"loc":{"start":{"line":646,"column":12},"end":{"line":650,"column":null}},"type":"if","locations":[{"start":{"line":646,"column":12},"end":{"line":650,"column":null}},{"start":{"line":646,"column":12},"end":{"line":650,"column":null}}]},"72":{"loc":{"start":{"line":654,"column":29},"end":{"line":654,"column":null}},"type":"if","locations":[{"start":{"line":654,"column":29},"end":{"line":654,"column":null}},{"start":{"line":654,"column":29},"end":{"line":654,"column":null}}]},"73":{"loc":{"start":{"line":659,"column":8},"end":{"line":661,"column":null}},"type":"if","locations":[{"start":{"line":659,"column":8},"end":{"line":661,"column":null}},{"start":{"line":659,"column":8},"end":{"line":661,"column":null}}]},"74":{"loc":{"start":{"line":663,"column":8},"end":{"line":665,"column":null}},"type":"if","locations":[{"start":{"line":663,"column":8},"end":{"line":665,"column":null}},{"start":{"line":663,"column":8},"end":{"line":665,"column":null}}]},"75":{"loc":{"start":{"line":677,"column":8},"end":{"line":679,"column":null}},"type":"if","locations":[{"start":{"line":677,"column":8},"end":{"line":679,"column":null}},{"start":{"line":677,"column":8},"end":{"line":679,"column":null}}]},"76":{"loc":{"start":{"line":685,"column":12},"end":{"line":685,"column":20}},"type":"binary-expr","locations":[{"start":{"line":685,"column":12},"end":{"line":685,"column":20}},{"start":{"line":685,"column":24},"end":{"line":685,"column":57}}]},"77":{"loc":{"start":{"line":690,"column":8},"end":{"line":692,"column":null}},"type":"if","locations":[{"start":{"line":690,"column":8},"end":{"line":692,"column":null}},{"start":{"line":690,"column":8},"end":{"line":692,"column":null}}]},"78":{"loc":{"start":{"line":697,"column":8},"end":{"line":697,"column":null}},"type":"if","locations":[{"start":{"line":697,"column":8},"end":{"line":697,"column":null}},{"start":{"line":697,"column":8},"end":{"line":697,"column":null}}]}},"s":{"0":19,"1":19,"2":19,"3":19,"4":19,"5":19,"6":19,"7":7,"8":7,"9":4,"10":7,"11":19,"12":7,"13":7,"14":4,"15":7,"16":19,"17":280,"18":19,"19":199,"20":19,"21":6,"22":19,"23":243,"24":243,"25":243,"26":243,"27":243,"28":243,"29":243,"30":243,"31":243,"32":243,"33":243,"34":484,"35":243,"36":243,"37":243,"38":243,"39":161,"40":19,"41":732,"42":19,"43":489,"44":112,"45":19,"46":489,"47":129,"48":19,"49":137,"50":137,"51":274,"52":137,"53":137,"54":137,"55":88,"56":0,"57":88,"58":88,"59":88,"60":29,"61":29,"62":59,"63":88,"64":87,"65":19,"66":371,"67":371,"68":19,"69":456,"70":456,"71":456,"72":425,"73":31,"74":31,"75":34,"76":34,"77":34,"78":34,"79":2,"80":34,"81":32,"82":32,"83":34,"84":0,"85":34,"86":1,"87":34,"88":34,"89":19,"90":289,"91":9,"92":280,"93":7,"94":560,"95":280,"96":280,"97":280,"98":19,"99":250,"100":220,"101":30,"102":19,"103":34,"104":34,"105":2,"106":0,"107":19,"108":21,"109":21,"110":21,"111":19,"112":13,"113":13,"114":1,"115":1,"116":13,"117":13,"118":0,"119":13,"120":13,"121":13,"122":13,"123":4,"124":4,"125":13,"126":13,"127":1,"128":12,"129":12,"130":13,"131":13,"132":12,"133":12,"134":12,"135":19,"136":73,"137":0,"138":73,"139":43,"140":30,"141":19,"142":45,"143":45,"144":45,"145":45,"146":45,"147":45,"148":45,"149":45,"150":1,"151":45,"152":36,"153":45,"154":2,"155":2,"156":19,"157":199,"158":364,"159":199,"160":21,"161":199,"162":199,"163":24,"164":175,"165":13,"166":162,"167":199,"168":199,"169":108,"170":19,"171":228,"172":228,"173":456,"174":456,"175":228,"176":228,"177":228,"178":228,"179":228,"180":228,"181":2,"182":228,"183":0,"184":228,"185":228,"186":6,"187":228,"188":228,"189":227,"190":227,"191":227,"192":228,"193":22,"194":228,"195":228,"196":242,"197":242,"198":0,"199":242,"200":242,"201":218,"202":242,"203":6,"204":236,"205":236,"206":236,"207":228,"208":131,"209":61,"210":70,"211":19,"212":24,"213":24,"214":26,"215":24,"216":19,"217":63,"218":63,"219":63,"220":63,"221":63,"222":63,"223":63,"224":63,"225":54,"226":9,"227":63,"228":20,"229":43,"230":63,"231":16,"232":16,"233":7,"234":7,"235":7,"236":7,"237":63,"238":0,"239":0,"240":0,"241":0,"242":63,"243":19,"244":20,"245":20,"246":20,"247":20,"248":20,"249":0,"250":20,"251":20,"252":20,"253":20,"254":4,"255":20,"256":24,"257":24,"258":20,"259":19,"260":211,"261":211,"262":19,"263":120,"264":120,"265":19,"266":6,"267":6,"268":6,"269":11,"270":11,"271":11,"272":11,"273":19,"274":428,"275":237,"276":237,"277":6,"278":237,"279":21,"280":25,"281":19,"282":12,"283":10,"284":19,"285":51,"286":22,"287":51,"288":51,"289":4,"290":19,"291":33,"292":0,"293":33,"294":19,"295":489,"296":23,"297":19,"298":19},"f":{"0":7,"1":4,"2":7,"3":4,"4":280,"5":199,"6":6,"7":19,"8":243,"9":484,"10":161,"11":732,"12":489,"13":489,"14":137,"15":88,"16":371,"17":456,"18":289,"19":250,"20":34,"21":0,"22":21,"23":13,"24":1,"25":12,"26":73,"27":45,"28":45,"29":2,"30":199,"31":108,"32":228,"33":242,"34":131,"35":24,"36":26,"37":63,"38":54,"39":9,"40":20,"41":43,"42":20,"43":20,"44":4,"45":24,"46":211,"47":120,"48":6,"49":237,"50":25,"51":12,"52":10,"53":51,"54":4,"55":33,"56":489},"b":{"0":[112,377],"1":[129,360],"2":[30,107],"3":[100,37],"4":[0,88],"5":[29,59],"6":[29,29],"7":[87,1],"8":[18,353],"9":[425,31],"10":[2,32],"11":[32,2],"12":[0,34],"13":[34,6],"14":[1,33],"15":[34,2],"16":[9,280],"17":[7,273],"18":[117,163],"19":[220,30],"20":[2,32],"21":[21,0],"22":[1,12],"23":[0,13],"24":[4,9],"25":[4,4],"26":[1,12],"27":[13,0],"28":[0,73],"29":[43,30],"30":[1,44],"31":[36,9],"32":[2,43],"33":[45,3],"34":[165,34],"35":[21,178],"36":[24,175],"37":[13,162],"38":[12,216],"39":[204,24],"40":[184,44],"41":[2,226],"42":[0,228],"43":[6,222],"44":[227,1],"45":[22,206],"46":[0,242],"47":[242,242,242],"48":[218,24],"49":[6,236],"50":[61,70],"51":[63,63,54],"52":[54,9],"53":[20,43],"54":[16,47],"55":[63,54],"56":[7,9],"57":[7,7],"58":[7,5],"59":[7,5],"60":[7,6],"61":[0,63],"62":[0],"63":[0,20],"64":[0,20],"65":[0,20],"66":[0,20],"67":[0,20],"68":[19,1],"69":[211,2],"70":[120,31],"71":[11,0],"72":[191,46],"73":[6,231],"74":[21,216],"75":[22,29],"76":[4,4],"77":[0,33],"78":[23,466]}}
,"/Users/mattperry/Sites/motion/src/animation/use-animate-prop.ts": {"path":"/Users/mattperry/Sites/motion/src/animation/use-animate-prop.ts","statementMap":{"0":{"start":{"line":1,"column":0},"end":{"line":1,"column":41}},"1":{"start":{"line":5,"column":0},"end":{"line":5,"column":52}},"2":{"start":{"line":7,"column":13},"end":{"line":17,"column":null}},"3":{"start":{"line":11,"column":4},"end":{"line":16,"column":null}},"4":{"start":{"line":20,"column":4},"end":{"line":20,"column":14}},"5":{"start":{"line":21,"column":4},"end":{"line":21,"column":17}},"6":{"start":{"line":22,"column":4},"end":{"line":22,"column":13}},"7":{"start":{"line":24,"column":4},"end":{"line":24,"column":null}},"8":{"start":{"line":54,"column":28},"end":{"line":54,"column":40}},"9":{"start":{"line":55,"column":23},"end":{"line":55,"column":50}},"10":{"start":{"line":57,"column":4},"end":{"line":59,"column":null}},"11":{"start":{"line":58,"column":8},"end":{"line":58,"column":null}},"12":{"start":{"line":61,"column":4},"end":{"line":102,"column":null}},"13":{"start":{"line":63,"column":44},"end":{"line":63,"column":46}},"14":{"start":{"line":64,"column":27},"end":{"line":64,"column":58}},"15":{"start":{"line":67,"column":12},"end":{"line":84,"column":null}},"16":{"start":{"line":71,"column":20},"end":{"line":72,"column":80}},"17":{"start":{"line":76,"column":37},"end":{"line":76,"column":57}},"18":{"start":{"line":77,"column":40},"end":{"line":79,"column":null}},"19":{"start":{"line":81,"column":16},"end":{"line":83,"column":null}},"20":{"start":{"line":82,"column":20},"end":{"line":82,"column":null}},"21":{"start":{"line":86,"column":12},"end":{"line":86,"column":null}},"22":{"start":{"line":87,"column":12},"end":{"line":90,"column":null}},"23":{"start":{"line":92,"column":12},"end":{"line":99,"column":null}},"24":{"start":{"line":93,"column":16},"end":{"line":98,"column":null}},"25":{"start":{"line":48,"column":0},"end":{"line":48,"column":16}}},"fnMap":{"0":{"name":"(anonymous_0)","decl":{"start":{"line":7,"column":26},"end":{"line":7,"column":null}},"loc":{"start":{"line":9,"column":33},"end":{"line":17,"column":1}}},"1":{"name":"justTarget","decl":{"start":{"line":19,"column":9},"end":{"line":19,"column":19}},"loc":{"start":{"line":23,"column":22},"end":{"line":25,"column":1}}},"2":{"name":"useAnimateProp","decl":{"start":{"line":48,"column":16},"end":{"line":48,"column":30}},"loc":{"start":{"line":52,"column":34},"end":{"line":103,"column":1}}},"3":{"name":"(anonymous_3)","decl":{"start":{"line":62,"column":8},"end":{"line":62,"column":null}},"loc":{"start":{"line":62,"column":8},"end":{"line":100,"column":9}}}},"branchMap":{"0":{"loc":{"start":{"line":12,"column":8},"end":{"line":12,"column":26}},"type":"binary-expr","locations":[{"start":{"line":12,"column":8},"end":{"line":12,"column":26}},{"start":{"line":13,"column":9},"end":{"line":15,"column":27}}]},"1":{"loc":{"start":{"line":14,"column":14},"end":{"line":14,"column":41}},"type":"cond-expr","locations":[{"start":{"line":14,"column":14},"end":{"line":14,"column":41}},{"start":{"line":15,"column":14},"end":{"line":15,"column":27}}]},"2":{"loc":{"start":{"line":13,"column":9},"end":{"line":13,"column":28}},"type":"binary-expr","locations":[{"start":{"line":13,"column":9},"end":{"line":13,"column":28}},{"start":{"line":13,"column":32},"end":{"line":13,"column":51}}]},"3":{"loc":{"start":{"line":57,"column":4},"end":{"line":59,"column":null}},"type":"if","locations":[{"start":{"line":57,"column":4},"end":{"line":59,"column":null}},{"start":{"line":57,"column":4},"end":{"line":59,"column":null}}]},"4":{"loc":{"start":{"line":71,"column":20},"end":{"line":71,"column":43}},"type":"binary-expr","locations":[{"start":{"line":71,"column":20},"end":{"line":71,"column":43}},{"start":{"line":72,"column":21},"end":{"line":72,"column":37}},{"start":{"line":72,"column":41},"end":{"line":72,"column":79}}]},"5":{"loc":{"start":{"line":81,"column":16},"end":{"line":83,"column":null}},"type":"if","locations":[{"start":{"line":81,"column":16},"end":{"line":83,"column":null}},{"start":{"line":81,"column":16},"end":{"line":83,"column":null}}]},"6":{"loc":{"start":{"line":81,"column":20},"end":{"line":81,"column":32}},"type":"binary-expr","locations":[{"start":{"line":81,"column":20},"end":{"line":81,"column":32}},{"start":{"line":81,"column":37},"end":{"line":81,"column":52}},{"start":{"line":81,"column":56},"end":{"line":81,"column":76}}]},"7":{"loc":{"start":{"line":92,"column":12},"end":{"line":99,"column":null}},"type":"if","locations":[{"start":{"line":92,"column":12},"end":{"line":99,"column":null}},{"start":{"line":92,"column":12},"end":{"line":99,"column":null}}]},"8":{"loc":{"start":{"line":96,"column":24},"end":{"line":96,"column":54}},"type":"binary-expr","locations":[{"start":{"line":96,"column":24},"end":{"line":96,"column":54}},{"start":{"line":96,"column":58},"end":{"line":96,"column":75}}]}},"s":{"0":18,"1":18,"2":18,"3":114,"4":156,"5":156,"6":156,"7":156,"8":120,"9":120,"10":120,"11":49,"12":120,"13":107,"14":107,"15":107,"16":111,"17":111,"18":111,"19":111,"20":61,"21":107,"22":107,"23":107,"24":58,"25":18},"f":{"0":114,"1":156,"2":120,"3":107},"b":{"0":[114,114],"1":[8,106],"2":[114,8],"3":[49,71],"4":[111,52,29],"5":[61,50],"6":[111,109,94],"7":[58,49],"8":[58,50]}}
,"/Users/mattperry/Sites/motion/src/animation/use-animated-state.ts": {"path":"/Users/mattperry/Sites/motion/src/animation/use-animated-state.ts","statementMap":{"0":{"start":{"line":1,"column":0},"end":{"line":1,"column":43}},"1":{"start":{"line":2,"column":0},"end":{"line":2,"column":74}},"2":{"start":{"line":3,"column":0},"end":{"line":3,"column":67}},"3":{"start":{"line":5,"column":0},"end":{"line":5,"column":51}},"4":{"start":{"line":43,"column":10},"end":{"line":43,"column":11}},"5":{"start":{"line":43,"column":11},"end":{"line":43,"column":25}},"6":{"start":{"line":43,"column":27},"end":{"line":43,"column":61}},"7":{"start":{"line":44,"column":19},"end":{"line":44,"column":52}},"8":{"start":{"line":44,"column":37},"end":{"line":44,"column":52}},"9":{"start":{"line":45,"column":19},"end":{"line":45,"column":42}},"10":{"start":{"line":46,"column":21},"end":{"line":52,"column":null}},"11":{"start":{"line":49,"column":40},"end":{"line":49,"column":null}},"12":{"start":{"line":55,"column":27},"end":{"line":58,"column":null}},"13":{"start":{"line":56,"column":14},"end":{"line":58,"column":null}},"14":{"start":{"line":57,"column":12},"end":{"line":57,"column":null}},"15":{"start":{"line":61,"column":4},"end":{"line":64,"column":null}},"16":{"start":{"line":62,"column":8},"end":{"line":62,"column":null}},"17":{"start":{"line":63,"column":8},"end":{"line":63,"column":null}},"18":{"start":{"line":63,"column":21},"end":{"line":63,"column":null}},"19":{"start":{"line":66,"column":4},"end":{"line":66,"column":null}},"20":{"start":{"line":42,"column":0},"end":{"line":42,"column":16}}},"fnMap":{"0":{"name":"useAnimatedState","decl":{"start":{"line":42,"column":16},"end":{"line":42,"column":32}},"loc":{"start":{"line":42,"column":50},"end":{"line":67,"column":1}}},"1":{"name":"(anonymous_1)","decl":{"start":{"line":44,"column":31},"end":{"line":44,"column":37}},"loc":{"start":{"line":44,"column":31},"end":{"line":44,"column":38}}},"2":{"name":"(anonymous_2)","decl":{"start":{"line":49,"column":33},"end":{"line":49,"column":36}},"loc":{"start":{"line":49,"column":36},"end":{"line":49,"column":54}}},"3":{"name":"(anonymous_3)","decl":{"start":{"line":56,"column":8},"end":{"line":56,"column":14}},"loc":{"start":{"line":56,"column":8},"end":{"line":56,"column":15}}},"4":{"name":"(anonymous_4)","decl":{"start":{"line":56,"column":14},"end":{"line":56,"column":15}},"loc":{"start":{"line":56,"column":55},"end":{"line":58,"column":9}}},"5":{"name":"(anonymous_5)","decl":{"start":{"line":61,"column":14},"end":{"line":61,"column":null}},"loc":{"start":{"line":61,"column":14},"end":{"line":64,"column":5}}},"6":{"name":"(anonymous_6)","decl":{"start":{"line":63,"column":15},"end":{"line":63,"column":21}},"loc":{"start":{"line":63,"column":15},"end":{"line":63,"column":27}}}},"branchMap":{},"s":{"0":6,"1":6,"2":6,"3":6,"4":5,"5":5,"6":5,"7":5,"8":1,"9":5,"10":5,"11":1,"12":5,"13":1,"14":1,"15":5,"16":1,"17":1,"18":1,"19":5,"20":6},"f":{"0":5,"1":1,"2":1,"3":1,"4":1,"5":1,"6":1},"b":{}}
,"/Users/mattperry/Sites/motion/src/animation/use-animation-group-subscription.ts": {"path":"/Users/mattperry/Sites/motion/src/animation/use-animation-group-subscription.ts","statementMap":{"0":{"start":{"line":1,"column":0},"end":{"line":1,"column":42}},"1":{"start":{"line":18,"column":24},"end":{"line":20,"column":6}},"2":{"start":{"line":18,"column":38},"end":{"line":18,"column":69}},"3":{"start":{"line":21,"column":4},"end":{"line":26,"column":null}},"4":{"start":{"line":22,"column":14},"end":{"line":24,"column":null}},"5":{"start":{"line":23,"column":12},"end":{"line":23,"column":null}},"6":{"start":{"line":14,"column":0},"end":{"line":14,"column":16}}},"fnMap":{"0":{"name":"useAnimationGroupSubscription","decl":{"start":{"line":14,"column":16},"end":{"line":14,"column":45}},"loc":{"start":{"line":16,"column":36},"end":{"line":27,"column":1}}},"1":{"name":"(anonymous_1)","decl":{"start":{"line":18,"column":32},"end":{"line":18,"column":38}},"loc":{"start":{"line":18,"column":32},"end":{"line":18,"column":47}}},"2":{"name":"(anonymous_2)","decl":{"start":{"line":22,"column":8},"end":{"line":22,"column":14}},"loc":{"start":{"line":22,"column":8},"end":{"line":22,"column":null}}},"3":{"name":"(anonymous_3)","decl":{"start":{"line":22,"column":14},"end":{"line":22,"column":null}},"loc":{"start":{"line":22,"column":14},"end":{"line":24,"column":9}}}},"branchMap":{"0":{"loc":{"start":{"line":23,"column":12},"end":{"line":23,"column":23}},"type":"binary-expr","locations":[{"start":{"line":23,"column":12},"end":{"line":23,"column":23}},{"start":{"line":23,"column":27},"end":{"line":23,"column":40}}]}},"s":{"0":18,"1":24,"2":12,"3":24,"4":12,"5":12,"6":18},"f":{"0":24,"1":12,"2":12,"3":12},"b":{"0":[12,12]}}
,"/Users/mattperry/Sites/motion/src/animation/use-animation.ts": {"path":"/Users/mattperry/Sites/motion/src/animation/use-animation.ts","statementMap":{"0":{"start":{"line":1,"column":0},"end":{"line":1,"column":55}},"1":{"start":{"line":2,"column":0},"end":{"line":2,"column":33}},"2":{"start":{"line":3,"column":0},"end":{"line":3,"column":51}},"3":{"start":{"line":55,"column":30},"end":{"line":55,"column":72}},"4":{"start":{"line":55,"column":48},"end":{"line":55,"column":72}},"5":{"start":{"line":57,"column":4},"end":{"line":60,"column":null}},"6":{"start":{"line":58,"column":8},"end":{"line":58,"column":null}},"7":{"start":{"line":59,"column":8},"end":{"line":59,"column":null}},"8":{"start":{"line":59,"column":21},"end":{"line":59,"column":null}},"9":{"start":{"line":62,"column":4},"end":{"line":62,"column":null}},"10":{"start":{"line":54,"column":0},"end":{"line":54,"column":16}}},"fnMap":{"0":{"name":"useAnimation","decl":{"start":{"line":54,"column":16},"end":{"line":54,"column":28}},"loc":{"start":{"line":54,"column":28},"end":{"line":63,"column":1}}},"1":{"name":"(anonymous_1)","decl":{"start":{"line":55,"column":42},"end":{"line":55,"column":48}},"loc":{"start":{"line":55,"column":42},"end":{"line":55,"column":52}}},"2":{"name":"(anonymous_2)","decl":{"start":{"line":57,"column":14},"end":{"line":57,"column":null}},"loc":{"start":{"line":57,"column":14},"end":{"line":60,"column":5}}},"3":{"name":"(anonymous_3)","decl":{"start":{"line":59,"column":15},"end":{"line":59,"column":21}},"loc":{"start":{"line":59,"column":15},"end":{"line":59,"column":38}}}},"branchMap":{},"s":{"0":6,"1":6,"2":6,"3":22,"4":11,"5":22,"6":11,"7":11,"8":11,"9":22,"10":6},"f":{"0":22,"1":11,"2":11,"3":11},"b":{}}
[...]
"column":null}}]},"11":{"loc":{"start":{"line":157,"column":8},"end":{"line":157,"column":null}},"type":"if","locations":[{"start":{"line":157,"column":8},"end":{"line":157,"column":null}},{"start":{"line":157,"column":8},"end":{"line":157,"column":null}}]},"12":{"loc":{"start":{"line":172,"column":8},"end":{"line":174,"column":null}},"type":"if","locations":[{"start":{"line":172,"column":8},"end":{"line":174,"column":null}},{"start":{"line":172,"column":8},"end":{"line":174,"column":null}}]},"13":{"loc":{"start":{"line":272,"column":8},"end":{"line":272,"column":null}},"type":"if","locations":[{"start":{"line":272,"column":8},"end":{"line":272,"column":null}},{"start":{"line":272,"column":8},"end":{"line":272,"column":null}}]},"14":{"loc":{"start":{"line":285,"column":8},"end":{"line":285,"column":null}},"type":"if","locations":[{"start":{"line":285,"column":8},"end":{"line":285,"column":null}},{"start":{"line":285,"column":8},"end":{"line":285,"column":null}}]},"15":{"loc":{"start":{"line":315,"column":14},"end":{"line":315,"column":null}},"type":"if","locations":[{"start":{"line":315,"column":14},"end":{"line":315,"column":null}},{"start":{"line":315,"column":14},"end":{"line":315,"column":null}}]},"16":{"loc":{"start":{"line":316,"column":8},"end":{"line":320,"column":null}},"type":"if","locations":[{"start":{"line":316,"column":8},"end":{"line":320,"column":null}},{"start":{"line":316,"column":8},"end":{"line":320,"column":null}}]},"17":{"loc":{"start":{"line":316,"column":12},"end":{"line":316,"column":19}},"type":"binary-expr","locations":[{"start":{"line":316,"column":12},"end":{"line":316,"column":19}},{"start":{"line":316,"column":23},"end":{"line":316,"column":42}}]},"18":{"loc":{"start":{"line":371,"column":14},"end":{"line":374,"column":null}},"type":"cond-expr","locations":[{"start":{"line":371,"column":14},"end":{"line":374,"column":null}},{"start":{"line":376,"column":14},"end":{"line":376,"column":15}}]},"19":{"loc":{"start":{"line":453,"column":8},"end":{"line":453,"column":null}},"type":"if","locations":[{"start":{"line":453,"column":8},"end":{"line":453,"column":null}},{"start":{"line":453,"column":8},"end":{"line":453,"column":null}}]},"20":{"loc":{"start":{"line":480,"column":8},"end":{"line":480,"column":30}},"type":"binary-expr","locations":[{"start":{"line":480,"column":8},"end":{"line":480,"column":30}},{"start":{"line":480,"column":34},"end":{"line":480,"column":64}}]},"21":{"loc":{"start":{"line":481,"column":8},"end":{"line":481,"column":30}},"type":"binary-expr","locations":[{"start":{"line":481,"column":8},"end":{"line":481,"column":30}},{"start":{"line":481,"column":34},"end":{"line":481,"column":64}}]},"22":{"loc":{"start":{"line":482,"column":8},"end":{"line":482,"column":19}},"type":"binary-expr","locations":[{"start":{"line":482,"column":8},"end":{"line":482,"column":19}},{"start":{"line":482,"column":23},"end":{"line":482,"column":52}}]}},"s":{"0":22,"1":22,"2":22,"3":589,"4":22,"5":589,"6":589,"7":589,"8":589,"9":589,"10":589,"11":589,"12":589,"13":3774,"14":3771,"15":3771,"16":3771,"17":2742,"18":3771,"19":4,"20":3771,"21":2840,"22":3771,"23":3771,"24":3771,"25":3771,"26":3477,"27":3477,"28":3477,"29":589,"30":1780,"31":589,"32":3272,"33":589,"34":3201,"35":3201,"36":414,"37":589,"38":4,"39":589,"40":589,"41":589,"42":589,"43":22,"44":10,"45":10,"46":10,"47":8,"48":10,"49":10,"50":22,"51":2,"52":0,"53":2,"54":22,"55":927,"56":927,"57":1322,"58":927,"59":927,"60":918,"61":22,"62":469,"63":303,"64":469,"65":22,"66":458,"67":298,"68":458,"69":458,"70":22,"71":3,"72":22,"73":6953,"74":3771,"75":3768,"76":3,"77":22,"78":1899,"79":22,"80":237,"81":22,"82":236,"83":236,"84":236,"85":236,"86":137,"87":22,"88":438,"89":42,"90":438,"91":22,"92":0,"93":22,"94":575,"95":22,"96":2,"97":2,"98":2,"99":2,"100":22,"101":22,"102":535,"103":22},"f":{"0":589,"1":22,"2":589,"3":3771,"4":1780,"5":3272,"6":3201,"7":4,"8":10,"9":2,"10":927,"11":1322,"12":918,"13":469,"14":458,"15":3,"16":3771,"17":1899,"18":237,"19":236,"20":236,"21":137,"22":438,"23":0,"24":575,"25":2,"26":535},"b":{"0":[579,10],"1":[3,3768],"2":[14,3757],"3":[2742,1029],"4":[3771,2845],"5":[4,3767],"6":[2840,931],"7":[3771,3182],"8":[3477,294],"9":[414,2787],"10":[0,10],"11":[8,2],"12":[0,2],"13":[303,166],"14":[298,160],"15":[3182,589],"16":[3768,3],"17":[3771,3182],"18":[228,9],"19":[42,396],"20":[2,2],"21":[2,2],"22":[2,2]}}
,"/Users/mattperry/Sites/motion/src/value/use-motion-value.ts": {"path":"/Users/mattperry/Sites/motion/src/value/use-motion-value.ts","statementMap":{"0":{"start":{"line":1,"column":0},"end":{"line":1,"column":44}},"1":{"start":{"line":2,"column":0},"end":{"line":2,"column":51}},"2":{"start":{"line":34,"column":4},"end":{"line":34,"column":null}},"3":{"start":{"line":34,"column":29},"end":{"line":34,"column":50}},"4":{"start":{"line":33,"column":0},"end":{"line":33,"column":16}}},"fnMap":{"0":{"name":"useMotionValue","decl":{"start":{"line":33,"column":16},"end":{"line":33,"column":30}},"loc":{"start":{"line":33,"column":44},"end":{"line":35,"column":1}}},"1":{"name":"(anonymous_1)","decl":{"start":{"line":34,"column":23},"end":{"line":34,"column":29}},"loc":{"start":{"line":34,"column":23},"end":{"line":34,"column":40}}}},"branchMap":{},"s":{"0":18,"1":18,"2":307,"3":150,"4":18},"f":{"0":307,"1":150},"b":{}}
,"/Users/mattperry/Sites/motion/src/value/use-on-change.ts": {"path":"/Users/mattperry/Sites/motion/src/value/use-on-change.ts","statementMap":{"0":{"start":{"line":1,"column":0},"end":{"line":1,"column":33}},"1":{"start":{"line":3,"column":0},"end":{"line":3,"column":55}},"2":{"start":{"line":9,"column":4},"end":{"line":12,"column":null}},"3":{"start":{"line":10,"column":14},"end":{"line":10,"column":null}},"4":{"start":{"line":5,"column":0},"end":{"line":5,"column":16}}},"fnMap":{"0":{"name":"useOnChange","decl":{"start":{"line":5,"column":16},"end":{"line":5,"column":27}},"loc":{"start":{"line":7,"column":27},"end":{"line":13,"column":1}}},"1":{"name":"(anonymous_1)","decl":{"start":{"line":10,"column":8},"end":{"line":10,"column":14}},"loc":{"start":{"line":10,"column":8},"end":{"line":10,"column":15}}}},"branchMap":{"0":{"loc":{"start":{"line":10,"column":38},"end":{"line":10,"column":62}},"type":"cond-expr","locations":[{"start":{"line":10,"column":38},"end":{"line":10,"column":62}},{"start":{"line":10,"column":65},"end":{"line":10,"column":74}}]}},"s":{"0":6,"1":6,"2":10,"3":7,"4":6},"f":{"0":10,"1":7},"b":{"0":[6,1]}}
,"/Users/mattperry/Sites/motion/src/value/use-spring.ts": {"path":"/Users/mattperry/Sites/motion/src/value/use-spring.ts","statementMap":{"0":{"start":{"line":1,"column":0},"end":{"line":1,"column":39}},"1":{"start":{"line":2,"column":0},"end":{"line":2,"column":65}},"2":{"start":{"line":4,"column":0},"end":{"line":4,"column":55}},"3":{"start":{"line":5,"column":0},"end":{"line":5,"column":51}},"4":{"start":{"line":6,"column":0},"end":{"line":6,"column":45}},"5":{"start":{"line":29,"column":4},"end":{"line":29,"column":null}},"6":{"start":{"line":31,"column":34},"end":{"line":31,"column":71}},"7":{"start":{"line":32,"column":18},"end":{"line":32,"column":79}},"8":{"start":{"line":34,"column":4},"end":{"line":49,"column":null}},"9":{"start":{"line":35,"column":8},"end":{"line":48,"column":null}},"10":{"start":{"line":36,"column":12},"end":{"line":38,"column":null}},"11":{"start":{"line":37,"column":16},"end":{"line":37,"column":null}},"12":{"start":{"line":40,"column":12},"end":{"line":45,"column":null}},"13":{"start":{"line":47,"column":12},"end":{"line":47,"column":null}},"14":{"start":{"line":51,"column":4},"end":{"line":51,"column":null}},"15":{"start":{"line":51,"column":29},"end":{"line":51,"column":54}},"16":{"start":{"line":53,"column":4},"end":{"line":53,"column":null}},"17":{"start":{"line":27,"column":0},"end":{"line":27,"column":16}}},"fnMap":{"0":{"name":"useSpring","decl":{"start":{"line":27,"column":16},"end":{"line":27,"column":25}},"loc":{"start":{"line":29,"column":28},"end":{"line":54,"column":1}}},"1":{"name":"(anonymous_1)","decl":{"start":{"line":34,"column":12},"end":{"line":34,"column":null}},"loc":{"start":{"line":34,"column":12},"end":{"line":49,"column":5}}},"2":{"name":"(anonymous_2)","decl":{"start":{"line":35,"column":28},"end":{"line":35,"column":29}},"loc":{"start":{"line":35,"column":35},"end":{"line":48,"column":9}}},"3":{"name":"(anonymous_3)","decl":{"start":{"line":51,"column":24},"end":{"line":51,"column":25}},"loc":{"start":{"line":51,"column":25},"end":{"line":51,"column":34}}}},"branchMap":{"0":{"loc":{"start":{"line":29,"column":4},"end":{"line":29,"column":null}},"type":"if","locations":[{"start":{"line":29,"column":4},"end":{"line":29,"column":null}},{"start":{"line":29,"column":4},"end":{"line":29,"column":null}}]},"1":{"loc":{"start":{"line":32,"column":57},"end":{"line":32,"column":69}},"type":"cond-expr","locations":[{"start":{"line":32,"column":57},"end":{"line":32,"column":69}},{"start":{"line":32,"column":72},"end":{"line":32,"column":78}}]},"2":{"loc":{"start":{"line":36,"column":12},"end":{"line":38,"column":null}},"type":"if","locations":[{"start":{"line":36,"column":12},"end":{"line":38,"column":null}},{"start":{"line":36,"column":12},"end":{"line":38,"column":null}}]}},"s":{"0":6,"1":6,"2":6,"3":6,"4":6,"5":20,"6":10,"7":10,"8":10,"9":3,"10":3,"11":1,"12":3,"13":3,"14":10,"15":1,"16":10,"17":6},"f":{"0":10,"1":3,"2":3,"3":1},"b":{"0":[10,0],"1":[8,2],"2":[1,2]}}
,"/Users/mattperry/Sites/motion/src/value/use-transform.ts": {"path":"/Users/mattperry/Sites/motion/src/value/use-transform.ts","statementMap":{"0":{"start":{"line":2,"column":0},"end":{"line":2,"column":64}},"1":{"start":{"line":3,"column":0},"end":{"line":3,"column":39}},"2":{"start":{"line":7,"column":22},"end":{"line":11,"column":1}},"3":{"start":{"line":10,"column":4},"end":{"line":10,"column":null}},"4":{"start":{"line":13,"column":13},"end":{"line":13,"column":26}},"5":{"start":{"line":13,"column":25},"end":{"line":13,"column":null}},"6":{"start":{"line":122,"column":18},"end":{"line":122,"column":53}},"7":{"start":{"line":123,"column":28},"end":{"line":123,"column":36}},"8":{"start":{"line":124,"column":22},"end":{"line":124,"column":26}},"9":{"start":{"line":126,"column":4},"end":{"line":132,"column":null}},"10":{"start":{"line":127,"column":8},"end":{"line":127,"column":null}},"11":{"start":{"line":128,"column":11},"end":{"line":132,"column":null}},"12":{"start":{"line":129,"column":21},"end":{"line":129,"column":36}},"13":{"start":{"line":130,"column":8},"end":{"line":130,"column":null}},"14":{"start":{"line":131,"column":8},"end":{"line":131,"column":null}},"15":{"start":{"line":134,"column":4},"end":{"line":138,"column":null}},"16":{"start":{"line":135,"column":8},"end":{"line":135,"column":null}},"17":{"start":{"line":135,"column":27},"end":{"line":135,"column":null}},"18":{"start":{"line":136,"column":8},"end":{"line":136,"column":null}},"19":{"start":{"line":137,"column":8},"end":{"line":137,"column":null}},"20":{"start":{"line":116,"column":0},"end":{"line":116,"column":16}}},"fnMap":{"0":{"name":"(anonymous_0)","decl":{"start":{"line":7,"column":22},"end":{"line":7,"column":null}},"loc":{"start":{"line":8,"column":32},"end":{"line":11,"column":1}}},"1":{"name":"(anonymous_1)","decl":{"start":{"line":13,"column":13},"end":{"line":13,"column":14}},"loc":{"start":{"line":13,"column":20},"end":{"line":13,"column":26}}},"2":{"name":"useTransform","decl":{"start":{"line":116,"column":16},"end":{"line":116,"column":28}},"loc":{"start":{"line":120,"column":33},"end":{"line":139,"column":1}}},"3":{"name":"(anonymous_3)","decl":{"start":{"line":134,"column":19},"end":{"line":134,"column":null}},"loc":{"start":{"line":134,"column":19},"end":{"line":138,"column":5}}}},"branchMap":{"0":{"loc":{"start":{"line":126,"column":4},"end":{"line":132,"column":null}},"type":"if","locations":[{"start":{"line":126,"column":4},"end":{"line":132,"column":null}},{"start":{"line":126,"column":4},"end":{"line":132,"column":null}}]},"1":{"loc":{"start":{"line":128,"column":11},"end":{"line":132,"column":null}},"type":"if","locations":[{"start":{"line":128,"column":11},"end":{"line":132,"column":null}},{"start":{"line":128,"column":11},"end":{"line":132,"column":null}}]},"2":{"loc":{"start":{"line":135,"column":8},"end":{"line":135,"column":null}},"type":"if","locations":[{"start":{"line":135,"column":8},"end":{"line":135,"column":null}},{"start":{"line":135,"column":8},"end":{"line":135,"column":null}}]}},"s":{"0":6,"1":6,"2":6,"3":11,"4":6,"5":0,"6":11,"7":11,"8":11,"9":11,"10":2,"11":9,"12":9,"13":9,"14":9,"15":11,"16":10,"17":2,"18":10,"19":10,"20":6},"f":{"0":11,"1":0,"2":11,"3":10},"b":{"0":[2,9],"1":[9,0],"2":[2,8]}}
,"/Users/mattperry/Sites/motion/src/value/use-viewport-scroll.ts": {"path":"/Users/mattperry/Sites/motion/src/value/use-viewport-scroll.ts","statementMap":{"0":{"start":{"line":1,"column":0},"end":{"line":1,"column":44}},"1":{"start":{"line":10,"column":16},"end":{"line":10,"column":30}},"2":{"start":{"line":11,"column":16},"end":{"line":11,"column":30}},"3":{"start":{"line":12,"column":24},"end":{"line":12,"column":38}},"4":{"start":{"line":13,"column":24},"end":{"line":13,"column":38}},"5":{"start":{"line":15,"column":20},"end":{"line":17,"column":1}},"6":{"start":{"line":16,"column":4},"end":{"line":16,"column":null}},"7":{"start":{"line":19,"column":23},"end":{"line":19,"column":28}},"8":{"start":{"line":20,"column":26},"end":{"line":50,"column":1}},"9":{"start":{"line":21,"column":4},"end":{"line":21,"column":null}},"10":{"start":{"line":23,"column":4},"end":{"line":23,"column":45}},"11":{"start":{"line":23,"column":39},"end":{"line":23,"column":45}},"12":{"start":{"line":25,"column":31},"end":{"line":44,"column":5}},"13":{"start":{"line":26,"column":24},"end":{"line":26,"column":42}},"14":{"start":{"line":27,"column":24},"end":{"line":27,"column":42}},"15":{"start":{"line":30,"column":8},"end":{"line":30,"column":null}},"16":{"start":{"line":31,"column":8},"end":{"line":31,"column":null}},"17":{"start":{"line":34,"column":8},"end":{"line":38,"column":null}},"18":{"start":{"line":39,"column":8},"end":{"line":43,"column":null}},"19":{"start":{"line":46,"column":4},"end":{"line":46,"column":null}},"20":{"start":{"line":48,"column":4},"end":{"line":48,"column":null}},"21":{"start":{"line":49,"column":4},"end":{"line":49,"column":null}},"22":{"start":{"line":52,"column":49},"end":{"line":57,"column":null}},"23":{"start":{"line":104,"column":4},"end":{"line":106,"column":null}},"24":{"start":{"line":105,"column":8},"end":{"line":105,"column":null}},"25":{"start":{"line":108,"column":4},"end":{"line":108,"column":null}},"26":{"start":{"line":103,"column":0},"end":{"line":103,"column":16}}},"fnMap":{"0":{"name":"(anonymous_0)","decl":{"start":{"line":15,"column":20},"end":{"line":15,"column":21}},"loc":{"start":{"line":15,"column":74},"end":{"line":17,"column":1}}},"1":{"name":"(anonymous_1)","decl":{"start":{"line":20,"column":26},"end":{"line":20,"column":null}},"loc":{"start":{"line":20,"column":26},"end":{"line":50,"column":1}}},"2":{"name":"(anonymous_2)","decl":{"start":{"line":25,"column":31},"end":{"line":25,"column":null}},"loc":{"start":{"line":25,"column":31},"end":{"line":44,"column":5}}},"3":{"name":"useViewportScroll","decl":{"start":{"line":103,"column":16},"end":{"line":103,"column":33}},"loc":{"start":{"line":103,"column":33},"end":{"line":109,"column":1}}}},"branchMap":{"0":{"loc":{"start":{"line":16,"column":38},"end":{"line":16,"column":39}},"type":"cond-expr","locations":[{"start":{"line":16,"column":38},"end":{"line":16,"column":39}},{"start":{"line":16,"column":42},"end":{"line":16,"column":60}}]},"1":{"loc":{"start":{"line":16,"column":14},"end":{"line":16,"column":24}},"type":"binary-expr","locations":[{"start":{"line":16,"column":14},"end":{"line":16,"column":24}},{"start":{"line":16,"column":28},"end":{"line":16,"column":35}}]},"2":{"loc":{"start":{"line":23,"column":4},"end":{"line":23,"column":45}},"type":"if","locations":[{"start":{"line":23,"column":4},"end":{"line":23,"column":45}},{"start":{"line":23,"column":4},"end":{"line":23,"column":45}}]},"3":{"loc":{"start":{"line":104,"column":4},"end":{"line":106,"column":null}},"type":"if","locations":[{"start":{"line":104,"column":4},"end":{"line":106,"column":null}},{"start":{"line":104,"column":4},"end":{"line":106,"column":null}}]}},"s":{"0":5,"1":5,"2":5,"3":5,"4":5,"5":5,"6":0,"7":5,"8":5,"9":0,"10":0,"11":0,"12":0,"13":0,"14":0,"15":0,"16":0,"17":0,"18":0,"19":0,"20":0,"21":0,"22":5,"23":0,"24":0,"25":0,"26":5},"f":{"0":0,"1":0,"2":0,"3":0},"b":{"0":[0,0],"1":[0,0],"2":[0,0],"3":[0,0]}}
,"/Users/mattperry/Sites/motion/src/value/utils/is-motion-value.ts": {"path":"/Users/mattperry/Sites/motion/src/value/utils/is-motion-value.ts","statementMap":{"0":{"start":{"line":1,"column":0},"end":{"line":1,"column":33}},"1":{"start":{"line":3,"column":13},"end":{"line":5,"column":null}},"2":{"start":{"line":4,"column":4},"end":{"line":4,"column":null}}},"fnMap":{"0":{"name":"(anonymous_0)","decl":{"start":{"line":3,"column":29},"end":{"line":3,"column":30}},"loc":{"start":{"line":3,"column":40},"end":{"line":5,"column":1}}}},"branchMap":{},"s":{"0":21,"1":21,"2":1044},"f":{"0":1044},"b":{}}
,"/Users/mattperry/Sites/motion/src/value/utils/resolve-values.ts": {"path":"/Users/mattperry/Sites/motion/src/value/utils/resolve-values.ts","statementMap":{"0":{"start":{"line":6,"column":28},"end":{"line":6,"column":null}},"1":{"start":{"line":6,"column":52},"end":{"line":12,"column":null}},"2":{"start":{"line":9,"column":27},"end":{"line":9,"column":29}},"3":{"start":{"line":10,"column":4},"end":{"line":10,"column":null}},"4":{"start":{"line":10,"column":35},"end":{"line":10,"column":75}},"5":{"start":{"line":11,"column":4},"end":{"line":11,"column":null}},"6":{"start":{"line":14,"column":13},"end":{"line":14,"column":null}},"7":{"start":{"line":14,"column":59},"end":{"line":14,"column":71}}},"fnMap":{"0":{"name":"(anonymous_0)","decl":{"start":{"line":6,"column":28},"end":{"line":6,"column":29}},"loc":{"start":{"line":6,"column":47},"end":{"line":6,"column":null}}},"1":{"name":"(anonymous_1)","decl":{"start":{"line":6,"column":52},"end":{"line":6,"column":null}},"loc":{"start":{"line":7,"column":27},"end":{"line":12,"column":1}}},"2":{"name":"(anonymous_2)","decl":{"start":{"line":10,"column":19},"end":{"line":10,"column":20}},"loc":{"start":{"line":10,"column":30},"end":{"line":10,"column":36}}},"3":{"name":"(anonymous_3)","decl":{"start":{"line":14,"column":50},"end":{"line":14,"column":55}},"loc":{"start":{"line":14,"column":55},"end":{"line":14,"column":64}}}},"branchMap":{},"s":{"0":19,"1":19,"2":485,"3":485,"4":525,"5":485,"6":19,"7":525},"f":{"0":19,"1":485,"2":525,"3":525},"b":{}}
,"/Users/mattperry/Sites/motion/src/value/utils/unwrap-value.ts": {"path":"/Users/mattperry/Sites/motion/src/value/utils/unwrap-value.ts","statementMap":{"0":{"start":{"line":1,"column":0},"end":{"line":1,"column":33}},"1":{"start":{"line":2,"column":0},"end":{"line":2,"column":57}},"2":{"start":{"line":15,"column":27},"end":{"line":15,"column":77}},"3":{"start":{"line":16,"column":4},"end":{"line":18,"column":null}},"4":{"start":{"line":12,"column":0},"end":{"line":12,"column":16}}},"fnMap":{"0":{"name":"unwrapMotionValue","decl":{"start":{"line":12,"column":16},"end":{"line":12,"column":33}},"loc":{"start":{"line":13,"column":59},"end":{"line":19,"column":1}}}},"branchMap":{"0":{"loc":{"start":{"line":15,"column":58},"end":{"line":15,"column":69}},"type":"cond-expr","locations":[{"start":{"line":15,"column":58},"end":{"line":15,"column":69}},{"start":{"line":15,"column":72},"end":{"line":15,"column":77}}]},"1":{"loc":{"start":{"line":17,"column":10},"end":{"line":17,"column":34}},"type":"cond-expr","locations":[{"start":{"line":17,"column":10},"end":{"line":17,"column":34}},{"start":{"line":18,"column":10},"end":{"line":18,"column":24}}]}},"s":{"0":6,"1":6,"2":5,"3":5,"4":6},"f":{"0":5},"b":{"0":[2,3],"1":[1,4]}}
}
