TN:
SF:/Users/mattperry/Sites/motion/src/index.ts
FNF:0
FNH:0
DA:1,5
DA:2,5
DA:3,5
DA:4,5
DA:9,5
DA:10,5
DA:11,5
DA:12,5
DA:13,5
DA:14,5
DA:15,5
DA:16,5
DA:17,5
DA:19,5
DA:20,5
DA:21,5
DA:27,5
DA:28,5
DA:29,5
DA:31,5
DA:32,5
DA:33,5
DA:34,5
DA:35,5
DA:37,5
DA:49,5
DA:55,5
DA:71,5
DA:73,5
DA:74,5
LF:30
LH:30
BRF:0
BRH:0
end_of_record
TN:
SF:/Users/mattperry/Sites/motion/src/types.ts
FNF:0
FNH:0
DA:3,5
LF:1
LH:1
BRF:0
BRH:0
end_of_record
TN:
SF:/Users/mattperry/Sites/motion/src/animation/AnimationControls.ts
FN:19,(anonymous_0)
FN:62,(anonymous_2)
FN:64,(anonymous_3)
FN:76,(anonymous_4)
FN:78,(anonymous_5)
FN:91,(anonymous_6)
FN:97,(anonymous_7)
FN:119,(anonymous_8)
FN:125,(anonymous_9)
FN:134,(anonymous_10)
FN:163,(anonymous_11)
FN:169,(anonymous_12)
FN:183,(anonymous_13)
FN:184,(anonymous_14)
FN:192,(anonymous_15)
FN:194,(anonymous_16)
FN:204,(anonymous_17)
FN:213,(anonymous_18)
FNF:18
FNH:13
FNDA:30,(anonymous_0)
FNDA:0,(anonymous_2)
FNDA:0,(anonymous_3)
FNDA:0,(anonymous_4)
FNDA:0,(anonymous_5)
FNDA:12,(anonymous_6)
FNDA:12,(anonymous_7)
FNDA:17,(anonymous_8)
FNDA:13,(anonymous_9)
FNDA:4,(anonymous_10)
FNDA:4,(anonymous_11)
FNDA:6,(anonymous_12)
FNDA:11,(anonymous_13)
FNDA:12,(anonymous_14)
FNDA:11,(anonymous_15)
FNDA:4,(anonymous_16)
FNDA:11,(anonymous_17)
FNDA:0,(anonymous_18)
DA:7,19
DA:19,19
DA:25,11
DA:39,11
DA:46,11
DA:62,19
DA:63,0
DA:64,0
DA:65,0
DA:76,19
DA:77,0
DA:78,0
DA:79,0
DA:91,19
DA:92,12
DA:93,12
DA:94,12
DA:95,0
DA:97,12
DA:119,19
DA:123,17
DA:124,13
DA:125,13
DA:126,13
DA:129,13
DA:132,13
DA:134,4
DA:135,4
DA:163,19
DA:164,4
DA:169,4
DA:170,6
DA:183,19
DA:184,12
DA:192,19
DA:193,11
DA:194,11
DA:195,4
DA:204,19
DA:205,11
DA:206,11
DA:208,19
DA:213,19
LF:43
LH:36
BRDA:93,0,0,0
BRDA:93,0,1,12
BRDA:94,1,0,0
BRDA:94,1,1,12
BRDA:123,2,0,13
BRDA:123,2,1,4
BRF:6
BRH:4
end_of_record
TN:
SF:/Users/mattperry/Sites/motion/src/animation/ValueAnimationControls.ts
FN:40,(anonymous_0)
FN:42,(anonymous_1)
FN:50,(anonymous_2)
FN:52,(anonymous_3)
FN:61,(anonymous_4)
FN:69,(anonymous_5)
FN:74,(anonymous_6)
FN:96,(anonymous_7)
FN:160,ValueAnimationControls
FN:295,(anonymous_9)
FN:170,(anonymous_10)
FN:178,(anonymous_11)
FN:186,(anonymous_12)
FN:194,(anonymous_13)
FN:204,(anonymous_14)
FN:210,(anonymous_15)
FN:235,(anonymous_16)
FN:250,(anonymous_17)
FN:301,(anonymous_18)
FN:337,(anonymous_19)
FN:351,(anonymous_20)
FN:355,(anonymous_21)
FN:365,(anonymous_22)
FN:378,(anonymous_23)
FN:380,(anonymous_24)
FN:408,(anonymous_25)
FN:414,(anonymous_26)
FN:427,(anonymous_27)
FN:431,(anonymous_28)
FN:445,(anonymous_29)
FN:452,(anonymous_30)
FN:470,(anonymous_31)
FN:473,(anonymous_32)
FN:510,(anonymous_33)
FN:540,(anonymous_34)
FN:546,(anonymous_35)
FN:552,(anonymous_36)
FN:556,(anonymous_37)
FN:565,(anonymous_38)
FN:566,(anonymous_39)
FN:569,(anonymous_40)
FN:578,(anonymous_41)
FN:602,(anonymous_42)
FN:617,(anonymous_43)
FN:618,(anonymous_44)
FN:620,(anonymous_45)
FN:631,(anonymous_46)
FN:636,(anonymous_47)
FN:641,(anonymous_48)
FN:654,(anonymous_49)
FN:664,(anonymous_50)
FN:668,(anonymous_51)
FN:669,(anonymous_52)
FN:676,(anonymous_53)
FN:684,(anonymous_54)
FN:689,(anonymous_55)
FN:696,(anonymous_56)
FNF:57
FNH:56
FNDA:7,(anonymous_0)
FNDA:4,(anonymous_1)
FNDA:7,(anonymous_2)
FNDA:4,(anonymous_3)
FNDA:280,(anonymous_4)
FNDA:199,(anonymous_5)
FNDA:6,(anonymous_6)
FNDA:19,(anonymous_7)
FNDA:243,ValueAnimationControls
FNDA:484,(anonymous_9)
FNDA:161,(anonymous_10)
FNDA:732,(anonymous_11)
FNDA:489,(anonymous_12)
FNDA:489,(anonymous_13)
FNDA:137,(anonymous_14)
FNDA:88,(anonymous_15)
FNDA:371,(anonymous_16)
FNDA:456,(anonymous_17)
FNDA:289,(anonymous_18)
FNDA:250,(anonymous_19)
FNDA:34,(anonymous_20)
FNDA:0,(anonymous_21)
FNDA:21,(anonymous_22)
FNDA:13,(anonymous_23)
FNDA:1,(anonymous_24)
FNDA:12,(anonymous_25)
FNDA:73,(anonymous_26)
FNDA:45,(anonymous_27)
FNDA:45,(anonymous_28)
FNDA:2,(anonymous_29)
FNDA:199,(anonymous_30)
FNDA:108,(anonymous_31)
FNDA:228,(anonymous_32)
FNDA:242,(anonymous_33)
FNDA:131,(anonymous_34)
FNDA:24,(anonymous_35)
FNDA:26,(anonymous_36)
FNDA:63,(anonymous_37)
FNDA:54,(anonymous_38)
FNDA:9,(anonymous_39)
FNDA:20,(anonymous_40)
FNDA:43,(anonymous_41)
FNDA:20,(anonymous_42)
FNDA:20,(anonymous_43)
FNDA:4,(anonymous_44)
FNDA:24,(anonymous_45)
FNDA:211,(anonymous_46)
FNDA:120,(anonymous_47)
FNDA:6,(anonymous_48)
FNDA:237,(anonymous_49)
FNDA:25,(anonymous_50)
FNDA:12,(anonymous_51)
FNDA:10,(anonymous_52)
FNDA:51,(anonymous_53)
FNDA:4,(anonymous_54)
FNDA:33,(anonymous_55)
FNDA:489,(anonymous_56)
DA:2,19
DA:3,19
DA:15,19
DA:16,19
DA:17,19
DA:18,19
DA:40,19
DA:41,7
DA:42,7
DA:43,7
DA:50,19
DA:51,7
DA:52,7
DA:53,7
DA:61,19
DA:62,280
DA:69,199
DA:74,19
DA:96,19
DA:117,243
DA:122,243
DA:127,243
DA:132,243
DA:137,243
DA:147,243
DA:160,243
DA:161,243
DA:162,243
DA:163,243
DA:165,243
DA:166,243
DA:167,243
DA:169,243
DA:170,161
DA:178,19
DA:179,732
DA:186,19
DA:187,489
DA:194,19
DA:195,489
DA:204,137
DA:206,274
DA:208,137
DA:210,137
DA:211,88
DA:213,88
DA:214,88
DA:216,88
DA:217,29
DA:218,29
DA:220,59
DA:223,88
DA:235,19
DA:236,371
DA:237,371
DA:250,19
DA:251,456
DA:252,456
DA:253,456
DA:255,31
DA:256,34
DA:257,34
DA:258,34
DA:262,34
DA:263,2
DA:269,34
DA:270,32
DA:272,32
DA:278,34
DA:280,0
DA:281,34
DA:283,1
DA:286,34
DA:287,34
DA:295,484
DA:301,19
DA:308,289
DA:309,9
DA:316,280
DA:318,7
DA:326,560
DA:327,280
DA:328,280
DA:331,280
DA:337,19
DA:338,250
DA:339,30
DA:351,19
DA:352,34
DA:354,34
DA:355,2
DA:356,0
DA:365,19
DA:366,21
DA:368,21
DA:369,21
DA:378,19
DA:379,13
DA:380,1
DA:383,13
DA:384,13
DA:386,13
DA:387,13
DA:388,13
DA:390,13
DA:391,4
DA:392,4
DA:396,13
DA:397,13
DA:399,12
DA:401,12
DA:402,13
DA:403,13
DA:407,12
DA:408,12
DA:414,19
DA:415,73
DA:416,0
DA:417,73
DA:418,43
DA:420,30
DA:427,45
DA:428,45
DA:429,45
DA:431,45
DA:432,45
DA:436,45
DA:437,1
DA:440,45
DA:441,36
DA:444,45
DA:445,2
DA:446,2
DA:452,364
DA:453,199
DA:454,21
DA:457,199
DA:461,199
DA:462,24
DA:463,175
DA:464,13
DA:466,162
DA:469,199
DA:470,199
DA:473,228
DA:475,456
DA:477,228
DA:481,228
DA:482,2
DA:485,228
DA:487,228
DA:488,228
DA:489,6
DA:492,228
DA:494,228
DA:495,227
DA:499,227
DA:500,227
DA:503,228
DA:504,22
DA:507,228
DA:509,228
DA:511,242
DA:514,242
DA:516,242
DA:518,242
DA:519,218
DA:524,242
DA:526,236
DA:533,236
DA:535,236
DA:540,228
DA:541,131
DA:542,70
DA:546,24
DA:550,24
DA:552,26
DA:553,24
DA:556,63
DA:557,63
DA:558,63
DA:559,63
DA:560,63
DA:561,63
DA:562,63
DA:564,63
DA:565,54
DA:566,9
DA:568,63
DA:570,20
DA:578,43
DA:580,63
DA:581,16
DA:582,16
DA:583,7
DA:584,7
DA:585,7
DA:586,7
DA:591,63
DA:592,0
DA:596,0
DA:598,63
DA:602,19
DA:604,20
DA:605,20
DA:606,20
DA:607,20
DA:609,20
DA:610,0
DA:613,20
DA:614,20
DA:616,20
DA:617,20
DA:618,4
DA:620,20
DA:621,24
DA:625,24
DA:628,20
DA:631,19
DA:632,211
DA:633,211
DA:636,19
DA:637,120
DA:638,120
DA:641,19
DA:642,6
DA:643,6
DA:644,11
DA:646,11
DA:647,11
DA:648,11
DA:654,428
DA:655,237
DA:659,237
DA:660,6
DA:663,237
DA:664,25
DA:668,19
DA:669,12
DA:676,19
DA:677,51
DA:678,22
DA:680,51
DA:684,51
DA:685,4
DA:689,19
DA:690,33
DA:691,0
DA:693,33
DA:696,19
DA:697,489
DA:699,19
LF:252
LH:245
BRDA:187,0,0,112
BRDA:187,0,1,377
BRDA:195,1,0,129
BRDA:195,1,1,360
BRDA:206,2,0,30
BRDA:206,2,1,107
BRDA:206,3,0,100
BRDA:206,3,1,37
BRDA:211,4,0,0
BRDA:211,4,1,88
BRDA:216,5,0,29
BRDA:216,5,1,59
BRDA:218,6,0,29
BRDA:218,6,1,29
BRDA:223,7,0,87
BRDA:223,7,1,1
BRDA:237,8,0,18
BRDA:237,8,1,353
BRDA:253,9,0,425
BRDA:253,9,1,31
BRDA:262,10,0,2
BRDA:262,10,1,32
BRDA:269,11,0,32
BRDA:269,11,1,2
BRDA:278,12,0,0
BRDA:278,12,1,34
BRDA:278,13,0,34
BRDA:278,13,1,6
BRDA:281,14,0,1
BRDA:281,14,1,33
BRDA:281,15,0,34
BRDA:281,15,1,2
BRDA:308,16,0,9
BRDA:308,16,1,280
BRDA:316,17,0,7
BRDA:316,17,1,273
BRDA:326,18,0,117
BRDA:326,18,1,163
BRDA:338,19,0,220
BRDA:338,19,1,30
BRDA:354,20,0,2
BRDA:354,20,1,32
BRDA:368,21,0,21
BRDA:368,21,1,0
BRDA:379,22,0,1
BRDA:379,22,1,12
BRDA:384,23,0,0
BRDA:384,23,1,13
BRDA:390,24,0,4
BRDA:390,24,1,9
BRDA:392,25,0,4
BRDA:392,25,1,4
BRDA:397,26,0,1
BRDA:397,26,1,12
BRDA:402,27,0,13
BRDA:402,27,1,0
BRDA:415,28,0,0
BRDA:415,28,1,73
BRDA:417,29,0,43
BRDA:417,29,1,30
BRDA:436,30,0,1
BRDA:436,30,1,44
BRDA:440,31,0,36
BRDA:440,31,1,9
BRDA:444,32,0,2
BRDA:444,32,1,43
BRDA:444,33,0,45
BRDA:444,33,1,3
BRDA:452,34,0,165
BRDA:452,34,1,34
BRDA:453,35,0,21
BRDA:453,35,1,178
BRDA:461,36,0,24
BRDA:461,36,1,175
BRDA:463,37,0,13
BRDA:463,37,1,162
BRDA:475,38,0,12
BRDA:475,38,1,216
BRDA:475,39,0,204
BRDA:475,39,1,24
BRDA:475,40,0,184
BRDA:475,40,1,44
BRDA:481,41,0,2
BRDA:481,41,1,226
BRDA:485,42,0,0
BRDA:485,42,1,228
BRDA:488,43,0,6
BRDA:488,43,1,222
BRDA:494,44,0,227
BRDA:494,44,1,1
BRDA:503,45,0,22
BRDA:503,45,1,206
BRDA:514,46,0,0
BRDA:514,46,1,242
BRDA:514,47,0,242
BRDA:514,47,1,242
BRDA:514,47,2,242
BRDA:518,48,0,218
BRDA:518,48,1,24
BRDA:524,49,0,6
BRDA:524,49,1,236
BRDA:541,50,0,61
BRDA:541,50,1,70
BRDA:561,51,0,63
BRDA:561,51,1,63
BRDA:561,51,2,54
BRDA:565,52,0,54
BRDA:565,52,1,9
BRDA:569,53,0,20
BRDA:569,53,1,43
BRDA:580,54,0,16
BRDA:580,54,1,47
BRDA:580,55,0,63
BRDA:580,55,1,54
BRDA:582,56,0,7
BRDA:582,56,1,9
BRDA:583,57,0,7
BRDA:583,57,1,7
BRDA:584,58,0,7
BRDA:584,58,1,5
BRDA:585,59,0,7
BRDA:585,59,1,5
BRDA:587,60,0,7
BRDA:587,60,1,6
BRDA:591,61,0,0
BRDA:591,61,1,63
BRDA:595,62,0,0
BRDA:604,63,0,0
BRDA:604,63,1,20
BRDA:605,64,0,0
BRDA:605,64,1,20
BRDA:606,65,0,0
BRDA:606,65,1,20
BRDA:607,66,0,0
BRDA:607,66,1,20
BRDA:609,67,0,0
BRDA:609,67,1,20
BRDA:617,68,0,19
BRDA:617,68,1,1
BRDA:633,69,0,211
BRDA:633,69,1,2
BRDA:638,70,0,120
BRDA:638,70,1,31
BRDA:646,71,0,11
BRDA:646,71,1,0
BRDA:654,72,0,191
BRDA:654,72,1,46
BRDA:659,73,0,6
BRDA:659,73,1,231
BRDA:663,74,0,21
BRDA:663,74,1,216
BRDA:677,75,0,22
BRDA:677,75,1,29
BRDA:685,76,0,4
BRDA:685,76,1,4
BRDA:690,77,0,0
BRDA:690,77,1,33
BRDA:697,78,0,23
BRDA:697,78,1,466
BRF:159
BRH:142
end_of_record
TN:
SF:/Users/mattperry/Sites/motion/src/animation/use-animate-prop.ts
FN:7,(anonymous_0)
FN:19,justTarget
FN:48,useAnimateProp
FN:62,(anonymous_3)
FNF:4
FNH:4
FNDA:114,(anonymous_0)
FNDA:156,justTarget
FNDA:120,useAnimateProp
FNDA:107,(anonymous_3)
DA:1,18
DA:5,18
DA:7,18
DA:11,114
DA:20,156
DA:21,156
DA:22,156
DA:24,156
DA:48,18
DA:54,120
DA:55,120
DA:57,120
DA:58,49
DA:61,120
DA:63,107
DA:64,107
DA:67,107
DA:71,111
DA:76,111
DA:77,111
DA:81,111
DA:82,61
DA:86,107
DA:87,107
DA:92,107
DA:93,58
LF:26
LH:26
BRDA:12,0,0,114
BRDA:12,0,1,114
BRDA:14,1,0,8
BRDA:14,1,1,106
BRDA:13,2,0,114
BRDA:13,2,1,8
BRDA:57,3,0,49
BRDA:57,3,1,71
BRDA:71,4,0,111
BRDA:71,4,1,52
BRDA:71,4,2,29
BRDA:81,5,0,61
BRDA:81,5,1,50
BRDA:81,6,0,111
BRDA:81,6,1,109
BRDA:81,6,2,94
BRDA:92,7,0,58
BRDA:92,7,1,49
BRDA:96,8,0,58
BRDA:96,8,1,50
BRF:20
BRH:20
end_of_record
TN:
SF:/Users/mattperry/Sites/motion/src/animation/use-animated-state.ts
FN:42,useAnimatedState
FN:44,(anonymous_1)
FN:49,(anonymous_2)
FN:56,(anonymous_3)
FN:56,(anonymous_4)
FN:61,(anonymous_5)
FN:63,(anonymous_6)
FNF:7
FNH:7
FNDA:5,useAnimatedState
FNDA:1,(anonymous_1)
FNDA:1,(anonymous_2)
FNDA:1,(anonymous_3)
FNDA:1,(anonymous_4)
FNDA:1,(anonymous_5)
FNDA:1,(anonymous_6)
DA:1,6
DA:2,6
DA:3,6
DA:5,6
DA:42,6
DA:43,5
DA:44,5
DA:45,5
DA:46,5
DA:49,1
DA:55,5
DA:56,1
DA:57,1
DA:61,5
DA:62,1
DA:63,1
DA:66,5
LF:17
LH:17
BRF:0
BRH:0
end_of_record
TN:
SF:/Users/mattperry/Sites/motion/src/animation/use-animation-group-subscription.ts
FN:14,useAnimationGroupSubscription
FN:18,(anonymous_1)
FN:22,(anonymous_2)
FN:22,(anonymous_3)
FNF:4
FNH:4
FNDA:24,useAnimationGroupSubscription
FNDA:12,(anonymous_1)
FNDA:12,(anonymous_2)
FNDA:12,(anonymous_3)
DA:1,18
DA:14,18
DA:18,24
DA:21,24
DA:22,12
DA:23,12
LF:6
LH:6
BRDA:23,0,0,12
BRDA:23,0,1,12
BRF:2
BRH:2
end_of_record
TN:
SF:/Users/mattperry/Sites/motion/src/animation/use-animation.ts
FN:54,useAnimation
FN:55,(anonymous_1)
FN:57,(anonymous_2)
FN:59,(anonymous_3)
FNF:4
FNH:4
FNDA:22,useAnimation
FNDA:11,(anonymous_1)
FNDA:11,(anonymous_2)
FNDA:11,(anonymous_3)
DA:1,6
DA:2,6
DA:3,6
DA:54,6
DA:55,22
DA:57,22
DA:58,11
DA:59,11
DA:62,22
LF:9
LH:9
BRF:0
BRH:0
end_of_record
TN:
SF:/Users/mattperry/Sites/motion/src/animation/use-value-animation-controls.ts
FN:22,useValueAnimationControls
FN:29,(anonymous_1)
FN:42,(anonymous_2)
FN:42,(anonymous_3)
FNF:4
FNH:4
FNDA:489,useValueAnimationControls
FNDA:243,(anonymous_1)
FNDA:243,(anonymous_2)
FNDA:243,(anonymous_3)
DA:1,19
DA:5,19
DA:7,19
DA:8,19
DA:22,19
DA:27,489
DA:28,489
DA:29,489
DA:32,489
DA:33,489
DA:34,489
DA:35,489
DA:37,489
DA:38,51
DA:41,489
DA:42,243
DA:46,243
DA:47,243
DA:49,243
DA:54,489
LF:20
LH:20
BRDA:37,0,0,51
BRDA:37,0,1,438
BRDA:37,1,0,489
BRDA:37,1,1,79
BRDA:49,2,0,243
BRDA:49,2,1,33
BRF:6
BRH:6
end_of_record
TN:
SF:/Users/mattperry/Sites/motion/src/animation/use-variants.ts
FN:10,(anonymous_0)
FN:24,useVariants
FN:36,(anonymous_2)
FNF:3
FNH:3
FNDA:18,(anonymous_0)
FNDA:108,useVariants
FNDA:60,(anonymous_2)
DA:1,18
DA:4,18
DA:8,18
DA:10,18
DA:11,18
DA:24,18
DA:30,108
DA:31,108
DA:33,108
DA:34,108
DA:36,108
DA:37,60
DA:39,60
DA:43,38
DA:44,38
DA:46,22
DA:51,60
DA:53,60
LF:18
LH:18
BRDA:33,0,0,108
BRDA:33,0,1,49
BRDA:39,1,0,38
BRDA:39,1,1,22
BRDA:47,2,0,22
BRDA:47,2,1,18
BRDA:51,3,0,60
BRDA:51,3,1,22
BRF:8
BRH:8
end_of_record
TN:
SF:/Users/mattperry/Sites/motion/src/animation/utils/default-transitions.ts
FN:10,(anonymous_0)
FN:18,(anonymous_1)
FN:24,(anonymous_2)
FN:29,(anonymous_3)
FN:54,(anonymous_4)
FNF:5
FNH:4
FNDA:15,(anonymous_0)
FNDA:3,(anonymous_1)
FNDA:15,(anonymous_2)
FNDA:0,(anonymous_3)
FNDA:33,(anonymous_4)
DA:8,19
DA:10,19
DA:18,19
DA:24,19
DA:29,19
DA:37,19
DA:54,19
DA:60,33
DA:61,0
DA:63,33
DA:67,33
LF:11
LH:10
BRDA:21,0,0,0
BRDA:21,0,1,3
BRDA:60,1,0,0
BRDA:60,1,1,33
BRDA:64,2,0,33
BRDA:64,2,1,3
BRF:6
BRH:4
end_of_record
TN:
SF:/Users/mattperry/Sites/motion/src/animation/utils/easing.ts
FN:6,(anonymous_0)
FN:28,(anonymous_1)
FNF:2
FNH:2
FNDA:21,(anonymous_0)
FNDA:20,(anonymous_1)
DA:1,19
DA:2,19
DA:3,19
DA:6,19
DA:7,21
DA:9,0
DA:14,0
DA:15,0
DA:16,21
DA:18,18
DA:22,18
DA:25,3
DA:28,19
DA:29,20
LF:14
LH:11
BRDA:7,0,0,0
BRDA:7,0,1,21
BRDA:16,1,0,18
BRDA:16,1,1,3
BRDA:29,2,0,20
BRDA:29,2,1,2
BRF:6
BRH:5
end_of_record
TN:
SF:/Users/mattperry/Sites/motion/src/animation/utils/is-animatable.ts
FN:13,(anonymous_0)
FNF:1
FNH:1
FNDA:460,(anonymous_0)
DA:2,19
DA:13,19
DA:15,460
DA:20,458
DA:22,30
DA:27,25
DA:30,5
LF:7
LH:7
BRDA:15,0,0,2
BRDA:15,0,1,458
BRDA:20,1,0,428
BRDA:20,1,1,30
BRDA:20,2,0,458
BRDA:20,2,1,34
BRDA:22,3,0,25
BRDA:22,3,1,5
BRDA:23,4,0,30
BRDA:23,4,1,30
BRDA:23,4,2,27
BRF:11
BRH:11
end_of_record
TN:
SF:/Users/mattperry/Sites/motion/src/animation/utils/is-duration-animation.ts
FN:3,(anonymous_0)
FNF:1
FNH:1
FNDA:230,(anonymous_0)
DA:3,19
DA:6,230
LF:2
LH:2
BRDA:6,0,0,230
BRDA:6,0,1,174
BRF:2
BRH:2
end_of_record
TN:
SF:/Users/mattperry/Sites/motion/src/animation/utils/is-keyframes-target.ts
FN:3,(anonymous_0)
FNF:1
FNH:1
FNDA:684,(anonymous_0)
DA:3,20
DA:4,684
LF:2
LH:2
BRF:0
BRH:0
end_of_record
TN:
SF:/Users/mattperry/Sites/motion/src/animation/utils/just.ts
FN:8,(anonymous_0)
FN:9,(anonymous_1)
FNF:2
FNH:2
FNDA:74,(anonymous_0)
FNDA:74,(anonymous_1)
DA:1,19
DA:8,74
DA:9,74
DA:10,74
DA:11,74
LF:5
LH:5
BRF:0
BRH:0
end_of_record
TN:
SF:/Users/mattperry/Sites/motion/src/animation/utils/transitions.ts
FN:33,(anonymous_0)
FN:41,(anonymous_1)
FN:59,(anonymous_2)
FN:70,(anonymous_3)
FN:123,(anonymous_4)
FN:132,(anonymous_5)
FN:186,startAnimation
FN:192,(anonymous_7)
FN:195,(anonymous_8)
FN:200,(anonymous_9)
FN:215,(anonymous_10)
FNF:11
FNH:11
FNDA:54,(anonymous_0)
FNDA:4,(anonymous_1)
FNDA:230,(anonymous_2)
FNDA:230,(anonymous_3)
FNDA:230,(anonymous_4)
FNDA:230,(anonymous_5)
FNDA:236,startAnimation
FNDA:236,(anonymous_7)
FNDA:230,(anonymous_8)
FNDA:2684,(anonymous_9)
FNDA:42,(anonymous_10)
DA:1,19
DA:20,19
DA:21,19
DA:22,19
DA:23,19
DA:24,19
DA:25,19
DA:26,19
DA:27,19
DA:28,19
DA:30,19
DA:32,19
DA:34,54
DA:35,16
DA:36,16
DA:39,54
DA:41,4
DA:42,4
DA:43,0
DA:44,0
DA:45,0
DA:48,4
DA:49,4
DA:53,4
DA:55,4
DA:59,19
DA:60,230
DA:61,230
DA:62,230
DA:63,230
DA:64,230
DA:65,230
DA:67,230
DA:70,19
DA:75,230
DA:80,230
DA:84,33
DA:91,197
DA:95,197
DA:96,70
DA:103,127
DA:104,4
DA:114,123
DA:123,19
DA:127,230
DA:132,19
DA:138,230
DA:139,230
DA:140,230
DA:144,230
DA:150,460
DA:158,230
DA:162,230
DA:169,230
DA:170,56
DA:171,55
DA:173,56
DA:174,1
DA:178,230
DA:186,19
DA:190,472
DA:192,236
DA:195,236
DA:196,230
DA:199,230
DA:200,2684
DA:207,236
DA:208,9
DA:212,227
DA:215,236
DA:216,42
LF:71
LH:68
BRDA:34,0,0,16
BRDA:34,0,1,38
BRDA:35,1,0,1
BRDA:35,1,1,15
BRDA:42,2,0,0
BRDA:42,2,1,4
BRDA:42,3,0,4
BRDA:42,3,1,4
BRDA:48,4,0,4
BRDA:48,4,1,0
BRDA:50,5,0,1
BRDA:50,5,1,3
BRDA:75,6,0,230
BRDA:75,6,1,0
BRDA:80,7,0,33
BRDA:80,7,1,197
BRDA:81,8,0,230
BRDA:81,8,1,230
BRDA:91,9,0,197
BRDA:91,9,1,195
BRDA:91,9,2,195
BRDA:95,10,0,70
BRDA:95,10,1,127
BRDA:100,11,0,0
BRDA:100,11,1,70
BRDA:103,12,0,4
BRDA:103,12,1,123
BRDA:128,13,0,58
BRDA:128,13,1,172
BRDA:150,14,0,15
BRDA:150,14,1,215
BRDA:159,15,0,226
BRDA:159,15,1,4
BRDA:158,16,0,230
BRDA:158,16,1,226
BRDA:169,17,0,56
BRDA:169,17,1,174
BRDA:170,18,0,55
BRDA:170,18,1,1
BRDA:173,19,0,1
BRDA:173,19,1,55
BRDA:190,20,0,0
BRDA:190,20,1,236
BRDA:207,21,0,9
BRDA:207,21,1,227
BRDA:216,22,0,42
BRDA:216,22,1,0
BRF:47
BRH:41
end_of_record
TN:
SF:/Users/mattperry/Sites/motion/src/animation/utils/variant-resolvers.ts
FN:7,(anonymous_0)
FN:17,(anonymous_1)
FN:31,(anonymous_2)
FNF:3
FNH:3
FNDA:164,(anonymous_0)
FNDA:164,(anonymous_1)
FNDA:108,(anonymous_2)
DA:1,18
DA:7,18
DA:8,164
DA:9,96
DA:11,68
DA:12,0
DA:14,68
DA:17,18
DA:21,164
DA:23,164
DA:31,108
LF:11
LH:10
BRDA:8,0,0,96
BRDA:8,0,1,68
BRDA:11,1,0,0
BRDA:11,1,1,68
BRDA:21,2,0,0
BRDA:21,2,1,164
BRF:6
BRH:4
end_of_record
TN:
SF:/Users/mattperry/Sites/motion/src/behaviours/index.ts
FNF:0
FNH:0
DA:1,18
LF:1
LH:1
BRF:0
BRH:0
end_of_record
TN:
SF:/Users/mattperry/Sites/motion/src/behaviours/use-draggable.ts
FN:431,(anonymous_0)
FN:448,(anonymous_1)
FN:457,(anonymous_2)
FN:490,(anonymous_3)
FN:499,shouldDrag
FN:510,(anonymous_5)
FN:521,applyConstraints
FN:548,(anonymous_7)
FN:562,(anonymous_8)
FN:583,useDraggable
FN:639,(anonymous_10)
FN:649,(anonymous_11)
FN:681,(anonymous_12)
FN:692,(anonymous_13)
FN:693,(anonymous_14)
FN:701,(anonymous_15)
FN:716,(anonymous_16)
FN:733,(anonymous_17)
FN:749,(anonymous_18)
FN:758,(anonymous_19)
FN:783,(anonymous_20)
FN:810,(anonymous_21)
FN:816,(anonymous_22)
FN:836,(anonymous_23)
FN:861,(anonymous_24)
FN:892,(anonymous_25)
FN:902,(anonymous_26)
FN:903,(anonymous_27)
FN:940,(anonymous_28)
FN:948,(anonymous_29)
FN:996,(anonymous_30)
FN:996,(anonymous_31)
FN:1012,getCurrentDirection
FNF:33
FNH:29
FNDA:0,(anonymous_0)
FNDA:0,(anonymous_1)
FNDA:0,(anonymous_2)
FNDA:130,(anonymous_3)
FNDA:404,shouldDrag
FNDA:100,(anonymous_5)
FNDA:166,applyConstraints
FNDA:4,(anonymous_7)
FNDA:272,(anonymous_8)
FNDA:130,useDraggable
FNDA:4,(anonymous_10)
FNDA:0,(anonymous_11)
FNDA:4,(anonymous_12)
FNDA:26,(anonymous_13)
FNDA:52,(anonymous_14)
FNDA:62,(anonymous_15)
FNDA:72,(anonymous_16)
FNDA:144,(anonymous_17)
FNDA:16,(anonymous_18)
FNDA:154,(anonymous_19)
FNDA:62,(anonymous_20)
FNDA:124,(anonymous_21)
FNDA:59,(anonymous_22)
FNDA:118,(anonymous_23)
FNDA:91,(anonymous_24)
FNDA:60,(anonymous_25)
FNDA:53,(anonymous_26)
FNDA:106,(anonymous_27)
FNDA:4,(anonymous_28)
FNDA:60,(anonymous_29)
FNDA:62,(anonymous_30)
FNDA:62,(anonymous_31)
FNDA:6,getCurrentDirection
DA:1,18
DA:2,18
DA:3,18
DA:5,18
DA:6,18
DA:7,18
DA:10,18
DA:14,18
DA:15,18
DA:16,18
DA:17,18
DA:21,18
DA:429,18
DA:431,18
DA:435,0
DA:437,0
DA:441,0
DA:445,0
DA:448,18
DA:449,0
DA:457,18
DA:463,0
DA:468,0
DA:469,0
DA:475,0
DA:480,0
DA:484,0
DA:485,0
DA:487,0
DA:490,18
DA:491,130
DA:492,92
DA:494,38
DA:495,38
DA:504,404
DA:510,18
DA:512,100
DA:514,100
DA:515,54
DA:517,46
DA:527,166
DA:528,166
DA:529,92
DA:531,74
DA:533,74
DA:534,10
DA:537,64
DA:538,12
DA:542,74
DA:543,48
DA:545,74
DA:548,18
DA:553,4
DA:554,4
DA:562,272
DA:583,18
DA:585,260
DA:586,260
DA:587,260
DA:588,260
DA:589,260
DA:590,260
DA:591,130
DA:592,130
DA:593,130
DA:594,130
DA:600,130
DA:601,130
DA:604,130
DA:605,130
DA:606,130
DA:613,130
DA:615,130
DA:622,130
DA:623,130
DA:627,130
DA:628,130
DA:632,130
DA:639,130
DA:640,4
DA:642,0
DA:646,0
DA:649,0
DA:653,0
DA:654,0
DA:657,0
DA:658,0
DA:659,0
DA:660,0
DA:665,0
DA:670,0
DA:673,0
DA:674,0
DA:677,130
DA:681,130
DA:682,4
DA:683,4
DA:684,4
DA:685,4
DA:688,4
DA:689,4
DA:692,130
DA:693,26
DA:694,52
DA:695,52
DA:701,130
DA:702,62
DA:703,0
DA:710,0
DA:711,0
DA:715,130
DA:717,72
DA:720,72
DA:723,72
DA:727,72
DA:733,72
DA:734,144
DA:735,116
DA:736,116
DA:740,72
DA:745,26
DA:749,72
DA:758,72
DA:762,154
DA:765,154
DA:766,36
DA:769,118
DA:771,118
DA:773,118
DA:780,118
DA:783,72
DA:787,62
DA:793,62
DA:795,62
DA:796,62
DA:806,62
DA:810,62
DA:811,124
DA:812,124
DA:816,72
DA:820,59
DA:821,59
DA:824,59
DA:825,0
DA:832,0
DA:836,59
DA:837,118
DA:838,118
DA:840,92
DA:841,92
DA:845,59
DA:846,57
DA:847,57
DA:849,57
DA:850,4
DA:854,55
DA:857,55
DA:858,55
DA:861,72
DA:866,91
DA:867,8
DA:870,83
DA:873,83
DA:874,6
DA:877,6
DA:878,6
DA:879,6
DA:882,6
DA:885,77
DA:886,77
DA:888,77
DA:889,77
DA:892,72
DA:893,60
DA:894,60
DA:896,60
DA:897,53
DA:898,53
DA:902,72
DA:903,53
DA:904,106
DA:905,22
DA:908,84
DA:918,84
DA:919,84
DA:921,84
DA:940,53
DA:941,4
DA:942,4
DA:943,4
DA:944,4
DA:948,72
DA:952,60
DA:954,60
DA:957,53
DA:958,53
DA:959,53
DA:961,0
DA:964,53
DA:965,53
DA:968,72
DA:991,130
DA:992,130
DA:995,130
DA:996,62
DA:997,62
DA:998,0
DA:1014,12
DA:1016,6
DA:1018,6
DA:1019,4
DA:1020,2
DA:1021,2
DA:1024,6
LF:214
LH:181
BRDA:449,0,0,0
BRDA:449,0,1,0
BRDA:464,1,0,0
BRDA:464,1,1,0
BRDA:491,2,0,92
BRDA:491,2,1,38
BRDA:491,3,0,130
BRDA:491,3,1,38
BRDA:505,4,0,404
BRDA:505,4,1,160
BRDA:505,4,2,324
BRDA:505,4,3,18
BRDA:514,5,0,54
BRDA:514,5,1,46
BRDA:527,6,0,48
BRDA:527,6,1,118
BRDA:528,7,0,92
BRDA:528,7,1,74
BRDA:533,8,0,10
BRDA:533,8,1,64
BRDA:533,9,0,74
BRDA:533,9,1,40
BRDA:535,10,0,0
BRDA:535,10,1,10
BRDA:537,11,0,12
BRDA:537,11,1,52
BRDA:537,12,0,64
BRDA:537,12,1,38
BRDA:539,13,0,4
BRDA:539,13,1,8
BRDA:542,14,0,48
BRDA:542,14,1,26
BRDA:553,15,0,0
BRDA:553,15,1,4
BRDA:585,16,0,0
BRDA:585,16,1,130
BRDA:586,17,0,118
BRDA:586,17,1,12
BRDA:587,18,0,126
BRDA:587,18,1,4
BRDA:588,19,0,92
BRDA:588,19,1,38
BRDA:589,20,0,96
BRDA:589,20,1,34
BRDA:590,21,0,126
BRDA:590,21,1,4
BRDA:607,22,0,130
BRDA:607,22,1,126
BRDA:608,23,0,130
BRDA:608,23,1,126
BRDA:640,24,0,4
BRDA:640,24,1,0
BRDA:654,25,0,0
BRDA:654,25,1,0
BRDA:657,26,0,0
BRDA:657,26,1,0
BRDA:666,27,0,0
BRDA:666,27,1,0
BRDA:682,28,0,4
BRDA:682,28,1,0
BRDA:684,29,0,4
BRDA:684,29,1,2
BRDA:684,30,0,4
BRDA:684,30,1,2
BRDA:685,31,0,4
BRDA:685,31,1,4
BRDA:685,32,0,4
BRDA:685,32,1,4
BRDA:688,33,0,4
BRDA:688,33,1,0
BRDA:689,34,0,2
BRDA:689,34,1,2
BRDA:695,35,0,52
BRDA:695,35,1,48
BRDA:702,36,0,62
BRDA:702,36,1,0
BRDA:717,37,0,0
BRDA:717,37,1,72
BRDA:728,38,0,0
BRDA:728,38,1,72
BRDA:734,39,0,28
BRDA:734,39,1,116
BRDA:740,40,0,26
BRDA:740,40,1,46
BRDA:741,41,0,72
BRDA:741,41,1,72
BRDA:741,41,2,26
BRDA:752,42,0,16
BRDA:752,42,1,0
BRDA:753,43,0,16
BRDA:753,43,1,0
BRDA:765,44,0,36
BRDA:765,44,1,118
BRDA:765,45,0,154
BRDA:765,45,1,118
BRDA:787,46,0,62
BRDA:787,46,1,0
BRDA:788,47,0,62
BRDA:788,47,1,62
BRDA:795,48,0,62
BRDA:795,48,1,0
BRDA:812,49,0,124
BRDA:812,49,1,98
BRDA:824,50,0,0
BRDA:824,50,1,59
BRDA:838,51,0,26
BRDA:838,51,1,92
BRDA:845,52,0,57
BRDA:845,52,1,2
BRDA:846,53,0,0
BRDA:846,53,1,57
BRDA:849,54,0,4
BRDA:849,54,1,53
BRDA:858,55,0,55
BRDA:858,55,1,4
BRDA:866,56,0,8
BRDA:866,56,1,83
BRDA:866,57,0,91
BRDA:866,57,1,87
BRDA:873,58,0,6
BRDA:873,58,1,77
BRDA:873,59,0,83
BRDA:873,59,1,14
BRDA:877,60,0,6
BRDA:877,60,1,0
BRDA:879,61,0,6
BRDA:879,61,1,0
BRDA:889,62,0,77
BRDA:889,62,1,6
BRDA:896,63,0,53
BRDA:896,63,1,7
BRDA:896,64,0,60
BRDA:896,64,1,58
BRDA:904,65,0,22
BRDA:904,65,1,84
BRDA:909,66,0,26
BRDA:909,66,1,58
BRDA:918,67,0,64
BRDA:918,67,1,20
BRDA:919,68,0,64
BRDA:919,68,1,20
BRDA:928,69,0,82
BRDA:928,69,1,2
BRDA:944,70,0,4
BRDA:944,70,1,2
BRDA:954,71,0,7
BRDA:954,71,1,53
BRDA:957,72,0,53
BRDA:957,72,1,0
BRDA:957,73,0,53
BRDA:957,73,1,2
BRDA:965,74,0,53
BRDA:965,74,1,6
BRDA:997,75,0,0
BRDA:997,75,1,62
BRDA:997,76,0,62
BRDA:997,76,1,0
BRDA:1014,77,0,6
BRDA:1014,77,1,0
BRDA:1018,78,0,4
BRDA:1018,78,1,2
BRDA:1020,79,0,2
BRDA:1020,79,1,0
BRF:163
BRH:131
end_of_record
TN:
SF:/Users/mattperry/Sites/motion/src/behaviours/utils/block-viewport-scroll.ts
FN:7,(anonymous_0)
FN:15,(anonymous_1)
FN:16,(anonymous_2)
FNF:3
FNH:2
FNDA:0,(anonymous_0)
FNDA:62,(anonymous_1)
FNDA:60,(anonymous_2)
DA:1,18
DA:3,18
DA:5,18
DA:8,0
DA:9,0
DA:15,62
DA:16,60
LF:7
LH:5
BRDA:8,0,0,0
BRDA:8,0,1,0
BRF:2
BRH:0
end_of_record
TN:
SF:/Users/mattperry/Sites/motion/src/behaviours/utils/lock.ts
FN:3,createLock
FN:5,(anonymous_1)
FN:6,(anonymous_2)
FN:20,getGlobalLock
FN:32,(anonymous_4)
FNF:5
FNH:5
FNDA:36,createLock
FNDA:116,(anonymous_1)
FNDA:110,(anonymous_2)
FNDA:70,getGlobalLock
FNDA:45,(anonymous_4)
DA:3,18
DA:4,36
DA:5,36
DA:6,116
DA:7,110
DA:9,116
DA:10,110
DA:11,110
DA:13,6
DA:17,18
DA:18,18
DA:20,18
DA:23,70
DA:24,70
DA:25,6
DA:26,64
DA:27,18
DA:29,46
DA:30,46
DA:31,46
DA:32,45
DA:33,45
DA:34,45
DA:38,1
DA:39,1
DA:42,70
LF:26
LH:26
BRDA:9,0,0,110
BRDA:9,0,1,6
BRDA:24,1,0,6
BRDA:24,1,1,64
BRDA:26,2,0,18
BRDA:26,2,1,46
BRDA:31,3,0,45
BRDA:31,3,1,1
BRDA:31,4,0,46
BRDA:31,4,1,45
BRDA:38,5,0,0
BRDA:38,5,1,1
BRDA:39,6,0,0
BRDA:39,6,1,1
BRF:14
BRH:12
end_of_record
TN:
SF:/Users/mattperry/Sites/motion/src/components/AnimatePresence/index.tsx
FN:21,(anonymous_0)
FN:37,getChildKey
FN:41,updateChildLookup
FN:48,(anonymous_3)
FN:65,onlyElements
FN:69,(anonymous_5)
FN:134,(anonymous_6)
FN:173,(anonymous_7)
FN:213,(anonymous_8)
FN:222,(anonymous_9)
FN:227,(anonymous_10)
FN:262,(anonymous_11)
FN:287,(anonymous_12)
FNF:13
FNH:13
FNDA:62,(anonymous_0)
FNDA:170,getChildKey
FNDA:54,updateChildLookup
FNDA:38,(anonymous_3)
FNDA:54,onlyElements
FNDA:54,(anonymous_5)
FNDA:54,(anonymous_6)
FNDA:13,(anonymous_7)
FNDA:28,(anonymous_8)
FNDA:4,(anonymous_9)
FNDA:4,(anonymous_10)
FNDA:49,(anonymous_11)
FNDA:13,(anonymous_12)
DA:1,5
DA:12,5
DA:14,5
DA:21,62
DA:22,62
DA:24,62
DA:25,30
DA:28,62
DA:38,170
DA:46,54
DA:48,54
DA:49,38
DA:51,38
DA:52,38
DA:53,0
DA:58,38
DA:61,38
DA:66,54
DA:69,54
DA:70,54
DA:73,54
DA:134,5
DA:135,54
DA:136,54
DA:137,108
DA:138,54
DA:139,54
DA:140,54
DA:142,54
DA:145,54
DA:149,54
DA:152,54
DA:159,54
DA:162,54
DA:164,54
DA:168,54
DA:169,13
DA:171,13
DA:173,13
DA:186,41
DA:190,41
DA:191,41
DA:194,41
DA:195,41
DA:196,45
DA:197,45
DA:198,28
DA:201,17
DA:207,41
DA:208,4
DA:213,41
DA:215,28
DA:217,28
DA:218,28
DA:220,28
DA:222,28
DA:223,4
DA:226,4
DA:227,4
DA:229,4
DA:232,4
DA:233,4
DA:235,4
DA:236,0
DA:238,4
DA:241,4
DA:245,28
DA:251,28
DA:262,41
DA:263,49
DA:264,49
DA:271,41
DA:273,41
DA:278,0
DA:283,41
DA:287,13
LF:76
LH:73
BRDA:24,0,0,30
BRDA:24,0,1,32
BRDA:38,1,0,170
BRDA:38,1,1,84
BRDA:46,2,0,54
BRDA:46,2,1,0
BRDA:51,3,0,38
BRDA:51,3,1,0
BRDA:51,4,0,38
BRDA:51,4,1,38
BRDA:52,5,0,0
BRDA:52,5,1,38
BRDA:70,6,0,38
BRDA:70,6,1,16
BRDA:137,7,0,50
BRDA:137,7,1,4
BRDA:168,8,0,13
BRDA:168,8,1,41
BRDA:176,9,0,11
BRDA:176,9,1,2
BRDA:197,10,0,28
BRDA:197,10,1,17
BRDA:207,11,0,4
BRDA:207,11,1,37
BRDA:207,12,0,41
BRDA:207,12,1,5
BRDA:215,13,0,0
BRDA:215,13,1,28
BRDA:218,14,0,0
BRDA:218,14,1,28
BRDA:232,15,0,4
BRDA:232,15,1,0
BRDA:235,16,0,0
BRDA:235,16,1,4
BRDA:241,17,0,4
BRDA:241,17,1,2
BRDA:265,18,0,28
BRDA:265,18,1,21
BRDA:273,19,0,0
BRDA:273,19,1,41
BRDA:274,20,0,41
BRDA:274,20,1,41
BRDA:274,20,2,5
BRDA:286,21,0,24
BRDA:286,21,1,17
BRF:45
BRH:37
end_of_record
TN:
SF:/Users/mattperry/Sites/motion/src/dom/accessibility.ts
FN:9,(anonymous_0)
FN:23,(anonymous_1)
FNF:2
FNH:0
FNDA:0,(anonymous_0)
FNDA:0,(anonymous_1)
DA:4,0
DA:6,0
DA:7,0
DA:9,0
DA:10,0
DA:12,0
DA:13,0
DA:23,0
LF:8
LH:0
BRDA:6,0,0,0
BRDA:6,0,1,0
BRF:2
BRH:0
end_of_record
TN:
SF:/Users/mattperry/Sites/motion/src/dom/css-variables-conversion.ts
FN:6,isCSSVariable
FN:20,parseCSSVariable
FN:29,getVariableValue
FN:62,resolveCSSVariables
FN:78,(anonymous_4)
FNF:5
FNH:5
FNDA:562,isCSSVariable
FNDA:7,parseCSSVariable
FNDA:2,getVariableValue
FNDA:227,resolveCSSVariables
FNDA:325,(anonymous_4)
DA:4,18
DA:7,562
DA:19,18
DA:20,18
DA:21,7
DA:22,7
DA:24,7
DA:25,7
DA:28,18
DA:32,4
DA:34,2
DA:39,2
DA:42,2
DA:45,2
DA:47,2
DA:48,2
DA:49,0
DA:51,0
DA:53,0
DA:62,18
DA:65,227
DA:68,227
DA:69,227
DA:73,224
DA:74,6
DA:78,224
DA:79,325
DA:80,325
DA:82,1
DA:83,1
DA:88,224
DA:89,237
DA:90,237
DA:92,1
DA:93,1
DA:96,1
DA:101,1
DA:102,0
DA:106,224
LF:39
LH:35
BRDA:7,0,0,562
BRDA:7,0,1,34
BRDA:22,1,0,0
BRDA:22,1,1,7
BRDA:32,2,0,2
BRDA:32,2,1,0
BRDA:42,3,0,0
BRDA:42,3,1,2
BRDA:47,4,0,2
BRDA:47,4,1,0
BRDA:49,5,0,0
BRDA:49,5,1,0
BRDA:69,6,0,3
BRDA:69,6,1,224
BRDA:73,7,0,6
BRDA:73,7,1,218
BRDA:80,8,0,324
BRDA:80,8,1,1
BRDA:83,9,0,1
BRDA:83,9,1,0
BRDA:90,10,0,236
BRDA:90,10,1,1
BRDA:93,11,0,0
BRDA:93,11,1,1
BRDA:101,12,0,0
BRDA:101,12,1,1
BRDA:101,13,0,1
BRDA:101,13,1,0
BRF:28
BRH:18
end_of_record
TN:
SF:/Users/mattperry/Sites/motion/src/dom/parse-dom-variant.ts
FN:7,(anonymous_0)
FN:11,(anonymous_1)
FNF:2
FNH:2
FNDA:242,(anonymous_0)
FNDA:227,(anonymous_1)
DA:1,18
DA:4,18
DA:7,18
DA:11,242
DA:12,227
DA:13,227
DA:14,227
DA:16,227
LF:8
LH:8
BRF:0
BRH:0
end_of_record
TN:
SF:/Users/mattperry/Sites/motion/src/dom/unit-type-conversion.ts
FN:21,(anonymous_0)
FN:22,(anonymous_1)
FN:26,(anonymous_2)
FN:33,(anonymous_3)
FN:38,(anonymous_4)
FN:52,(anonymous_5)
FN:55,(anonymous_6)
FN:58,(anonymous_7)
FN:73,(anonymous_8)
FN:77,removeNonTranslationalTransform
FN:83,(anonymous_10)
FN:99,(anonymous_11)
FN:100,(anonymous_12)
FN:102,(anonymous_13)
FN:103,(anonymous_14)
FN:104,(anonymous_15)
FN:105,(anonymous_16)
FN:112,(anonymous_17)
FN:142,(anonymous_18)
FN:156,(anonymous_19)
FN:176,(anonymous_20)
FN:262,(anonymous_21)
FN:287,unitConversion
FNF:23
FNH:9
FNDA:391,(anonymous_0)
FNDA:227,(anonymous_1)
FNDA:0,(anonymous_2)
FNDA:8,(anonymous_3)
FNDA:18,(anonymous_4)
FNDA:0,(anonymous_5)
FNDA:36,(anonymous_6)
FNDA:0,(anonymous_7)
FNDA:414,(anonymous_8)
FNDA:0,removeNonTranslationalTransform
FNDA:0,(anonymous_10)
FNDA:0,(anonymous_11)
FNDA:0,(anonymous_12)
FNDA:0,(anonymous_13)
FNDA:0,(anonymous_14)
FNDA:0,(anonymous_15)
FNDA:0,(anonymous_16)
FNDA:0,(anonymous_17)
FNDA:0,(anonymous_18)
FNDA:143,(anonymous_19)
FNDA:148,(anonymous_20)
FNDA:0,(anonymous_21)
FNDA:227,unitConversion
DA:5,18
DA:6,18
DA:7,18
DA:8,18
DA:9,18
DA:11,18
DA:21,391
DA:22,18
DA:23,227
DA:26,18
DA:29,0
DA:30,0
DA:33,18
DA:34,8
DA:38,18
DA:39,18
DA:40,18
DA:41,18
DA:42,18
DA:43,18
DA:44,18
DA:52,18
DA:53,0
DA:55,18
DA:58,36
DA:59,0
DA:61,0
DA:63,0
DA:64,0
DA:66,0
DA:67,0
DA:71,18
DA:72,18
DA:73,414
DA:81,0
DA:83,0
DA:84,0
DA:85,0
DA:86,0
DA:87,0
DA:92,0
DA:94,0
DA:97,18
DA:99,0
DA:100,0
DA:102,0
DA:103,0
DA:104,0
DA:105,0
DA:112,18
DA:119,0
DA:120,0
DA:122,0
DA:123,0
DA:124,0
DA:125,0
DA:126,0
DA:127,0
DA:129,0
DA:133,0
DA:134,0
DA:138,0
DA:140,0
DA:142,0
DA:145,0
DA:146,0
DA:150,0
DA:153,0
DA:156,18
DA:160,282
DA:162,143
DA:163,143
DA:165,143
DA:166,143
DA:168,143
DA:172,143
DA:173,143
DA:175,143
DA:177,148
DA:178,148
DA:180,148
DA:181,148
DA:182,148
DA:189,148
DA:190,2
DA:192,2
DA:193,5
DA:194,2
DA:196,2
DA:203,3
DA:210,146
DA:213,148
DA:216,4
DA:217,4
DA:218,4
DA:219,2
DA:221,4
DA:222,2
DA:223,2
DA:224,0
DA:229,0
DA:230,0
DA:234,0
DA:237,0
DA:238,0
DA:242,0
DA:246,148
DA:251,143
DA:252,0
DA:261,0
DA:262,0
DA:263,0
DA:268,0
DA:270,0
DA:272,143
DA:287,18
DA:293,227
LF:117
LH:63
BRDA:34,0,0,8
BRDA:34,0,1,4
BRDA:38,1,0,18
BRDA:38,1,1,18
BRDA:59,2,0,0
BRDA:59,2,1,0
BRDA:59,3,0,0
BRDA:59,3,1,0
BRDA:63,4,0,0
BRDA:63,4,1,0
BRDA:85,5,0,0
BRDA:85,5,1,0
BRDA:87,6,0,0
BRDA:87,6,1,0
BRDA:92,7,0,0
BRDA:92,7,1,0
BRDA:133,8,0,0
BRDA:133,8,1,0
BRDA:134,9,0,0
BRDA:134,9,1,0
BRDA:160,10,0,139
BRDA:160,10,1,4
BRDA:178,11,0,0
BRDA:178,11,1,148
BRDA:189,12,0,2
BRDA:189,12,1,146
BRDA:192,13,0,0
BRDA:192,13,1,2
BRDA:193,14,0,2
BRDA:193,14,1,3
BRDA:197,15,0,2
BRDA:197,15,1,0
BRDA:197,15,2,0
BRDA:213,16,0,4
BRDA:213,16,1,144
BRDA:216,17,0,4
BRDA:216,17,1,0
BRDA:216,18,0,4
BRDA:216,18,1,4
BRDA:218,19,0,2
BRDA:218,19,1,2
BRDA:221,20,0,2
BRDA:221,20,1,2
BRDA:223,21,0,0
BRDA:223,21,1,2
BRDA:223,22,0,2
BRDA:223,22,1,0
BRDA:229,23,0,0
BRDA:229,23,1,0
BRDA:240,24,0,0
BRDA:240,24,1,0
BRDA:251,25,0,0
BRDA:251,25,1,143
BRDA:261,26,0,0
BRDA:261,26,1,0
BRDA:294,27,0,143
BRDA:294,27,1,84
BRF:57
BRH:27
end_of_record
TN:
SF:/Users/mattperry/Sites/motion/src/dom/value-types.ts
FN:14,(anonymous_0)
FN:15,(anonymous_1)
FN:21,(anonymous_2)
FN:21,(anonymous_3)
FN:23,(anonymous_4)
FN:26,(anonymous_5)
FNF:6
FNH:5
FNDA:4,(anonymous_0)
FNDA:0,(anonymous_1)
FNDA:333,(anonymous_2)
FNDA:387,(anonymous_3)
FNDA:299,(anonymous_4)
FNDA:34,(anonymous_5)
DA:1,19
DA:13,19
DA:14,4
DA:15,0
DA:18,19
DA:19,19
DA:21,387
DA:23,19
DA:24,299
DA:26,34
LF:10
LH:9
BRF:0
BRH:0
end_of_record
TN:
SF:/Users/mattperry/Sites/motion/src/events/event-info.ts
FN:9,(anonymous_0)
FN:15,(anonymous_1)
FN:22,(anonymous_2)
FNF:3
FNH:3
FNDA:470,(anonymous_0)
FNDA:29374,(anonymous_1)
FNDA:470,(anonymous_2)
DA:9,940
DA:10,470
DA:15,20
DA:18,29374
DA:19,27760
DA:22,1614
DA:23,470
DA:24,470
DA:26,470
DA:29,1614
LF:10
LH:10
BRDA:9,0,0,470
BRDA:9,0,1,0
BRDA:9,1,0,470
BRDA:9,1,1,0
BRDA:18,2,0,27760
BRDA:18,2,1,1614
BRDA:23,3,0,470
BRDA:23,3,1,0
BRF:8
BRH:5
end_of_record
TN:
SF:/Users/mattperry/Sites/motion/src/events/index.ts
FNF:0
FNH:0
DA:1,20
DA:2,20
DA:3,20
LF:3
LH:3
BRF:0
BRH:0
end_of_record
TN:
SF:/Users/mattperry/Sites/motion/src/events/types.ts
FN:10,(anonymous_0)
FN:12,(anonymous_1)
FN:17,(anonymous_2)
FN:20,(anonymous_3)
FN:31,(anonymous_4)
FNF:5
FNH:5
FNDA:21,(anonymous_0)
FNDA:358,(anonymous_1)
FNDA:3,(anonymous_2)
FNDA:3,(anonymous_3)
FNDA:3,(anonymous_4)
DA:10,21
DA:12,21
DA:13,358
DA:17,21
DA:20,3
DA:22,3
DA:23,3
DA:24,1
DA:26,2
DA:28,3
DA:31,3
DA:32,3
DA:34,3
DA:35,2
DA:37,2
LF:15
LH:15
BRDA:22,0,0,0
BRDA:22,0,1,3
BRDA:23,1,0,1
BRDA:23,1,1,2
BRDA:34,2,0,1
BRDA:34,2,1,2
BRDA:10,3,0,21
BRDA:10,3,1,21
BRF:8
BRH:7
end_of_record
TN:
SF:/Users/mattperry/Sites/motion/src/events/use-event.ts
FN:4,isEventTarget
FN:11,(anonymous_1)
FN:17,(anonymous_2)
FN:23,(anonymous_3)
FN:32,(anonymous_4)
FN:49,(anonymous_5)
FNF:6
FNH:6
FNDA:31011,isEventTarget
FNDA:1623,(anonymous_1)
FNDA:1087,(anonymous_2)
FNDA:1441,(anonymous_3)
FNDA:29389,(anonymous_4)
FNDA:17539,(anonymous_5)
DA:1,20
DA:5,31011
DA:11,20
DA:17,1623
DA:18,1087
DA:19,1
DA:21,1086
DA:23,1623
DA:24,1441
DA:25,1
DA:27,1440
DA:29,1623
DA:32,20
DA:38,29389
DA:39,29389
DA:40,811
DA:48,29389
DA:50,17539
DA:51,17539
DA:52,16727
DA:54,812
DA:60,812
DA:61,812
DA:65,29389
LF:24
LH:24
BRDA:6,0,0,31011
BRDA:6,0,1,15503
BRDA:18,1,0,1
BRDA:18,1,1,1086
BRDA:24,2,0,1
BRDA:24,2,1,1440
BRDA:39,3,0,811
BRDA:39,3,1,28578
BRDA:39,4,0,29389
BRDA:39,4,1,29388
BRDA:39,4,2,14694
BRDA:51,5,0,16727
BRDA:51,5,1,812
BRDA:51,6,0,17539
BRDA:51,6,1,1624
BRDA:51,6,2,1623
BRDA:51,6,3,813
BRF:17
BRH:17
end_of_record
TN:
SF:/Users/mattperry/Sites/motion/src/events/use-pointer-events.ts
FN:13,(anonymous_0)
FN:13,(anonymous_1)
FN:15,(anonymous_2)
FN:18,(anonymous_3)
FN:21,(anonymous_4)
FN:28,(anonymous_5)
FN:52,(anonymous_6)
FN:55,(anonymous_7)
FN:67,(anonymous_8)
FN:120,(anonymous_9)
FN:147,(anonymous_10)
FN:211,(anonymous_11)
FN:215,(anonymous_12)
FN:219,(anonymous_13)
FN:235,(anonymous_14)
FN:291,(anonymous_15)
FNF:16
FNH:16
FNDA:324,(anonymous_0)
FNDA:1034,(anonymous_1)
FNDA:6184,(anonymous_2)
FNDA:27521,(anonymous_3)
FNDA:324,(anonymous_4)
FNDA:1034,(anonymous_5)
FNDA:3092,(anonymous_6)
FNDA:209,(anonymous_7)
FNDA:1546,(anonymous_8)
FNDA:1546,(anonymous_9)
FNDA:1546,(anonymous_10)
FNDA:1546,(anonymous_11)
FNDA:1542,(anonymous_12)
FNDA:1538,(anonymous_13)
FNDA:1546,(anonymous_14)
FNDA:637,(anonymous_15)
DA:1,20
DA:2,20
DA:10,20
DA:11,20
DA:13,20
DA:15,20
DA:16,46380
DA:18,27521
DA:19,3865
DA:21,2319
DA:22,1616
DA:23,1616
DA:24,758
DA:28,2319
DA:29,5166
DA:30,5166
DA:31,2178
DA:35,2319
DA:52,20
DA:53,3092
DA:55,441
DA:56,209
DA:58,209
DA:61,209
DA:62,209
DA:67,20
DA:69,1546
DA:70,1546
DA:71,1546
DA:72,1546
DA:73,1546
DA:74,1546
DA:75,1546
DA:80,1546
DA:86,1546
DA:87,1546
DA:88,1546
DA:89,1546
DA:90,1546
DA:96,1546
DA:102,1546
DA:120,20
DA:122,1546
DA:123,1546
DA:124,1546
DA:125,1546
DA:130,1546
DA:131,1546
DA:132,1546
DA:133,1546
DA:139,1546
DA:147,20
DA:149,1546
DA:150,1546
DA:151,1546
DA:152,1546
DA:153,1546
DA:154,1546
DA:155,1546
DA:156,1546
DA:161,1546
DA:167,1546
DA:173,1546
DA:174,1546
DA:180,1546
DA:186,1546
DA:187,1546
DA:193,1546
DA:199,1546
DA:211,20
DA:212,1546
DA:215,20
DA:216,1542
DA:219,20
DA:220,1538
DA:235,20
DA:241,1546
DA:242,1546
DA:243,1546
DA:244,1546
DA:245,1546
DA:246,1546
DA:247,1546
DA:248,1546
DA:250,1546
DA:251,1546
DA:252,1546
DA:253,1546
DA:254,4
DA:255,1542
DA:256,4
DA:262,1538
DA:263,1538
DA:274,1546
DA:275,1546
DA:276,1546
DA:278,1546
DA:291,20
DA:301,637
DA:303,637
DA:304,637
DA:305,637
DA:307,0
DA:308,0
DA:311,637
DA:312,637
DA:313,637
DA:315,0
LF:108
LH:105
BRDA:18,0,0,3865
BRDA:18,0,1,2319
BRDA:23,1,0,758
BRDA:23,1,1,858
BRDA:30,2,0,2178
BRDA:30,2,1,2988
BRDA:53,3,0,2651
BRDA:53,3,1,441
BRDA:58,4,0,209
BRDA:58,4,1,206
BRDA:58,4,2,206
BRDA:61,5,0,209
BRDA:61,5,1,0
BRDA:212,6,0,1546
BRDA:212,6,1,4
BRDA:212,6,2,4
BRDA:216,7,0,1542
BRDA:216,7,1,4
BRDA:216,7,2,4
BRDA:220,8,0,1538
BRDA:220,8,1,1538
BRDA:220,8,2,1538
BRDA:253,9,0,4
BRDA:253,9,1,1542
BRDA:255,10,0,4
BRDA:255,10,1,1538
BRDA:262,11,0,1538
BRDA:262,11,1,0
BRDA:303,12,0,637
BRDA:303,12,1,0
BRDA:312,13,0,637
BRDA:312,13,1,0
BRF:32
BRH:28
end_of_record
TN:
SF:/Users/mattperry/Sites/motion/src/events/utils/window.ts
FN:43,(anonymous_0)
FN:44,(anonymous_1)
FN:45,(anonymous_2)
FN:61,(anonymous_3)
FN:62,(anonymous_4)
FN:63,(anonymous_5)
FN:64,(anonymous_6)
FN:65,(anonymous_7)
FNF:8
FNH:0
FNDA:0,(anonymous_0)
FNDA:0,(anonymous_1)
FNDA:0,(anonymous_2)
FNDA:0,(anonymous_3)
FNDA:0,(anonymous_4)
FNDA:0,(anonymous_5)
FNDA:0,(anonymous_6)
FNDA:0,(anonymous_7)
DA:42,20
DA:45,0
DA:61,0
DA:63,0
DA:65,0
DA:73,20
LF:6
LH:2
BRDA:73,0,0,0
BRDA:73,0,1,20
BRF:2
BRH:1
end_of_record
TN:
SF:/Users/mattperry/Sites/motion/src/gestures/index.ts
FNF:0
FNH:0
DA:1,18
DA:2,18
DA:7,18
DA:8,18
DA:9,18
LF:5
LH:5
BRF:0
BRH:0
end_of_record
TN:
SF:/Users/mattperry/Sites/motion/src/gestures/use-gestures.ts
FN:18,useGestures
FNF:1
FNH:1
FNDA:169,useGestures
DA:2,18
DA:3,18
DA:4,18
DA:18,18
DA:22,169
DA:23,169
DA:24,169
LF:7
LH:7
BRF:0
BRH:0
end_of_record
TN:
SF:/Users/mattperry/Sites/motion/src/gestures/use-hover-gesture.ts
FN:82,useHoverGesture
FN:96,(anonymous_1)
FN:97,(anonymous_2)
FN:109,(anonymous_3)
FNF:4
FNH:4
FNDA:169,useHoverGesture
FNDA:84,(anonymous_1)
FNDA:11,(anonymous_2)
FNDA:7,(anonymous_3)
DA:1,18
DA:2,18
DA:4,18
DA:6,18
DA:72,18
DA:82,18
DA:84,169
DA:85,169
DA:86,169
DA:87,169
DA:91,169
DA:92,18
DA:95,169
DA:97,84
DA:100,11
DA:102,11
DA:104,11
DA:105,10
DA:109,84
DA:112,7
DA:114,7
DA:116,7
DA:117,6
DA:121,84
DA:126,169
LF:25
LH:25
BRDA:91,0,0,18
BRDA:91,0,1,151
BRDA:91,1,0,169
BRDA:91,1,1,18
BRDA:100,2,0,0
BRDA:100,2,1,11
BRDA:102,3,0,1
BRDA:102,3,1,10
BRDA:104,4,0,10
BRDA:104,4,1,1
BRDA:104,5,0,11
BRDA:104,5,1,10
BRDA:112,6,0,0
BRDA:112,6,1,7
BRDA:114,7,0,1
BRDA:114,7,1,6
BRDA:116,8,0,6
BRDA:116,8,1,1
BRDA:116,9,0,7
BRDA:116,9,1,6
BRF:20
BRH:18
end_of_record
TN:
SF:/Users/mattperry/Sites/motion/src/gestures/use-pan-gesture.ts
FN:29,startDevicePoint
FN:33,lastDevicePoint
FN:37,getVelocity
FN:378,usePanGesture
FN:390,(anonymous_4)
FN:400,(anonymous_5)
FN:405,(anonymous_6)
FN:453,(anonymous_7)
FN:470,(anonymous_8)
FN:502,(anonymous_9)
FN:533,(anonymous_10)
FN:534,(anonymous_11)
FNF:12
FNH:12
FNDA:179,startDevicePoint
FNDA:270,lastDevicePoint
FNDA:179,getVelocity
FNDA:299,usePanGesture
FNDA:179,(anonymous_4)
FNDA:241,(anonymous_5)
FNDA:117,(anonymous_6)
FNDA:117,(anonymous_7)
FNDA:62,(anonymous_8)
FNDA:64,(anonymous_9)
FNDA:141,(anonymous_10)
FNDA:141,(anonymous_11)
DA:1,18
DA:2,18
DA:3,18
DA:10,18
DA:11,18
DA:12,18
DA:13,18
DA:14,18
DA:15,18
DA:16,18
DA:17,18
DA:30,179
DA:34,270
DA:38,179
DA:39,179
DA:40,88
DA:43,91
DA:44,91
DA:45,91
DA:46,91
DA:47,220
DA:48,220
DA:52,2
DA:54,218
DA:57,91
DA:58,0
DA:61,91
DA:62,91
DA:63,0
DA:66,91
DA:71,91
DA:72,0
DA:74,91
DA:75,0
DA:78,91
DA:378,18
DA:379,299
DA:382,299
DA:383,299
DA:384,299
DA:387,299
DA:388,299
DA:390,299
DA:391,179
DA:392,179
DA:400,299
DA:401,241
DA:404,299
DA:406,117
DA:412,0
DA:413,0
DA:414,0
DA:415,0
DA:416,0
DA:419,117
DA:420,117
DA:426,117
DA:428,117
DA:429,24
DA:432,93
DA:433,93
DA:434,93
DA:435,93
DA:436,93
DA:438,93
DA:439,61
DA:440,59
DA:442,61
DA:445,93
DA:446,91
DA:452,299
DA:454,117
DA:455,117
DA:458,117
DA:459,0
DA:460,0
DA:464,117
DA:469,299
DA:471,62
DA:472,62
DA:473,62
DA:475,62
DA:476,0
DA:477,0
DA:478,0
DA:481,62
DA:482,60
DA:485,62
DA:490,299
DA:495,299
DA:501,299
DA:504,64
DA:505,0
DA:508,64
DA:509,64
DA:511,64
DA:516,64
DA:517,64
DA:522,64
DA:523,2
DA:526,64
DA:527,64
DA:533,299
DA:534,141
DA:535,141
DA:536,141
DA:537,141
DA:540,299
DA:541,299
DA:542,165
DA:545,299
LF:111
LH:96
BRDA:39,0,0,88
BRDA:39,0,1,91
BRDA:48,1,0,2
BRDA:48,1,1,218
BRDA:57,2,0,0
BRDA:57,2,1,91
BRDA:62,3,0,0
BRDA:62,3,1,91
BRDA:71,4,0,0
BRDA:71,4,1,91
BRDA:74,5,0,0
BRDA:74,5,1,91
BRDA:406,6,0,0
BRDA:406,6,1,117
BRDA:407,7,0,117
BRDA:407,7,1,117
BRDA:407,7,2,117
BRDA:407,7,3,117
BRDA:428,8,0,24
BRDA:428,8,1,93
BRDA:428,9,0,117
BRDA:428,9,1,85
BRDA:438,10,0,61
BRDA:438,10,1,32
BRDA:439,11,0,59
BRDA:439,11,1,2
BRDA:445,12,0,91
BRDA:445,12,1,2
BRDA:458,13,0,0
BRDA:458,13,1,117
BRDA:458,14,0,117
BRDA:458,14,1,117
BRDA:475,15,0,0
BRDA:475,15,1,62
BRDA:475,16,0,62
BRDA:475,16,1,62
BRDA:481,17,0,60
BRDA:481,17,1,2
BRDA:504,18,0,0
BRDA:504,18,1,64
BRDA:504,19,0,64
BRDA:504,19,1,0
BRDA:522,20,0,2
BRDA:522,20,1,62
BRDA:541,21,0,165
BRDA:541,21,1,134
BRDA:541,22,0,299
BRDA:541,22,1,169
BRDA:541,22,2,169
BRDA:541,22,3,169
BRF:50
BRH:41
end_of_record
TN:
SF:/Users/mattperry/Sites/motion/src/gestures/use-tap-gesture.ts
FN:209,(anonymous_0)
FN:230,useTapGesture
FN:243,(anonymous_2)
FN:246,(anonymous_3)
FN:247,(anonymous_4)
FN:251,(anonymous_5)
FN:291,(anonymous_6)
FN:322,(anonymous_7)
FN:323,(anonymous_8)
FNF:9
FNH:8
FNDA:169,(anonymous_0)
FNDA:169,useTapGesture
FNDA:79,(anonymous_2)
FNDA:0,(anonymous_3)
FNDA:62,(anonymous_4)
FNDA:13,(anonymous_5)
FNDA:15,(anonymous_6)
FNDA:79,(anonymous_7)
FNDA:79,(anonymous_8)
DA:1,18
DA:2,18
DA:10,18
DA:11,18
DA:13,18
DA:14,18
DA:16,18
DA:209,18
DA:210,169
DA:212,169
DA:213,889
DA:216,169
DA:230,18
DA:234,169
DA:235,169
DA:236,169
DA:238,169
DA:239,12
DA:242,169
DA:244,79
DA:245,68
DA:251,11
DA:253,13
DA:255,13
DA:256,13
DA:257,0
DA:260,13
DA:262,13
DA:263,6
DA:268,13
DA:270,13
DA:271,1
DA:273,12
DA:275,12
DA:280,0
DA:281,0
DA:283,0
DA:286,12
DA:287,6
DA:291,11
DA:293,15
DA:295,15
DA:296,15
DA:297,15
DA:299,15
DA:300,0
DA:303,15
DA:304,7
DA:308,11
DA:317,169
DA:321,169
DA:323,79
DA:324,79
DA:330,169
LF:54
LH:49
BRDA:238,0,0,12
BRDA:238,0,1,157
BRDA:238,1,0,169
BRDA:238,1,1,12
BRDA:244,2,0,68
BRDA:244,2,1,11
BRDA:244,3,0,79
BRDA:244,3,1,73
BRDA:244,3,2,73
BRDA:244,3,3,73
BRDA:256,4,0,0
BRDA:256,4,1,13
BRDA:262,5,0,6
BRDA:262,5,1,7
BRDA:262,6,0,13
BRDA:262,6,1,13
BRDA:270,7,0,1
BRDA:270,7,1,12
BRDA:275,8,0,0
BRDA:275,8,1,12
BRDA:276,9,0,12
BRDA:276,9,1,12
BRDA:276,9,2,12
BRDA:280,10,0,0
BRDA:280,10,1,0
BRDA:286,11,0,6
BRDA:286,11,1,6
BRDA:296,12,0,0
BRDA:296,12,1,15
BRDA:296,13,0,15
BRDA:296,13,1,15
BRDA:299,14,0,0
BRDA:299,14,1,15
BRDA:303,15,0,7
BRDA:303,15,1,8
BRDA:303,16,0,15
BRDA:303,16,1,15
BRF:37
BRH:31
end_of_record
TN:
SF:/Users/mattperry/Sites/motion/src/gestures/utils/event-type.ts
FN:1,isMouseEvent
FN:12,isTouchEvent
FNF:2
FNH:2
FNDA:117,isMouseEvent
FNDA:82,isTouchEvent
DA:1,18
DA:5,117
DA:6,0
DA:9,117
DA:12,18
DA:15,82
DA:16,82
LF:7
LH:6
BRDA:5,0,0,0
BRDA:5,0,1,117
BRDA:5,1,0,117
BRDA:5,1,1,0
BRF:4
BRH:2
end_of_record
TN:
SF:/Users/mattperry/Sites/motion/src/gestures/utils/gesture-priority.ts
FN:3,(anonymous_0)
FNF:1
FNH:1
FNDA:36,(anonymous_0)
DA:1,18
DA:3,18
DA:4,36
LF:3
LH:3
BRF:0
BRH:0
end_of_record
TN:
SF:/Users/mattperry/Sites/motion/src/gestures/utils/is-node-or-child.ts
FN:8,(anonymous_0)
FNF:1
FNH:1
FNDA:28,(anonymous_0)
DA:8,19
DA:12,28
DA:13,2
DA:14,26
DA:15,14
DA:17,12
LF:6
LH:6
BRDA:12,0,0,2
BRDA:12,0,1,26
BRDA:14,1,0,14
BRDA:14,1,1,12
BRF:4
BRH:4
end_of_record
TN:
SF:/Users/mattperry/Sites/motion/src/motion/component.tsx
FN:35,(anonymous_0)
FN:40,MotionComponent
FN:60,(anonymous_2)
FNF:3
FNH:3
FNDA:3044,(anonymous_0)
FNDA:484,MotionComponent
FNDA:242,(anonymous_2)
DA:1,18
DA:2,18
DA:3,18
DA:4,18
DA:9,18
DA:10,18
DA:11,18
DA:17,18
DA:18,18
DA:20,18
DA:35,18
DA:36,3044
DA:37,3044
DA:38,3044
DA:44,484
DA:45,484
DA:47,484
DA:48,30
DA:51,484
DA:52,484
DA:53,484
DA:58,484
DA:60,484
DA:61,242
DA:63,484
DA:69,484
DA:76,484
DA:86,484
DA:94,484
DA:109,3044
LF:30
LH:30
BRDA:47,0,0,30
BRDA:47,0,1,454
BRDA:51,1,0,484
BRDA:51,1,1,480
BRDA:51,1,2,470
BRDA:77,2,0,14
BRDA:77,2,1,470
BRF:7
BRH:7
end_of_record
TN:
SF:/Users/mattperry/Sites/motion/src/motion/index.tsx
FN:25,(anonymous_0)
FN:36,(anonymous_1)
FN:65,(anonymous_2)
FNF:3
FNH:3
FNDA:2052,(anonymous_0)
FNDA:990,(anonymous_1)
FNDA:2,(anonymous_2)
DA:1,18
DA:2,18
DA:13,18
DA:14,18
DA:18,18
DA:19,18
DA:20,18
DA:21,18
DA:22,18
DA:24,18
DA:26,2052
DA:29,2052
DA:30,2052
DA:35,18
DA:39,990
DA:40,990
DA:64,18
DA:66,2
LF:18
LH:18
BRF:0
BRH:0
end_of_record
TN:
SF:/Users/mattperry/Sites/motion/src/motion/types.ts
FN:592,(anonymous_0)
FNF:1
FNH:1
FNDA:18,(anonymous_0)
DA:592,18
DA:593,18
DA:594,18
DA:595,18
LF:4
LH:4
BRDA:592,0,0,18
BRDA:592,0,1,18
BRF:2
BRH:2
end_of_record
TN:
SF:/Users/mattperry/Sites/motion/src/motion/context/MotionContext.ts
FN:32,(anonymous_0)
FN:36,(anonymous_1)
FN:47,(anonymous_2)
FN:105,(anonymous_3)
FN:122,(anonymous_4)
FN:129,(anonymous_5)
FNF:6
FNH:6
FNDA:2202,(anonymous_0)
FNDA:367,(anonymous_1)
FNDA:484,(anonymous_2)
FNDA:252,(anonymous_3)
FNDA:249,(anonymous_4)
FNDA:242,(anonymous_5)
DA:1,19
DA:2,19
DA:5,19
DA:6,19
DA:28,19
DA:32,19
DA:33,2202
DA:36,19
DA:39,367
DA:47,19
DA:50,484
DA:51,484
DA:55,484
DA:56,5
DA:57,479
DA:58,479
DA:63,484
DA:71,484
DA:78,484
DA:84,484
DA:90,484
DA:97,484
DA:104,484
DA:105,252
DA:117,484
DA:121,484
DA:123,249
DA:124,249
DA:129,484
DA:130,242
DA:133,484
LF:31
LH:31
BRDA:33,0,0,2202
BRDA:33,0,1,2042
BRDA:50,1,0,0
BRDA:50,1,1,484
BRDA:55,2,0,5
BRDA:55,2,1,479
BRDA:55,3,0,484
BRDA:55,3,1,5
BRDA:57,4,0,479
BRDA:57,4,1,0
BRDA:71,5,0,484
BRDA:71,5,1,372
BRDA:71,5,2,364
BRDA:71,5,3,362
BRDA:71,5,4,362
BRDA:79,6,0,34
BRDA:79,6,1,450
BRDA:85,7,0,41
BRDA:85,7,1,443
BRDA:90,8,0,14
BRDA:90,8,1,470
BRDA:98,9,0,75
BRDA:98,9,1,409
BRDA:97,10,0,484
BRDA:97,10,1,136
BRDA:107,11,0,80
BRDA:107,11,1,172
BRDA:123,12,0,249
BRDA:123,12,1,206
BRDA:124,13,0,249
BRDA:124,13,1,67
BRDA:126,14,0,14
BRDA:126,14,1,470
BRF:33
BRH:31
end_of_record
TN:
SF:/Users/mattperry/Sites/motion/src/motion/context/MotionPluginContext.tsx
FN:17,(anonymous_0)
FN:25,MotionPlugins
FNF:2
FNH:1
FNDA:0,(anonymous_0)
FNDA:114,MotionPlugins
DA:1,18
DA:2,18
DA:16,18
DA:17,0
DA:25,114
DA:26,114
DA:27,114
DA:31,114
DA:32,114
DA:35,114
LF:10
LH:9
BRF:0
BRH:0
end_of_record
TN:
SF:/Users/mattperry/Sites/motion/src/motion/functionality/animation.ts
FN:24,(anonymous_0)
FN:39,(anonymous_1)
FN:55,(anonymous_2)
FN:63,(anonymous_3)
FN:66,(anonymous_4)
FN:72,(anonymous_5)
FN:79,(anonymous_6)
FN:82,(anonymous_7)
FN:88,(anonymous_8)
FNF:9
FNH:9
FNDA:120,(anonymous_0)
FNDA:108,(anonymous_1)
FNDA:24,(anonymous_2)
FNDA:185,(anonymous_3)
FNDA:614,(anonymous_4)
FNDA:470,(anonymous_5)
FNDA:470,(anonymous_6)
FNDA:1426,(anonymous_7)
FNDA:470,(anonymous_8)
DA:2,18
DA:3,18
DA:4,18
DA:5,18
DA:6,18
DA:7,18
DA:22,18
DA:25,120
DA:26,120
DA:27,120
DA:28,120
DA:30,120
DA:40,108
DA:41,216
DA:42,108
DA:43,108
DA:45,108
DA:55,24
DA:56,24
DA:63,18
DA:64,185
DA:66,614
DA:67,614
DA:69,18
DA:71,18
DA:73,470
DA:80,470
DA:82,1426
DA:88,18
DA:91,470
DA:93,470
DA:94,1410
DA:95,262
DA:99,470
LF:34
LH:34
BRDA:41,0,0,0
BRDA:41,0,1,108
BRDA:64,1,0,185
BRDA:64,1,1,185
BRDA:74,2,0,470
BRDA:74,2,1,185
BRDA:74,2,2,144
BRDA:81,3,0,470
BRDA:81,3,1,362
BRDA:94,4,0,262
BRDA:94,4,1,1148
BRDA:99,5,0,252
BRDA:99,5,1,218
BRF:13
BRH:12
end_of_record
TN:
SF:/Users/mattperry/Sites/motion/src/motion/functionality/dom.tsx
FN:18,stripMotionProps
FN:30,(anonymous_1)
FN:45,createDomMotionConfig
FN:52,(anonymous_3)
FN:84,(anonymous_4)
FN:133,(anonymous_5)
FN:136,(anonymous_6)
FNF:7
FNH:7
FNDA:482,stripMotionProps
FNDA:6,(anonymous_1)
FNDA:3044,createDomMotionConfig
FNDA:484,(anonymous_3)
FNDA:470,(anonymous_4)
FNDA:242,(anonymous_5)
FNDA:31,(anonymous_6)
DA:2,18
DA:3,18
DA:4,18
DA:6,18
DA:7,18
DA:8,18
DA:10,18
DA:11,18
DA:13,18
DA:14,18
DA:15,18
DA:16,18
DA:19,482
DA:21,482
DA:22,1479
DA:23,144
DA:27,482
DA:30,18
DA:31,6
DA:32,6
DA:33,6
DA:34,6
DA:37,18
DA:38,18
DA:45,18
DA:48,3044
DA:49,3044
DA:51,3044
DA:53,484
DA:54,484
DA:58,484
DA:91,470
DA:94,470
DA:96,470
DA:97,252
DA:111,470
DA:112,1410
DA:113,1410
DA:114,1410
DA:115,1410
DA:118,1410
DA:119,299
DA:131,470
DA:134,242
DA:137,31
LF:45
LH:45
BRDA:22,0,0,144
BRDA:22,0,1,1335
BRDA:49,1,0,3044
BRDA:49,1,1,3042
BRDA:53,2,0,482
BRDA:53,2,1,2
BRDA:55,3,0,6
BRDA:55,3,1,478
BRDA:96,4,0,252
BRDA:96,4,1,218
BRDA:118,5,0,299
BRDA:118,5,1,1111
BRF:12
BRH:12
end_of_record
TN:
SF:/Users/mattperry/Sites/motion/src/motion/functionality/drag.ts
FN:8,(anonymous_0)
FN:10,(anonymous_1)
FNF:2
FNH:2
FNDA:470,(anonymous_0)
FNDA:130,(anonymous_1)
DA:2,18
DA:3,18
DA:6,18
DA:8,470
DA:10,130
DA:11,130
LF:6
LH:6
BRF:0
BRH:0
end_of_record
TN:
SF:/Users/mattperry/Sites/motion/src/motion/functionality/gestures.ts
FN:23,(anonymous_0)
FN:24,(anonymous_1)
FN:26,(anonymous_2)
FNF:3
FNH:3
FNDA:470,(anonymous_0)
FNDA:4062,(anonymous_1)
FNDA:169,(anonymous_2)
DA:2,18
DA:4,18
DA:6,18
DA:21,18
DA:24,4062
DA:26,169
DA:27,169
LF:7
LH:7
BRF:0
BRH:0
end_of_record
TN:
SF:/Users/mattperry/Sites/motion/src/motion/functionality/position.ts
FN:19,(anonymous_0)
FN:21,(anonymous_1)
FN:26,(anonymous_2)
FN:29,(anonymous_3)
FN:32,(anonymous_4)
FN:48,isResolver
FN:54,usePositionAnimation
FN:60,(anonymous_7)
FN:71,(anonymous_8)
FN:97,(anonymous_9)
FN:100,(anonymous_10)
FNF:11
FNH:1
FNDA:0,(anonymous_0)
FNDA:0,(anonymous_1)
FNDA:0,(anonymous_2)
FNDA:0,(anonymous_3)
FNDA:0,(anonymous_4)
FNDA:0,isResolver
FNDA:0,usePositionAnimation
FNDA:0,(anonymous_7)
FNDA:0,(anonymous_8)
FNDA:470,(anonymous_9)
FNDA:0,(anonymous_10)
DA:6,18
DA:8,18
DA:11,18
DA:19,18
DA:21,18
DA:26,18
DA:27,0
DA:29,18
DA:31,0
DA:32,0
DA:34,0
DA:35,0
DA:36,0
DA:37,0
DA:41,0
DA:43,0
DA:45,0
DA:51,0
DA:60,0
DA:61,0
DA:63,0
DA:69,0
DA:71,0
DA:72,0
DA:74,0
DA:75,0
DA:77,0
DA:81,0
DA:82,0
DA:83,0
DA:86,0
DA:88,0
DA:89,0
DA:95,18
DA:98,470
DA:101,0
DA:102,0
DA:103,0
DA:104,0
DA:106,0
LF:40
LH:9
BRDA:19,0,0,0
BRDA:19,0,1,0
BRDA:27,1,0,0
BRDA:27,1,1,0
BRDA:31,2,0,0
BRDA:31,2,1,0
BRDA:34,3,0,0
BRDA:34,3,1,0
BRDA:38,4,0,0
BRDA:38,4,1,0
BRDA:41,5,0,0
BRDA:41,5,1,0
BRDA:64,6,0,0
BRDA:64,6,1,0
BRDA:74,7,0,0
BRDA:74,7,1,0
BRDA:74,8,0,0
BRDA:74,8,1,0
BRDA:74,8,2,0
BRDA:78,9,0,0
BRDA:78,9,1,0
BRDA:88,10,0,0
BRDA:88,10,1,0
BRDA:98,11,0,470
BRDA:98,11,1,470
BRF:25
BRH:2
end_of_record
TN:
SF:/Users/mattperry/Sites/motion/src/motion/utils/apply-exit-props.ts
FN:5,applyExitProps
FN:22,(anonymous_1)
FNF:2
FNH:2
FNDA:30,applyExitProps
FNDA:4,(anonymous_1)
DA:3,18
DA:5,18
DA:7,30
DA:9,30
DA:10,28
DA:12,28
DA:23,4
DA:24,4
DA:27,2
DA:28,2
DA:31,0
LF:11
LH:10
BRDA:9,0,0,28
BRDA:9,0,1,2
BRDA:19,1,0,4
BRDA:19,1,1,24
BRDA:23,2,0,4
BRDA:23,2,1,4
BRDA:24,3,0,4
BRDA:24,3,1,0
BRDA:27,4,0,2
BRDA:27,4,1,0
BRF:10
BRH:8
end_of_record
TN:
SF:/Users/mattperry/Sites/motion/src/motion/utils/make-hook-component.ts
FN:3,(anonymous_0)
FN:3,(anonymous_1)
FNF:2
FNH:2
FNDA:108,(anonymous_0)
FNDA:551,(anonymous_1)
DA:3,108
DA:6,551
DA:7,551
LF:3
LH:3
BRF:0
BRH:0
end_of_record
TN:
SF:/Users/mattperry/Sites/motion/src/motion/utils/should-inherit-variant.ts
FN:4,(anonymous_0)
FNF:1
FNH:1
FNDA:484,(anonymous_0)
DA:2,18
DA:4,18
DA:5,484
DA:6,484
DA:7,968
DA:9,484
LF:6
LH:6
BRDA:7,0,0,484
BRDA:7,0,1,0
BRDA:10,1,0,484
BRDA:10,1,1,484
BRDA:10,1,2,112
BRDA:10,1,3,43
BRF:6
BRH:5
end_of_record
TN:
SF:/Users/mattperry/Sites/motion/src/motion/utils/supported-elements.ts
FNF:0
FNH:0
DA:6,18
DA:127,18
LF:2
LH:2
BRF:0
BRH:0
end_of_record
TN:
SF:/Users/mattperry/Sites/motion/src/motion/utils/use-external-ref.ts
FN:8,useExternalRef
FN:16,(anonymous_1)
FN:20,(anonymous_2)
FNF:3
FNH:3
FNDA:484,useExternalRef
FNDA:242,(anonymous_1)
FNDA:1,(anonymous_2)
DA:1,18
DA:8,18
DA:14,484
DA:16,484
DA:17,242
DA:18,1
DA:20,1
DA:24,484
LF:8
LH:8
BRDA:14,0,0,480
BRDA:14,0,1,4
BRDA:14,1,0,484
BRDA:14,1,1,5
BRDA:17,2,0,1
BRDA:17,2,1,241
BRDA:17,3,0,242
BRDA:17,3,1,4
BRF:8
BRH:8
end_of_record
TN:
SF:/Users/mattperry/Sites/motion/src/motion/utils/use-motion-values.ts
FN:12,(anonymous_0)
FN:13,(anonymous_1)
FN:21,(anonymous_2)
FN:29,(anonymous_4)
FN:33,(anonymous_5)
FN:43,(anonymous_6)
FN:55,(anonymous_7)
FN:59,(anonymous_8)
FN:60,(anonymous_9)
FN:63,(anonymous_10)
FN:72,(anonymous_11)
FN:78,(anonymous_12)
FN:85,(anonymous_13)
FN:92,(anonymous_14)
FN:96,(anonymous_15)
FN:102,(anonymous_16)
FN:106,(anonymous_17)
FN:110,(anonymous_18)
FN:111,(anonymous_19)
FN:120,(anonymous_20)
FN:121,(anonymous_21)
FN:152,(anonymous_22)
FN:156,(anonymous_23)
FN:167,(anonymous_24)
FN:169,(anonymous_25)
FNF:25
FNH:24
FNDA:0,(anonymous_0)
FNDA:22,(anonymous_1)
FNDA:266,(anonymous_2)
FNDA:644,(anonymous_4)
FNDA:460,(anonymous_5)
FNDA:826,(anonymous_6)
FNDA:978,(anonymous_7)
FNDA:457,(anonymous_8)
FNDA:1133,(anonymous_9)
FNDA:635,(anonymous_10)
FNDA:456,(anonymous_11)
FNDA:489,(anonymous_12)
FNDA:489,(anonymous_13)
FNDA:479,(anonymous_14)
FNDA:250,(anonymous_15)
FNDA:244,(anonymous_16)
FNDA:265,(anonymous_17)
FNDA:243,(anonymous_18)
FNDA:296,(anonymous_19)
FNDA:489,(anonymous_20)
FNDA:243,(anonymous_21)
FNDA:242,(anonymous_22)
FNDA:242,(anonymous_23)
FNDA:1369,(anonymous_24)
FNDA:242,(anonymous_25)
DA:1,21
DA:2,21
DA:3,21
DA:5,21
DA:6,21
DA:7,21
DA:11,21
DA:12,0
DA:13,22
DA:21,21
DA:22,245
DA:25,245
DA:26,245
DA:29,21
DA:30,644
DA:33,21
DA:34,460
DA:36,460
DA:37,192
DA:43,21
DA:47,826
DA:48,826
DA:49,42
DA:50,42
DA:52,826
DA:55,21
DA:56,978
DA:59,457
DA:60,1133
DA:61,457
DA:63,457
DA:64,635
DA:66,457
DA:68,457
DA:69,160
DA:72,457
DA:73,456
DA:74,456
DA:78,21
DA:79,489
DA:80,489
DA:81,19
DA:85,21
DA:86,489
DA:87,6
DA:88,6
DA:92,21
DA:93,479
DA:96,21
DA:97,250
DA:98,244
DA:102,244
DA:103,244
DA:105,244
DA:106,265
DA:107,244
DA:110,243
DA:111,243
DA:112,296
DA:113,296
DA:116,21
DA:118,21
DA:120,21
DA:121,489
DA:122,243
DA:130,243
DA:131,675
DA:135,2
DA:139,243
DA:141,489
DA:142,489
DA:144,489
DA:152,21
DA:153,242
DA:156,242
DA:157,242
DA:162,242
DA:167,1369
DA:169,242
DA:172,242
DA:175,21
LF:81
LH:80
BRDA:36,0,0,192
BRDA:36,0,1,268
BRDA:48,1,0,42
BRDA:48,1,1,784
BRDA:48,2,0,826
BRDA:48,2,1,42
BRDA:60,3,0,1133
BRDA:60,3,1,1125
BRDA:64,4,0,635
BRDA:64,4,1,28
BRDA:68,5,0,160
BRDA:68,5,1,297
BRDA:80,6,0,19
BRDA:80,6,1,470
BRDA:86,7,0,6
BRDA:86,7,1,483
BRDA:97,8,0,244
BRDA:97,8,1,6
BRDA:105,9,0,242
BRDA:105,9,1,2
BRDA:113,10,0,296
BRDA:113,10,1,296
BRDA:131,11,0,2
BRDA:131,11,1,673
BRDA:132,12,0,675
BRDA:132,12,1,6
BRF:26
BRH:26
end_of_record
TN:
SF:/Users/mattperry/Sites/motion/src/motion/utils/use-styles.ts
FN:10,(anonymous_0)
FN:12,(anonymous_1)
FN:34,(anonymous_2)
FN:70,(anonymous_3)
FNF:4
FNH:3
FNDA:23,(anonymous_0)
FNDA:479,(anonymous_1)
FNDA:484,(anonymous_2)
FNDA:0,(anonymous_3)
DA:1,19
DA:2,19
DA:3,19
DA:5,19
DA:7,19
DA:9,19
DA:10,23
DA:12,19
DA:17,479
DA:18,479
DA:20,479
DA:23,6
DA:28,479
DA:34,19
DA:36,698
DA:39,484
DA:40,484
DA:41,484
DA:43,484
DA:44,352
DA:45,352
DA:47,352
DA:49,309
DA:50,43
DA:53,20
DA:55,9
DA:58,11
DA:59,2
DA:60,2
DA:64,20
DA:66,23
DA:70,484
DA:72,484
LF:33
LH:33
BRDA:20,0,0,6
BRDA:20,0,1,473
BRDA:24,1,0,1
BRDA:24,1,1,5
BRDA:36,2,0,214
BRDA:36,2,1,270
BRDA:47,3,0,309
BRDA:47,3,1,43
BRDA:50,4,0,20
BRDA:50,4,1,23
BRDA:50,5,0,43
BRDA:50,5,1,23
BRDA:53,6,0,9
BRDA:53,6,1,11
BRDA:58,7,0,2
BRDA:58,7,1,9
BRDA:72,8,0,16
BRDA:72,8,1,468
BRF:18
BRH:18
end_of_record
TN:
SF:/Users/mattperry/Sites/motion/src/motion/utils/valid-prop.ts
FN:59,isValidMotionProp
FNF:1
FNH:1
FNDA:1479,isValidMotionProp
DA:9,18
DA:59,18
DA:60,1479
LF:3
LH:3
BRF:0
BRH:0
end_of_record
TN:
SF:/Users/mattperry/Sites/motion/src/utils/is-ref-object.ts
FN:3,(anonymous_0)
FNF:1
FNH:1
FNDA:210,(anonymous_0)
DA:3,18
DA:4,210
LF:2
LH:2
BRDA:4,0,0,210
BRDA:4,0,1,118
BRF:2
BRH:2
end_of_record
TN:
SF:/Users/mattperry/Sites/motion/src/utils/resolve-value.ts
FN:4,(anonymous_0)
FN:8,(anonymous_1)
FNF:2
FNH:2
FNDA:10,(anonymous_0)
FNDA:306,(anonymous_1)
DA:2,20
DA:4,20
DA:5,10
DA:8,20
DA:10,306
LF:5
LH:5
BRDA:5,0,0,10
BRDA:5,0,1,10
BRDA:5,0,2,8
BRDA:5,0,3,6
BRDA:10,1,0,4
BRDA:10,1,1,302
BRDA:10,2,0,4
BRDA:10,2,1,0
BRF:8
BRH:7
end_of_record
TN:
SF:/Users/mattperry/Sites/motion/src/utils/time-conversion.ts
FN:7,(anonymous_0)
FNF:1
FNH:1
FNDA:285,(anonymous_0)
DA:7,285
LF:1
LH:1
BRF:0
BRH:0
end_of_record
TN:
SF:/Users/mattperry/Sites/motion/src/utils/transform.ts
FN:31,(anonymous_0)
FN:35,(anonymous_1)
FN:153,transform
FNF:3
FNH:3
FNDA:16,(anonymous_0)
FNDA:16,(anonymous_1)
FNDA:16,transform
DA:1,7
DA:31,7
DA:32,16
DA:35,16
DA:153,7
DA:154,76
DA:158,16
DA:159,16
DA:160,16
DA:161,16
DA:162,16
DA:163,16
DA:165,16
DA:170,16
LF:14
LH:14
BRDA:32,0,0,16
BRDA:32,0,1,3
BRDA:35,1,0,1
BRDA:35,1,1,15
BRDA:159,2,0,1
BRDA:159,2,1,15
BRDA:170,3,0,1
BRDA:170,3,1,15
BRF:8
BRH:8
end_of_record
TN:
SF:/Users/mattperry/Sites/motion/src/utils/use-constant.ts
FN:12,useConstant
FNF:1
FNH:1
FNDA:1801,useConstant
DA:1,21
DA:12,21
DA:13,1801
DA:15,1801
DA:16,891
DA:19,1801
LF:6
LH:6
BRDA:15,0,0,891
BRDA:15,0,1,910
BRF:2
BRH:2
end_of_record
TN:
SF:/Users/mattperry/Sites/motion/src/utils/use-cycle.ts
FN:55,useCycle
FN:67,(anonymous_1)
FNF:2
FNH:2
FNDA:9,useCycle
FNDA:7,(anonymous_1)
DA:1,6
DA:2,6
DA:3,6
DA:55,54
DA:57,9
DA:62,9
DA:63,9
DA:65,9
DA:68,7
DA:73,7
LF:10
LH:10
BRDA:70,0,0,6
BRDA:70,0,1,1
BRF:2
BRH:2
end_of_record
TN:
SF:/Users/mattperry/Sites/motion/src/utils/use-inline.ts
FN:5,shallowCompare
FN:33,useInline
FNF:2
FNH:2
FNDA:26,shallowCompare
FNDA:10,useInline
DA:1,19
DA:5,19
DA:6,26
DA:8,23
DA:10,23
DA:12,22
DA:13,37
DA:16,14
DA:33,19
DA:34,10
DA:36,10
DA:37,6
DA:40,10
LF:13
LH:13
BRDA:6,0,0,3
BRDA:6,0,1,23
BRDA:10,1,0,1
BRDA:10,1,1,22
BRDA:13,2,0,8
BRDA:13,2,1,29
BRDA:36,3,0,6
BRDA:36,3,1,4
BRF:8
BRH:8
end_of_record
TN:
SF:/Users/mattperry/Sites/motion/src/utils/use-max-times.ts
FN:12,useMaxTimes
FNF:1
FNH:1
FNDA:494,useMaxTimes
DA:1,20
DA:12,494
DA:13,494
DA:15,494
LF:4
LH:4
BRDA:12,0,0,0
BRDA:12,0,1,494
BRDA:15,1,0,255
BRDA:15,1,1,239
BRF:4
BRH:3
end_of_record
TN:
SF:/Users/mattperry/Sites/motion/src/utils/use-resize.ts
FN:14,useResize
FN:19,(anonymous_1)
FN:22,(anonymous_2)
FNF:3
FNH:2
FNDA:130,useResize
FNDA:130,(anonymous_1)
FNDA:0,(anonymous_2)
DA:1,18
DA:2,18
DA:14,18
DA:18,130
DA:20,130
DA:21,0
DA:22,0
LF:7
LH:5
BRDA:20,0,0,130
BRDA:20,0,1,0
BRDA:20,1,0,130
BRDA:20,1,1,38
BRF:4
BRH:3
end_of_record
TN:
SF:/Users/mattperry/Sites/motion/src/value/index.ts
FN:27,(anonymous_0)
FN:36,(anonymous_1)
FN:135,MotionValue
FN:323,(anonymous_3)
FN:389,(anonymous_4)
FN:401,(anonymous_5)
FN:412,(anonymous_6)
FN:425,(anonymous_7)
FN:151,(anonymous_8)
FN:171,(anonymous_9)
FN:184,(anonymous_10)
FN:188,(anonymous_11)
FN:190,(anonymous_12)
FN:271,(anonymous_13)
FN:284,(anonymous_14)
FN:296,(anonymous_15)
FN:315,(anonymous_16)
FN:356,(anonymous_17)
FN:367,(anonymous_18)
FN:439,(anonymous_19)
FN:442,(anonymous_20)
FN:444,(anonymous_21)
FN:452,(anonymous_22)
FN:462,(anonymous_23)
FN:466,(anonymous_24)
FN:479,(anonymous_25)
FN:490,motionValue
FNF:27
FNH:26
FNDA:589,(anonymous_0)
FNDA:22,(anonymous_1)
FNDA:589,MotionValue
FNDA:3771,(anonymous_3)
FNDA:1780,(anonymous_4)
FNDA:3272,(anonymous_5)
FNDA:3201,(anonymous_6)
FNDA:4,(anonymous_7)
FNDA:10,(anonymous_8)
FNDA:2,(anonymous_9)
FNDA:927,(anonymous_10)
FNDA:1322,(anonymous_11)
FNDA:918,(anonymous_12)
FNDA:469,(anonymous_13)
FNDA:458,(anonymous_14)
FNDA:3,(anonymous_15)
FNDA:3771,(anonymous_16)
FNDA:1899,(anonymous_17)
FNDA:237,(anonymous_18)
FNDA:236,(anonymous_19)
FNDA:236,(anonymous_20)
FNDA:137,(anonymous_21)
FNDA:438,(anonymous_22)
FNDA:0,(anonymous_23)
FNDA:575,(anonymous_24)
FNDA:2,(anonymous_25)
FNDA:535,motionValue
DA:1,22
DA:3,22
DA:27,22
DA:28,589
DA:36,22
DA:56,589
DA:63,589
DA:125,589
DA:135,589
DA:136,589
DA:137,589
DA:138,589
DA:139,589
DA:151,22
DA:152,10
DA:157,10
DA:159,10
DA:161,10
DA:171,22
DA:172,2
DA:173,0
DA:175,2
DA:184,927
DA:188,1322
DA:189,927
DA:190,927
DA:271,22
DA:272,469
DA:273,469
DA:284,22
DA:285,458
DA:287,458
DA:288,458
DA:296,22
DA:297,3
DA:315,6953
DA:316,3771
DA:317,3768
DA:319,3
DA:323,3774
DA:324,3771
DA:325,3771
DA:327,3771
DA:328,2742
DA:331,3771
DA:332,4
DA:335,3771
DA:336,2840
DA:340,3771
DA:342,3771
DA:343,3477
DA:344,3477
DA:345,3477
DA:356,22
DA:357,1899
DA:367,22
DA:369,237
DA:389,589
DA:390,1780
DA:401,3272
DA:412,3201
DA:413,3201
DA:414,414
DA:425,589
DA:439,236
DA:440,236
DA:442,236
DA:443,236
DA:444,137
DA:452,22
DA:453,438
DA:454,438
DA:462,22
DA:463,0
DA:466,22
DA:467,575
DA:479,22
DA:480,2
DA:481,2
DA:482,2
DA:483,2
DA:485,22
DA:490,22
DA:491,535
LF:84
LH:82
BRDA:135,0,0,579
BRDA:135,0,1,10
BRDA:323,1,0,3
BRDA:323,1,1,3768
BRDA:325,2,0,14
BRDA:325,2,1,3757
BRDA:327,3,0,2742
BRDA:327,3,1,1029
BRDA:327,4,0,3771
BRDA:327,4,1,2845
BRDA:331,5,0,4
BRDA:331,5,1,3767
BRDA:335,6,0,2840
BRDA:335,6,1,931
BRDA:335,7,0,3771
BRDA:335,7,1,3182
BRDA:342,8,0,3477
BRDA:342,8,1,294
BRDA:413,9,0,414
BRDA:413,9,1,2787
BRDA:151,10,0,0
BRDA:151,10,1,10
BRDA:157,11,0,8
BRDA:157,11,1,2
BRDA:172,12,0,0
BRDA:172,12,1,2
BRDA:272,13,0,303
BRDA:272,13,1,166
BRDA:285,14,0,298
BRDA:285,14,1,160
BRDA:315,15,0,3182
BRDA:315,15,1,589
BRDA:316,16,0,3768
BRDA:316,16,1,3
BRDA:316,17,0,3771
BRDA:316,17,1,3182
BRDA:371,18,0,228
BRDA:371,18,1,9
BRDA:453,19,0,42
BRDA:453,19,1,396
BRDA:480,20,0,2
BRDA:480,20,1,2
BRDA:481,21,0,2
BRDA:481,21,1,2
BRDA:482,22,0,2
BRDA:482,22,1,2
BRF:46
BRH:44
end_of_record
TN:
SF:/Users/mattperry/Sites/motion/src/value/use-motion-value.ts
FN:33,useMotionValue
FN:34,(anonymous_1)
FNF:2
FNH:2
FNDA:307,useMotionValue
FNDA:150,(anonymous_1)
DA:1,18
DA:2,18
DA:33,18
DA:34,307
LF:4
LH:4
BRF:0
BRH:0
end_of_record
TN:
SF:/Users/mattperry/Sites/motion/src/value/use-on-change.ts
FN:5,useOnChange
FN:10,(anonymous_1)
FNF:2
FNH:2
FNDA:10,useOnChange
FNDA:7,(anonymous_1)
DA:1,6
DA:3,6
DA:5,6
DA:9,10
DA:10,7
LF:5
LH:5
BRDA:10,0,0,6
BRDA:10,0,1,1
BRF:2
BRH:2
end_of_record
TN:
SF:/Users/mattperry/Sites/motion/src/value/use-spring.ts
FN:27,useSpring
FN:34,(anonymous_1)
FN:35,(anonymous_2)
FN:51,(anonymous_3)
FNF:4
FNH:4
FNDA:10,useSpring
FNDA:3,(anonymous_1)
FNDA:3,(anonymous_2)
FNDA:1,(anonymous_3)
DA:1,6
DA:2,6
DA:4,6
DA:5,6
DA:6,6
DA:27,6
DA:29,20
DA:31,10
DA:32,10
DA:34,10
DA:35,3
DA:36,3
DA:37,1
DA:40,3
DA:47,3
DA:51,10
DA:53,10
LF:17
LH:17
BRDA:29,0,0,10
BRDA:29,0,1,0
BRDA:32,1,0,8
BRDA:32,1,1,2
BRDA:36,2,0,1
BRDA:36,2,1,2
BRF:6
BRH:5
end_of_record
TN:
SF:/Users/mattperry/Sites/motion/src/value/use-transform.ts
FN:7,(anonymous_0)
FN:13,(anonymous_1)
FN:116,useTransform
FN:134,(anonymous_3)
FNF:4
FNH:3
FNDA:11,(anonymous_0)
FNDA:0,(anonymous_1)
FNDA:11,useTransform
FNDA:10,(anonymous_3)
DA:2,6
DA:3,6
DA:7,6
DA:10,11
DA:13,6
DA:116,6
DA:122,11
DA:123,11
DA:124,11
DA:126,11
DA:127,2
DA:128,9
DA:129,9
DA:130,9
DA:131,9
DA:134,11
DA:135,10
DA:136,10
DA:137,10
LF:19
LH:19
BRDA:126,0,0,2
BRDA:126,0,1,9
BRDA:128,1,0,9
BRDA:128,1,1,0
BRDA:135,2,0,2
BRDA:135,2,1,8
BRF:6
BRH:5
end_of_record
TN:
SF:/Users/mattperry/Sites/motion/src/value/use-viewport-scroll.ts
FN:15,(anonymous_0)
FN:20,(anonymous_1)
FN:25,(anonymous_2)
FN:103,useViewportScroll
FNF:4
FNH:0
FNDA:0,(anonymous_0)
FNDA:0,(anonymous_1)
FNDA:0,(anonymous_2)
FNDA:0,useViewportScroll
DA:1,5
DA:10,5
DA:11,5
DA:12,5
DA:13,5
DA:15,5
DA:16,0
DA:19,5
DA:20,5
DA:21,0
DA:23,0
DA:25,0
DA:26,0
DA:27,0
DA:30,0
DA:31,0
DA:34,0
DA:39,0
DA:46,0
DA:48,0
DA:49,0
DA:52,5
DA:103,5
DA:104,0
DA:105,0
DA:108,0
LF:26
LH:10
BRDA:16,0,0,0
BRDA:16,0,1,0
BRDA:16,1,0,0
BRDA:16,1,1,0
BRDA:23,2,0,0
BRDA:23,2,1,0
BRDA:104,3,0,0
BRDA:104,3,1,0
BRF:8
BRH:0
end_of_record
TN:
SF:/Users/mattperry/Sites/motion/src/value/utils/is-motion-value.ts
FN:3,(anonymous_0)
FNF:1
FNH:1
FNDA:1044,(anonymous_0)
DA:1,21
DA:3,21
DA:4,1044
LF:3
LH:3
BRF:0
BRH:0
end_of_record
TN:
SF:/Users/mattperry/Sites/motion/src/value/utils/resolve-values.ts
FN:6,(anonymous_0)
FN:6,(anonymous_1)
FN:10,(anonymous_2)
FN:14,(anonymous_3)
FNF:4
FNH:4
FNDA:19,(anonymous_0)
FNDA:485,(anonymous_1)
FNDA:525,(anonymous_2)
FNDA:525,(anonymous_3)
DA:6,19
DA:9,485
DA:10,525
DA:11,485
DA:14,525
LF:5
LH:5
BRF:0
BRH:0
end_of_record
TN:
SF:/Users/mattperry/Sites/motion/src/value/utils/unwrap-value.ts
FN:12,unwrapMotionValue
FNF:1
FNH:1
FNDA:5,unwrapMotionValue
DA:1,6
DA:2,6
DA:12,6
DA:15,5
DA:16,5
LF:5
LH:5
BRDA:15,0,0,2
BRDA:15,0,1,3
BRDA:17,1,0,1
BRDA:17,1,1,4
BRF:4
BRH:4
end_of_record
